15:44:43,366  WARN Oracle9Dialect:60 - The Oracle9Dialect dialect has been deprecated; use either Oracle9iDialect or Oracle10gDialect instead
15:44:43,369  WARN OracleDialect:48 - The OracleDialect dialect has been deprecated; use Oracle8iDialect instead
15:44:44,663 ERROR SchemaExport:386 - Unsuccessful: create table Clientes (id number(19,0) not null, direccion varchar2(255), metodo_pago varchar2(255), primary key (id))
15:44:44,663 ERROR SchemaExport:387 - ORA-01950: no existen privilegios en tablespace 'ALUMNOS'

15:44:44,735 ERROR SchemaExport:386 - Unsuccessful: create table Incidencias (id number(19,0) not null, causa varchar2(255), fecha date, ordenTrabajo_id number(19,0), primary key (id))
15:44:44,756 ERROR SchemaExport:387 - ORA-01950: no existen privilegios en tablespace 'ALUMNOS'

15:44:44,828 ERROR SchemaExport:386 - Unsuccessful: create table OrdenesTrabajo (id number(19,0) not null, fecha date, primary key (id))
15:44:44,828 ERROR SchemaExport:387 - ORA-01950: no existen privilegios en tablespace 'ALUMNOS'

15:44:44,896 ERROR SchemaExport:386 - Unsuccessful: create table OrdenesTrabajo_ProductosOrdenTrabajo (OrdenesTrabajo_id number(19,0) not null, productosOrdenTrabajo_ordenTrabajo_id number(19,0) not null, productosOrdenTrabajo_productoPedido_pedido_id number(19,0) not null, productosOrdenTrabajo_productoPedido_producto_id number(19,0) not null, primary key (OrdenesTrabajo_id, productosOrdenTrabajo_ordenTrabajo_id, productosOrdenTrabajo_productoPedido_pedido_id, productosOrdenTrabajo_productoPedido_producto_id), unique (productosOrdenTrabajo_ordenTrabajo_id, productosOrdenTrabajo_productoPedido_pedido_id, productosOrdenTrabajo_productoPedido_producto_id))
15:44:44,897 ERROR SchemaExport:387 - ORA-00972: el identificador es demasiado largo

15:44:44,975 ERROR SchemaExport:386 - Unsuccessful: create table Paquetes (id number(19,0) not null, destinatario varchar2(255), direccion varchar2(255), primary key (id))
15:44:44,976 ERROR SchemaExport:387 - ORA-01950: no existen privilegios en tablespace 'ALUMNOS'

15:44:45,028 ERROR SchemaExport:386 - Unsuccessful: create table Pedidos (id number(19,0) not null, direccion varchar2(255), estado varchar2(255), fecha date, cliente_id number(19,0), primary key (id))
15:44:45,029 ERROR SchemaExport:387 - Error de E/S: Software caused connection abort: recv failed
15:44:45,029 ERROR SchemaExport:386 - Unsuccessful: create table Productos (id number(19,0) not null, categoria varchar2(255), nombre varchar2(255), posicion varchar2(255), precio double precision not null, primary key (id))
15:44:45,029 ERROR SchemaExport:387 - Conexión cerrada
15:44:45,029 ERROR SchemaExport:386 - Unsuccessful: create table ProductosOrdenTrabajo (unidades_recoger number(10,0), unidades_recogidas number(10,0), ordenTrabajo_id number(19,0), productoPedido_pedido_id number(19,0), productoPedido_producto_id number(19,0) not null, primary key (ordenTrabajo_id, productoPedido_pedido_id, productoPedido_producto_id))
15:44:45,029 ERROR SchemaExport:387 - Conexión cerrada
15:44:45,029 ERROR SchemaExport:386 - Unsuccessful: create table ProductosPaquete (unidades_producto number(10,0), paquete_id number(19,0), productoPedido_pedido_id number(19,0), productoPedido_producto_id number(19,0) not null, primary key (paquete_id, productoPedido_pedido_id, productoPedido_producto_id))
15:44:45,029 ERROR SchemaExport:387 - Conexión cerrada
15:44:45,030 ERROR SchemaExport:386 - Unsuccessful: create table ProductosPedido (cantidad number(10,0) not null, recogidos number(10,0) not null, pedido_id number(19,0), producto_id number(19,0), primary key (pedido_id, producto_id))
15:44:45,030 ERROR SchemaExport:387 - Conexión cerrada
15:44:45,030 ERROR SchemaExport:386 - Unsuccessful: alter table Incidencias add constraint FKBB1D35DA7A559F3F foreign key (ordenTrabajo_id) references OrdenesTrabajo
15:44:45,030 ERROR SchemaExport:387 - Conexión cerrada
15:44:45,030 ERROR SchemaExport:386 - Unsuccessful: alter table OrdenesTrabajo_ProductosOrdenTrabajo add constraint FK52E6F7006556FD92 foreign key (productosOrdenTrabajo_ordenTrabajo_id, productosOrdenTrabajo_productoPedido_pedido_id, productosOrdenTrabajo_productoPedido_producto_id) references ProductosOrdenTrabajo
15:44:45,030 ERROR SchemaExport:387 - Conexión cerrada
15:44:45,030 ERROR SchemaExport:386 - Unsuccessful: alter table OrdenesTrabajo_ProductosOrdenTrabajo add constraint FK52E6F700CBD69FED foreign key (OrdenesTrabajo_id) references OrdenesTrabajo
15:44:45,030 ERROR SchemaExport:387 - Conexión cerrada
15:44:45,031 ERROR SchemaExport:386 - Unsuccessful: alter table Pedidos add constraint FK39FE69AE7DB66195 foreign key (cliente_id) references Clientes
15:44:45,031 ERROR SchemaExport:387 - Conexión cerrada
15:44:45,031 ERROR SchemaExport:386 - Unsuccessful: alter table ProductosOrdenTrabajo add constraint FK4FEC61D0BE96440E foreign key (productoPedido_pedido_id, productoPedido_producto_id) references ProductosPedido
15:44:45,031 ERROR SchemaExport:387 - Conexión cerrada
15:44:45,031 ERROR SchemaExport:386 - Unsuccessful: alter table ProductosOrdenTrabajo add constraint FK4FEC61D07A559F3F foreign key (ordenTrabajo_id) references OrdenesTrabajo
15:44:45,031 ERROR SchemaExport:387 - Conexión cerrada
15:44:45,031 ERROR SchemaExport:386 - Unsuccessful: alter table ProductosPaquete add constraint FK8D478F2EBE96440E foreign key (productoPedido_pedido_id, productoPedido_producto_id) references ProductosPedido
15:44:45,031 ERROR SchemaExport:387 - Conexión cerrada
15:44:45,031 ERROR SchemaExport:386 - Unsuccessful: alter table ProductosPaquete add constraint FK8D478F2EA1F56C35 foreign key (paquete_id) references Paquetes
15:44:45,032 ERROR SchemaExport:387 - Conexión cerrada
15:44:45,032 ERROR SchemaExport:386 - Unsuccessful: alter table ProductosPedido add constraint FK25C93C18784F4EFF foreign key (producto_id) references Productos
15:44:45,032 ERROR SchemaExport:387 - Conexión cerrada
15:44:45,032 ERROR SchemaExport:386 - Unsuccessful: alter table ProductosPedido add constraint FK25C93C184B402224 foreign key (producto_id) references Pedidos
15:44:45,032 ERROR SchemaExport:387 - Conexión cerrada
15:44:45,032 ERROR SchemaExport:386 - Unsuccessful: alter table ProductosPedido add constraint FK25C93C18E0B4D61F foreign key (pedido_id) references Pedidos
15:44:45,032 ERROR SchemaExport:387 - Conexión cerrada
15:44:45,032 ERROR SchemaExport:386 - Unsuccessful: create sequence hibernate_sequence
15:44:45,032 ERROR SchemaExport:387 - Conexión cerrada
15:44:45,091 ERROR JDBCTransaction:91 - JDBC begin failed
java.sql.SQLRecoverableException: Conexión cerrada
	at oracle.jdbc.driver.PhysicalConnection.setAutoCommit(PhysicalConnection.java:3711)
	at org.hibernate.transaction.JDBCTransaction.begin(JDBCTransaction.java:87)
	at org.hibernate.impl.SessionImpl.beginTransaction(SessionImpl.java:1473)
	at org.hibernate.ejb.TransactionImpl.begin(TransactionImpl.java:60)
	at ui.ClasePruebas.main(ClasePruebas.java:13)
15:51:25,679  WARN Oracle9Dialect:60 - The Oracle9Dialect dialect has been deprecated; use either Oracle9iDialect or Oracle10gDialect instead
15:51:25,683  WARN OracleDialect:48 - The OracleDialect dialect has been deprecated; use Oracle8iDialect instead
15:51:26,824 ERROR SchemaExport:386 - Unsuccessful: create table Clientes (id number(19,0) not null, direccion varchar2(255), metodo_pago varchar2(255), primary key (id))
15:51:26,825 ERROR SchemaExport:387 - ORA-01950: no existen privilegios en tablespace 'ALUMNOS'

15:51:26,900 ERROR SchemaExport:386 - Unsuccessful: create table Incidencias (id number(19,0) not null, causa varchar2(255), fecha date, ordenTrabajo_id number(19,0), primary key (id))
15:51:26,900 ERROR SchemaExport:387 - ORA-01950: no existen privilegios en tablespace 'ALUMNOS'

15:51:26,977 ERROR SchemaExport:386 - Unsuccessful: create table OrdenesTrabajo (id number(19,0) not null, fecha date, primary key (id))
15:51:26,977 ERROR SchemaExport:387 - ORA-01950: no existen privilegios en tablespace 'ALUMNOS'

15:51:27,048 ERROR SchemaExport:386 - Unsuccessful: create table OrdenesTrabajo_ProductosOrdenTrabajo (OrdenesTrabajo_id number(19,0) not null, productosOrdenTrabajo_ordenTrabajo_id number(19,0) not null, productosOrdenTrabajo_productoPedido_pedido_id number(19,0) not null, productosOrdenTrabajo_productoPedido_producto_id number(19,0) not null, primary key (OrdenesTrabajo_id, productosOrdenTrabajo_ordenTrabajo_id, productosOrdenTrabajo_productoPedido_pedido_id, productosOrdenTrabajo_productoPedido_producto_id), unique (productosOrdenTrabajo_ordenTrabajo_id, productosOrdenTrabajo_productoPedido_pedido_id, productosOrdenTrabajo_productoPedido_producto_id))
15:51:27,049 ERROR SchemaExport:387 - ORA-00972: el identificador es demasiado largo

15:51:27,123 ERROR SchemaExport:386 - Unsuccessful: create table Paquetes (id number(19,0) not null, destinatario varchar2(255), direccion varchar2(255), primary key (id))
15:51:27,124 ERROR SchemaExport:387 - ORA-01950: no existen privilegios en tablespace 'ALUMNOS'

15:51:27,165 ERROR SchemaExport:386 - Unsuccessful: create table Pedidos (id number(19,0) not null, direccion varchar2(255), estado varchar2(255), fecha date, cliente_id number(19,0), primary key (id))
15:51:27,165 ERROR SchemaExport:387 - Error de E/S: Software caused connection abort: recv failed
15:51:27,165 ERROR SchemaExport:386 - Unsuccessful: create table Productos (id number(19,0) not null, categoria varchar2(255), nombre varchar2(255), posicion varchar2(255), precio double precision not null, primary key (id))
15:51:27,165 ERROR SchemaExport:387 - Conexión cerrada
15:51:27,166 ERROR SchemaExport:386 - Unsuccessful: create table ProductosOrdenTrabajo (unidades_recoger number(10,0), unidades_recogidas number(10,0), ordenTrabajo_id number(19,0), productoPedido_pedido_id number(19,0), productoPedido_producto_id number(19,0) not null, primary key (ordenTrabajo_id, productoPedido_pedido_id, productoPedido_producto_id))
15:51:27,166 ERROR SchemaExport:387 - Conexión cerrada
15:51:27,166 ERROR SchemaExport:386 - Unsuccessful: create table ProductosPaquete (unidades_producto number(10,0), paquete_id number(19,0), productoPedido_pedido_id number(19,0), productoPedido_producto_id number(19,0) not null, primary key (paquete_id, productoPedido_pedido_id, productoPedido_producto_id))
15:51:27,166 ERROR SchemaExport:387 - Conexión cerrada
15:51:27,166 ERROR SchemaExport:386 - Unsuccessful: create table ProductosPedido (cantidad number(10,0) not null, recogidos number(10,0) not null, pedido_id number(19,0), producto_id number(19,0), primary key (pedido_id, producto_id))
15:51:27,166 ERROR SchemaExport:387 - Conexión cerrada
15:51:27,166 ERROR SchemaExport:386 - Unsuccessful: alter table Incidencias add constraint FKBB1D35DA7A559F3F foreign key (ordenTrabajo_id) references OrdenesTrabajo
15:51:27,166 ERROR SchemaExport:387 - Conexión cerrada
15:51:27,166 ERROR SchemaExport:386 - Unsuccessful: alter table OrdenesTrabajo_ProductosOrdenTrabajo add constraint FK52E6F7006556FD92 foreign key (productosOrdenTrabajo_ordenTrabajo_id, productosOrdenTrabajo_productoPedido_pedido_id, productosOrdenTrabajo_productoPedido_producto_id) references ProductosOrdenTrabajo
15:51:27,166 ERROR SchemaExport:387 - Conexión cerrada
15:51:27,167 ERROR SchemaExport:386 - Unsuccessful: alter table OrdenesTrabajo_ProductosOrdenTrabajo add constraint FK52E6F700CBD69FED foreign key (OrdenesTrabajo_id) references OrdenesTrabajo
15:51:27,167 ERROR SchemaExport:387 - Conexión cerrada
15:51:27,167 ERROR SchemaExport:386 - Unsuccessful: alter table Pedidos add constraint FK39FE69AE7DB66195 foreign key (cliente_id) references Clientes
15:51:27,167 ERROR SchemaExport:387 - Conexión cerrada
15:51:27,167 ERROR SchemaExport:386 - Unsuccessful: alter table ProductosOrdenTrabajo add constraint FK4FEC61D0BE96440E foreign key (productoPedido_pedido_id, productoPedido_producto_id) references ProductosPedido
15:51:27,167 ERROR SchemaExport:387 - Conexión cerrada
15:51:27,167 ERROR SchemaExport:386 - Unsuccessful: alter table ProductosOrdenTrabajo add constraint FK4FEC61D07A559F3F foreign key (ordenTrabajo_id) references OrdenesTrabajo
15:51:27,167 ERROR SchemaExport:387 - Conexión cerrada
15:51:27,167 ERROR SchemaExport:386 - Unsuccessful: alter table ProductosPaquete add constraint FK8D478F2EBE96440E foreign key (productoPedido_pedido_id, productoPedido_producto_id) references ProductosPedido
15:51:27,167 ERROR SchemaExport:387 - Conexión cerrada
15:51:27,167 ERROR SchemaExport:386 - Unsuccessful: alter table ProductosPaquete add constraint FK8D478F2EA1F56C35 foreign key (paquete_id) references Paquetes
15:51:27,167 ERROR SchemaExport:387 - Conexión cerrada
15:51:27,168 ERROR SchemaExport:386 - Unsuccessful: alter table ProductosPedido add constraint FK25C93C18784F4EFF foreign key (producto_id) references Productos
15:51:27,168 ERROR SchemaExport:387 - Conexión cerrada
15:51:27,168 ERROR SchemaExport:386 - Unsuccessful: alter table ProductosPedido add constraint FK25C93C184B402224 foreign key (producto_id) references Pedidos
15:51:27,168 ERROR SchemaExport:387 - Conexión cerrada
15:51:27,168 ERROR SchemaExport:386 - Unsuccessful: alter table ProductosPedido add constraint FK25C93C18E0B4D61F foreign key (pedido_id) references Pedidos
15:51:27,168 ERROR SchemaExport:387 - Conexión cerrada
15:51:27,168 ERROR SchemaExport:386 - Unsuccessful: create sequence hibernate_sequence
15:51:27,168 ERROR SchemaExport:387 - Conexión cerrada
15:52:39,440  WARN Oracle9Dialect:60 - The Oracle9Dialect dialect has been deprecated; use either Oracle9iDialect or Oracle10gDialect instead
15:52:39,443  WARN OracleDialect:48 - The OracleDialect dialect has been deprecated; use Oracle8iDialect instead
15:52:40,553 ERROR SchemaExport:386 - Unsuccessful: create table Clientes (id number(19,0) not null, direccion varchar2(255), metodo_pago varchar2(255), primary key (id))
15:52:40,553 ERROR SchemaExport:387 - ORA-01950: no existen privilegios en tablespace 'ALUMNOS'

15:52:40,629 ERROR SchemaExport:386 - Unsuccessful: create table Incidencias (id number(19,0) not null, causa varchar2(255), fecha date, ordenTrabajo_id number(19,0), primary key (id))
15:52:40,630 ERROR SchemaExport:387 - ORA-01950: no existen privilegios en tablespace 'ALUMNOS'

15:52:40,712 ERROR SchemaExport:386 - Unsuccessful: create table OrdenesTrabajo (id number(19,0) not null, fecha date, primary key (id))
15:52:40,712 ERROR SchemaExport:387 - ORA-01950: no existen privilegios en tablespace 'ALUMNOS'

15:52:40,784 ERROR SchemaExport:386 - Unsuccessful: create table OrdenesTrabajo_ProductosOrdenTrabajo (OrdenesTrabajo_id number(19,0) not null, productosOrdenTrabajo_ordenTrabajo_id number(19,0) not null, productosOrdenTrabajo_productoPedido_pedido_id number(19,0) not null, productosOrdenTrabajo_productoPedido_producto_id number(19,0) not null, primary key (OrdenesTrabajo_id, productosOrdenTrabajo_ordenTrabajo_id, productosOrdenTrabajo_productoPedido_pedido_id, productosOrdenTrabajo_productoPedido_producto_id), unique (productosOrdenTrabajo_ordenTrabajo_id, productosOrdenTrabajo_productoPedido_pedido_id, productosOrdenTrabajo_productoPedido_producto_id))
15:52:40,784 ERROR SchemaExport:387 - ORA-00972: el identificador es demasiado largo

15:52:40,856 ERROR SchemaExport:386 - Unsuccessful: create table Paquetes (id number(19,0) not null, destinatario varchar2(255), direccion varchar2(255), primary key (id))
15:52:40,857 ERROR SchemaExport:387 - ORA-01950: no existen privilegios en tablespace 'ALUMNOS'

15:52:40,898 ERROR SchemaExport:386 - Unsuccessful: create table Pedidos (id number(19,0) not null, direccion varchar2(255), estado varchar2(255), fecha date, cliente_id number(19,0), primary key (id))
15:52:40,898 ERROR SchemaExport:387 - Error de E/S: Software caused connection abort: recv failed
15:52:40,898 ERROR SchemaExport:386 - Unsuccessful: create table Productos (id number(19,0) not null, categoria varchar2(255), nombre varchar2(255), posicion varchar2(255), precio double precision not null, primary key (id))
15:52:40,898 ERROR SchemaExport:387 - Conexión cerrada
15:52:40,898 ERROR SchemaExport:386 - Unsuccessful: create table ProductosOrdenTrabajo (unidades_recoger number(10,0), unidades_recogidas number(10,0), ordenTrabajo_id number(19,0), productoPedido_pedido_id number(19,0), productoPedido_producto_id number(19,0) not null, primary key (ordenTrabajo_id, productoPedido_pedido_id, productoPedido_producto_id))
15:52:40,899 ERROR SchemaExport:387 - Conexión cerrada
15:52:40,899 ERROR SchemaExport:386 - Unsuccessful: create table ProductosPaquete (unidades_producto number(10,0), paquete_id number(19,0), productoPedido_pedido_id number(19,0), productoPedido_producto_id number(19,0) not null, primary key (paquete_id, productoPedido_pedido_id, productoPedido_producto_id))
15:52:40,899 ERROR SchemaExport:387 - Conexión cerrada
15:52:40,899 ERROR SchemaExport:386 - Unsuccessful: create table ProductosPedido (cantidad number(10,0) not null, recogidos number(10,0) not null, pedido_id number(19,0), producto_id number(19,0), primary key (pedido_id, producto_id))
15:52:40,899 ERROR SchemaExport:387 - Conexión cerrada
15:52:40,899 ERROR SchemaExport:386 - Unsuccessful: alter table Incidencias add constraint FKBB1D35DA7A559F3F foreign key (ordenTrabajo_id) references OrdenesTrabajo
15:52:40,899 ERROR SchemaExport:387 - Conexión cerrada
15:52:40,899 ERROR SchemaExport:386 - Unsuccessful: alter table OrdenesTrabajo_ProductosOrdenTrabajo add constraint FK52E6F7006556FD92 foreign key (productosOrdenTrabajo_ordenTrabajo_id, productosOrdenTrabajo_productoPedido_pedido_id, productosOrdenTrabajo_productoPedido_producto_id) references ProductosOrdenTrabajo
15:52:40,899 ERROR SchemaExport:387 - Conexión cerrada
15:52:40,899 ERROR SchemaExport:386 - Unsuccessful: alter table OrdenesTrabajo_ProductosOrdenTrabajo add constraint FK52E6F700CBD69FED foreign key (OrdenesTrabajo_id) references OrdenesTrabajo
15:52:40,900 ERROR SchemaExport:387 - Conexión cerrada
15:52:40,900 ERROR SchemaExport:386 - Unsuccessful: alter table Pedidos add constraint FK39FE69AE7DB66195 foreign key (cliente_id) references Clientes
15:52:40,900 ERROR SchemaExport:387 - Conexión cerrada
15:52:40,900 ERROR SchemaExport:386 - Unsuccessful: alter table ProductosOrdenTrabajo add constraint FK4FEC61D0BE96440E foreign key (productoPedido_pedido_id, productoPedido_producto_id) references ProductosPedido
15:52:40,900 ERROR SchemaExport:387 - Conexión cerrada
15:52:40,900 ERROR SchemaExport:386 - Unsuccessful: alter table ProductosOrdenTrabajo add constraint FK4FEC61D07A559F3F foreign key (ordenTrabajo_id) references OrdenesTrabajo
15:52:40,900 ERROR SchemaExport:387 - Conexión cerrada
15:52:40,900 ERROR SchemaExport:386 - Unsuccessful: alter table ProductosPaquete add constraint FK8D478F2EBE96440E foreign key (productoPedido_pedido_id, productoPedido_producto_id) references ProductosPedido
15:52:40,900 ERROR SchemaExport:387 - Conexión cerrada
15:52:40,900 ERROR SchemaExport:386 - Unsuccessful: alter table ProductosPaquete add constraint FK8D478F2EA1F56C35 foreign key (paquete_id) references Paquetes
15:52:40,900 ERROR SchemaExport:387 - Conexión cerrada
15:52:40,900 ERROR SchemaExport:386 - Unsuccessful: alter table ProductosPedido add constraint FK25C93C18784F4EFF foreign key (producto_id) references Productos
15:52:40,900 ERROR SchemaExport:387 - Conexión cerrada
15:52:40,901 ERROR SchemaExport:386 - Unsuccessful: alter table ProductosPedido add constraint FK25C93C184B402224 foreign key (producto_id) references Pedidos
15:52:40,901 ERROR SchemaExport:387 - Conexión cerrada
15:52:40,901 ERROR SchemaExport:386 - Unsuccessful: alter table ProductosPedido add constraint FK25C93C18E0B4D61F foreign key (pedido_id) references Pedidos
15:52:40,901 ERROR SchemaExport:387 - Conexión cerrada
15:52:40,901 ERROR SchemaExport:386 - Unsuccessful: create sequence hibernate_sequence
15:52:40,901 ERROR SchemaExport:387 - Conexión cerrada
15:53:42,381  WARN Oracle9Dialect:60 - The Oracle9Dialect dialect has been deprecated; use either Oracle9iDialect or Oracle10gDialect instead
15:53:42,384  WARN OracleDialect:48 - The OracleDialect dialect has been deprecated; use Oracle8iDialect instead
15:53:56,255 ERROR SchemaUpdate:212 - Unsuccessful: alter table Clientes add id number(19,0) not null
15:53:56,255 ERROR SchemaUpdate:213 - ORA-00942: la tabla o vista no existe

15:53:56,326 ERROR SchemaUpdate:212 - Unsuccessful: alter table Clientes add direccion varchar2(255)
15:53:56,326 ERROR SchemaUpdate:213 - ORA-00942: la tabla o vista no existe

15:53:56,403 ERROR SchemaUpdate:212 - Unsuccessful: alter table Clientes add metodo_pago varchar2(255)
15:53:56,403 ERROR SchemaUpdate:213 - ORA-00942: la tabla o vista no existe

15:53:56,470 ERROR SchemaUpdate:212 - Unsuccessful: create table Incidencias (id number(19,0) not null, causa varchar2(255), fecha date, ordenTrabajo_id number(19,0), primary key (id))
15:53:56,471 ERROR SchemaUpdate:213 - ORA-01950: no existen privilegios en tablespace 'ALUMNOS'

15:53:56,544 ERROR SchemaUpdate:212 - Unsuccessful: create table OrdenesTrabajo (id number(19,0) not null, fecha date, primary key (id))
15:53:56,544 ERROR SchemaUpdate:213 - ORA-01950: no existen privilegios en tablespace 'ALUMNOS'

15:53:56,606 ERROR SchemaUpdate:212 - Unsuccessful: create table OrdenesTrabajo_ProductosOrdenTrabajo (OrdenesTrabajo_id number(19,0) not null, productosOrdenTrabajo_ordenTrabajo_id number(19,0) not null, productosOrdenTrabajo_productoPedido_pedido_id number(19,0) not null, productosOrdenTrabajo_productoPedido_producto_id number(19,0) not null, primary key (OrdenesTrabajo_id, productosOrdenTrabajo_ordenTrabajo_id, productosOrdenTrabajo_productoPedido_pedido_id, productosOrdenTrabajo_productoPedido_producto_id), unique (productosOrdenTrabajo_ordenTrabajo_id, productosOrdenTrabajo_productoPedido_pedido_id, productosOrdenTrabajo_productoPedido_producto_id))
15:53:56,607 ERROR SchemaUpdate:213 - ORA-00972: el identificador es demasiado largo

15:53:56,683 ERROR SchemaUpdate:212 - Unsuccessful: create table Paquetes (id number(19,0) not null, destinatario varchar2(255), direccion varchar2(255), primary key (id))
15:53:56,683 ERROR SchemaUpdate:213 - ORA-01950: no existen privilegios en tablespace 'ALUMNOS'

15:53:56,755 ERROR SchemaUpdate:212 - Unsuccessful: create table Pedidos (id number(19,0) not null, direccion varchar2(255), estado varchar2(255), fecha date, cliente_id number(19,0), primary key (id))
15:53:56,756 ERROR SchemaUpdate:213 - ORA-01950: no existen privilegios en tablespace 'ALUMNOS'

15:53:56,835 ERROR SchemaUpdate:212 - Unsuccessful: create table Productos (id number(19,0) not null, categoria varchar2(255), nombre varchar2(255), posicion varchar2(255), precio double precision not null, primary key (id))
15:53:56,835 ERROR SchemaUpdate:213 - ORA-01950: no existen privilegios en tablespace 'ALUMNOS'

15:53:56,906 ERROR SchemaUpdate:212 - Unsuccessful: create table ProductosOrdenTrabajo (unidades_recoger number(10,0), unidades_recogidas number(10,0), ordenTrabajo_id number(19,0), productoPedido_pedido_id number(19,0), productoPedido_producto_id number(19,0) not null, primary key (ordenTrabajo_id, productoPedido_pedido_id, productoPedido_producto_id))
15:53:56,907 ERROR SchemaUpdate:213 - ORA-01950: no existen privilegios en tablespace 'ALUMNOS'

15:53:56,979 ERROR SchemaUpdate:212 - Unsuccessful: create table ProductosPaquete (unidades_producto number(10,0), paquete_id number(19,0), productoPedido_pedido_id number(19,0), productoPedido_producto_id number(19,0) not null, primary key (paquete_id, productoPedido_pedido_id, productoPedido_producto_id))
15:53:56,979 ERROR SchemaUpdate:213 - ORA-01950: no existen privilegios en tablespace 'ALUMNOS'

15:53:57,055 ERROR SchemaUpdate:212 - Unsuccessful: create table ProductosPedido (cantidad number(10,0) not null, recogidos number(10,0) not null, pedido_id number(19,0), producto_id number(19,0), primary key (pedido_id, producto_id))
15:53:57,055 ERROR SchemaUpdate:213 - ORA-01950: no existen privilegios en tablespace 'ALUMNOS'

15:53:57,135 ERROR SchemaUpdate:212 - Unsuccessful: alter table Incidencias add constraint FKBB1D35DA7A559F3F foreign key (ordenTrabajo_id) references OrdenesTrabajo
15:53:57,135 ERROR SchemaUpdate:213 - ORA-00942: la tabla o vista no existe

15:53:57,198 ERROR SchemaUpdate:212 - Unsuccessful: alter table OrdenesTrabajo_ProductosOrdenTrabajo add constraint FK52E6F7006556FD92 foreign key (productosOrdenTrabajo_ordenTrabajo_id, productosOrdenTrabajo_productoPedido_pedido_id, productosOrdenTrabajo_productoPedido_producto_id) references ProductosOrdenTrabajo
15:53:57,199 ERROR SchemaUpdate:213 - ORA-00972: el identificador es demasiado largo

15:53:57,262 ERROR SchemaUpdate:212 - Unsuccessful: alter table OrdenesTrabajo_ProductosOrdenTrabajo add constraint FK52E6F700CBD69FED foreign key (OrdenesTrabajo_id) references OrdenesTrabajo
15:53:57,262 ERROR SchemaUpdate:213 - ORA-00972: el identificador es demasiado largo

15:53:57,338 ERROR SchemaUpdate:212 - Unsuccessful: alter table Pedidos add constraint FK39FE69AE7DB66195 foreign key (cliente_id) references Clientes
15:53:57,338 ERROR SchemaUpdate:213 - ORA-00942: la tabla o vista no existe

15:53:57,378 ERROR SchemaUpdate:212 - Unsuccessful: alter table ProductosOrdenTrabajo add constraint FK4FEC61D0BE96440E foreign key (productoPedido_pedido_id, productoPedido_producto_id) references ProductosPedido
15:53:57,378 ERROR SchemaUpdate:213 - Error de E/S: Software caused connection abort: recv failed
15:53:57,378 ERROR SchemaUpdate:212 - Unsuccessful: alter table ProductosOrdenTrabajo add constraint FK4FEC61D07A559F3F foreign key (ordenTrabajo_id) references OrdenesTrabajo
15:53:57,378 ERROR SchemaUpdate:213 - Conexión cerrada
15:53:57,378 ERROR SchemaUpdate:212 - Unsuccessful: alter table ProductosPaquete add constraint FK8D478F2EBE96440E foreign key (productoPedido_pedido_id, productoPedido_producto_id) references ProductosPedido
15:53:57,378 ERROR SchemaUpdate:213 - Conexión cerrada
15:53:57,378 ERROR SchemaUpdate:212 - Unsuccessful: alter table ProductosPaquete add constraint FK8D478F2EA1F56C35 foreign key (paquete_id) references Paquetes
15:53:57,378 ERROR SchemaUpdate:213 - Conexión cerrada
15:53:57,378 ERROR SchemaUpdate:212 - Unsuccessful: alter table ProductosPedido add constraint FK25C93C18784F4EFF foreign key (producto_id) references Productos
15:53:57,379 ERROR SchemaUpdate:213 - Conexión cerrada
15:53:57,379 ERROR SchemaUpdate:212 - Unsuccessful: alter table ProductosPedido add constraint FK25C93C184B402224 foreign key (producto_id) references Pedidos
15:53:57,379 ERROR SchemaUpdate:213 - Conexión cerrada
15:53:57,379 ERROR SchemaUpdate:212 - Unsuccessful: alter table ProductosPedido add constraint FK25C93C18E0B4D61F foreign key (pedido_id) references Pedidos
15:53:57,379 ERROR SchemaUpdate:213 - Conexión cerrada
15:53:57,379 ERROR SchemaUpdate:212 - Unsuccessful: create sequence hibernate_sequence
15:53:57,379 ERROR SchemaUpdate:213 - Conexión cerrada
16:08:35,782  WARN Oracle9Dialect:60 - The Oracle9Dialect dialect has been deprecated; use either Oracle9iDialect or Oracle10gDialect instead
16:08:35,787  WARN OracleDialect:48 - The OracleDialect dialect has been deprecated; use Oracle8iDialect instead
16:08:37,856 ERROR SchemaUpdate:212 - Unsuccessful: alter table Clientes add id number(19,0) not null
16:08:37,856 ERROR SchemaUpdate:213 - ORA-00942: la tabla o vista no existe

16:08:37,928 ERROR SchemaUpdate:212 - Unsuccessful: alter table Clientes add direccion varchar2(255)
16:08:37,928 ERROR SchemaUpdate:213 - ORA-00942: la tabla o vista no existe

16:08:37,999 ERROR SchemaUpdate:212 - Unsuccessful: alter table Clientes add metodo_pago varchar2(255)
16:08:38,000 ERROR SchemaUpdate:213 - ORA-00942: la tabla o vista no existe

16:08:38,068 ERROR SchemaUpdate:212 - Unsuccessful: create table Incidencias (id number(19,0) not null, causa varchar2(255), fecha date, ordenTrabajo_id number(19,0), primary key (id))
16:08:38,068 ERROR SchemaUpdate:213 - ORA-01950: no existen privilegios en tablespace 'ALUMNOS'

16:08:38,137 ERROR SchemaUpdate:212 - Unsuccessful: create table OrdenesTrabajo (id number(19,0) not null, fecha date, primary key (id))
16:08:38,138 ERROR SchemaUpdate:213 - ORA-01950: no existen privilegios en tablespace 'ALUMNOS'

16:08:38,205 ERROR SchemaUpdate:212 - Unsuccessful: create table OrdenesTrabajo_ProductosOrdenTrabajo (OrdenesTrabajo_id number(19,0) not null, productosOrdenTrabajo_ordenTrabajo_id number(19,0) not null, productosOrdenTrabajo_productoPedido_pedido_id number(19,0) not null, productosOrdenTrabajo_productoPedido_producto_id number(19,0) not null, primary key (OrdenesTrabajo_id, productosOrdenTrabajo_ordenTrabajo_id, productosOrdenTrabajo_productoPedido_pedido_id, productosOrdenTrabajo_productoPedido_producto_id), unique (productosOrdenTrabajo_ordenTrabajo_id, productosOrdenTrabajo_productoPedido_pedido_id, productosOrdenTrabajo_productoPedido_producto_id))
16:08:38,206 ERROR SchemaUpdate:213 - ORA-00972: el identificador es demasiado largo

16:08:38,286 ERROR SchemaUpdate:212 - Unsuccessful: create table Paquetes (id number(19,0) not null, destinatario varchar2(255), direccion varchar2(255), primary key (id))
16:08:38,286 ERROR SchemaUpdate:213 - ORA-01950: no existen privilegios en tablespace 'ALUMNOS'

16:08:38,361 ERROR SchemaUpdate:212 - Unsuccessful: create table Pedidos (id number(19,0) not null, direccion varchar2(255), estado varchar2(255), fecha date, cliente_id number(19,0), primary key (id))
16:08:38,361 ERROR SchemaUpdate:213 - ORA-01950: no existen privilegios en tablespace 'ALUMNOS'

16:08:38,436 ERROR SchemaUpdate:212 - Unsuccessful: create table Productos (id number(19,0) not null, categoria varchar2(255), nombre varchar2(255), posicion varchar2(255), precio double precision not null, primary key (id))
16:08:38,437 ERROR SchemaUpdate:213 - ORA-01950: no existen privilegios en tablespace 'ALUMNOS'

16:08:38,519 ERROR SchemaUpdate:212 - Unsuccessful: create table ProductosOrdenTrabajo (unidades_recoger number(10,0), unidades_recogidas number(10,0), ordenTrabajo_id number(19,0), productoPedido_pedido_id number(19,0), productoPedido_producto_id number(19,0) not null, primary key (ordenTrabajo_id, productoPedido_pedido_id, productoPedido_producto_id))
16:08:38,519 ERROR SchemaUpdate:213 - ORA-01950: no existen privilegios en tablespace 'ALUMNOS'

16:08:38,593 ERROR SchemaUpdate:212 - Unsuccessful: create table ProductosPaquete (unidades_producto number(10,0), paquete_id number(19,0), productoPedido_pedido_id number(19,0), productoPedido_producto_id number(19,0) not null, primary key (paquete_id, productoPedido_pedido_id, productoPedido_producto_id))
16:08:38,594 ERROR SchemaUpdate:213 - ORA-01950: no existen privilegios en tablespace 'ALUMNOS'

16:08:38,672 ERROR SchemaUpdate:212 - Unsuccessful: create table ProductosPedido (cantidad number(10,0) not null, recogidos number(10,0) not null, pedido_id number(19,0), producto_id number(19,0), primary key (pedido_id, producto_id))
16:08:38,673 ERROR SchemaUpdate:213 - ORA-01950: no existen privilegios en tablespace 'ALUMNOS'

16:08:38,745 ERROR SchemaUpdate:212 - Unsuccessful: alter table Incidencias add constraint FKBB1D35DA7A559F3F foreign key (ordenTrabajo_id) references OrdenesTrabajo
16:08:38,745 ERROR SchemaUpdate:213 - ORA-00942: la tabla o vista no existe

16:08:38,809 ERROR SchemaUpdate:212 - Unsuccessful: alter table OrdenesTrabajo_ProductosOrdenTrabajo add constraint FK52E6F7006556FD92 foreign key (productosOrdenTrabajo_ordenTrabajo_id, productosOrdenTrabajo_productoPedido_pedido_id, productosOrdenTrabajo_productoPedido_producto_id) references ProductosOrdenTrabajo
16:08:38,809 ERROR SchemaUpdate:213 - ORA-00972: el identificador es demasiado largo

16:08:38,877 ERROR SchemaUpdate:212 - Unsuccessful: alter table OrdenesTrabajo_ProductosOrdenTrabajo add constraint FK52E6F700CBD69FED foreign key (OrdenesTrabajo_id) references OrdenesTrabajo
16:08:38,878 ERROR SchemaUpdate:213 - ORA-00972: el identificador es demasiado largo

16:08:38,954 ERROR SchemaUpdate:212 - Unsuccessful: alter table Pedidos add constraint FK39FE69AE7DB66195 foreign key (cliente_id) references Clientes
16:08:38,955 ERROR SchemaUpdate:213 - ORA-00942: la tabla o vista no existe

16:08:38,997 ERROR SchemaUpdate:212 - Unsuccessful: alter table ProductosOrdenTrabajo add constraint FK4FEC61D0BE96440E foreign key (productoPedido_pedido_id, productoPedido_producto_id) references ProductosPedido
16:08:38,997 ERROR SchemaUpdate:213 - Error de E/S: Software caused connection abort: recv failed
16:08:38,998 ERROR SchemaUpdate:212 - Unsuccessful: alter table ProductosOrdenTrabajo add constraint FK4FEC61D07A559F3F foreign key (ordenTrabajo_id) references OrdenesTrabajo
16:08:38,998 ERROR SchemaUpdate:213 - Conexión cerrada
16:08:38,999 ERROR SchemaUpdate:212 - Unsuccessful: alter table ProductosPaquete add constraint FK8D478F2EBE96440E foreign key (productoPedido_pedido_id, productoPedido_producto_id) references ProductosPedido
16:08:38,999 ERROR SchemaUpdate:213 - Conexión cerrada
16:08:39,000 ERROR SchemaUpdate:212 - Unsuccessful: alter table ProductosPaquete add constraint FK8D478F2EA1F56C35 foreign key (paquete_id) references Paquetes
16:08:39,000 ERROR SchemaUpdate:213 - Conexión cerrada
16:08:39,001 ERROR SchemaUpdate:212 - Unsuccessful: alter table ProductosPedido add constraint FK25C93C18784F4EFF foreign key (producto_id) references Productos
16:08:39,001 ERROR SchemaUpdate:213 - Conexión cerrada
16:08:39,002 ERROR SchemaUpdate:212 - Unsuccessful: alter table ProductosPedido add constraint FK25C93C184B402224 foreign key (producto_id) references Pedidos
16:08:39,002 ERROR SchemaUpdate:213 - Conexión cerrada
16:08:39,002 ERROR SchemaUpdate:212 - Unsuccessful: alter table ProductosPedido add constraint FK25C93C18E0B4D61F foreign key (pedido_id) references Pedidos
16:08:39,003 ERROR SchemaUpdate:213 - Conexión cerrada
16:08:39,004 ERROR SchemaUpdate:212 - Unsuccessful: create sequence hibernate_sequence
16:08:39,004 ERROR SchemaUpdate:213 - Conexión cerrada
16:08:39,228  WARN JDBCExceptionReporter:233 - SQL Error: 17008, SQLState: 08003
16:08:39,228 ERROR JDBCExceptionReporter:234 - Conexión cerrada
16:09:58,416  WARN Oracle9Dialect:60 - The Oracle9Dialect dialect has been deprecated; use either Oracle9iDialect or Oracle10gDialect instead
16:09:58,420  WARN OracleDialect:48 - The OracleDialect dialect has been deprecated; use Oracle8iDialect instead
16:09:58,952  WARN JDBCExceptionReporter:233 - SQL Error: 942, SQLState: 42000
16:09:58,952 ERROR JDBCExceptionReporter:234 - ORA-00942: la tabla o vista no existe

15:01:53,540  WARN Oracle9Dialect:60 - The Oracle9Dialect dialect has been deprecated; use either Oracle9iDialect or Oracle10gDialect instead
15:01:53,552  WARN OracleDialect:48 - The OracleDialect dialect has been deprecated; use Oracle8iDialect instead
15:01:54,136  WARN JDBCExceptionReporter:233 - SQL Error: 904, SQLState: 42000
15:01:54,137 ERROR JDBCExceptionReporter:234 - ORA-00904: "PEDIDO0_"."DIRECCION": identificador no válido

15:09:15,210  WARN Oracle9Dialect:60 - The Oracle9Dialect dialect has been deprecated; use either Oracle9iDialect or Oracle10gDialect instead
15:09:15,215  WARN OracleDialect:48 - The OracleDialect dialect has been deprecated; use Oracle8iDialect instead
15:09:15,806  WARN JDBCExceptionReporter:233 - SQL Error: 904, SQLState: 42000
15:09:15,807 ERROR JDBCExceptionReporter:234 - ORA-00904: "PEDIDO0_"."CLIENTE_ID_CLIENTE": identificador no válido

15:16:38,810  WARN Oracle9Dialect:60 - The Oracle9Dialect dialect has been deprecated; use either Oracle9iDialect or Oracle10gDialect instead
15:16:38,814  WARN OracleDialect:48 - The OracleDialect dialect has been deprecated; use Oracle8iDialect instead
15:16:39,358  WARN JDBCExceptionReporter:233 - SQL Error: 904, SQLState: 42000
15:16:39,359 ERROR JDBCExceptionReporter:234 - ORA-00904: "PEDIDO0_"."CLIENTE_ID_CLIENTE": identificador no válido

15:48:12,646  WARN Oracle9Dialect:60 - The Oracle9Dialect dialect has been deprecated; use either Oracle9iDialect or Oracle10gDialect instead
15:48:12,650  WARN OracleDialect:48 - The OracleDialect dialect has been deprecated; use Oracle8iDialect instead
15:48:13,209  WARN JDBCExceptionReporter:233 - SQL Error: 904, SQLState: 42000
15:48:13,209 ERROR JDBCExceptionReporter:234 - ORA-00904: "PEDIDO0_"."CLIENTE_ID_CLIENTE": identificador no válido

16:04:30,551  WARN Oracle9Dialect:60 - The Oracle9Dialect dialect has been deprecated; use either Oracle9iDialect or Oracle10gDialect instead
16:04:30,555  WARN OracleDialect:48 - The OracleDialect dialect has been deprecated; use Oracle8iDialect instead
16:04:31,132  WARN JDBCExceptionReporter:233 - SQL Error: 904, SQLState: 42000
16:04:31,133 ERROR JDBCExceptionReporter:234 - ORA-00904: "PEDIDO0_"."CLIENTE_ID_CLIENTE": identificador no válido

16:11:51,533  WARN Oracle9Dialect:60 - The Oracle9Dialect dialect has been deprecated; use either Oracle9iDialect or Oracle10gDialect instead
16:11:51,537  WARN OracleDialect:48 - The OracleDialect dialect has been deprecated; use Oracle8iDialect instead
16:12:21,319  WARN Oracle9Dialect:60 - The Oracle9Dialect dialect has been deprecated; use either Oracle9iDialect or Oracle10gDialect instead
16:12:21,322  WARN OracleDialect:48 - The OracleDialect dialect has been deprecated; use Oracle8iDialect instead
16:45:35,329  WARN Oracle9Dialect:60 - The Oracle9Dialect dialect has been deprecated; use either Oracle9iDialect or Oracle10gDialect instead
16:45:35,333  WARN OracleDialect:48 - The OracleDialect dialect has been deprecated; use Oracle8iDialect instead
16:50:12,793  WARN Oracle9Dialect:60 - The Oracle9Dialect dialect has been deprecated; use either Oracle9iDialect or Oracle10gDialect instead
16:50:12,796  WARN OracleDialect:48 - The OracleDialect dialect has been deprecated; use Oracle8iDialect instead
16:51:37,514  WARN Oracle9Dialect:60 - The Oracle9Dialect dialect has been deprecated; use either Oracle9iDialect or Oracle10gDialect instead
16:51:37,518  WARN OracleDialect:48 - The OracleDialect dialect has been deprecated; use Oracle8iDialect instead
16:51:38,140  WARN JDBCExceptionReporter:233 - SQL Error: 942, SQLState: 42000
16:51:38,140 ERROR JDBCExceptionReporter:234 - ORA-00942: la tabla o vista no existe

16:57:31,469  WARN Oracle9Dialect:60 - The Oracle9Dialect dialect has been deprecated; use either Oracle9iDialect or Oracle10gDialect instead
16:57:31,474  WARN OracleDialect:48 - The OracleDialect dialect has been deprecated; use Oracle8iDialect instead
16:57:32,108  WARN JDBCExceptionReporter:233 - SQL Error: 942, SQLState: 42000
16:57:32,109 ERROR JDBCExceptionReporter:234 - ORA-00942: la tabla o vista no existe

16:58:51,192  WARN Oracle9Dialect:60 - The Oracle9Dialect dialect has been deprecated; use either Oracle9iDialect or Oracle10gDialect instead
16:58:51,194  WARN OracleDialect:48 - The OracleDialect dialect has been deprecated; use Oracle8iDialect instead
16:58:51,811  WARN JDBCExceptionReporter:233 - SQL Error: 942, SQLState: 42000
16:58:51,811 ERROR JDBCExceptionReporter:234 - ORA-00942: la tabla o vista no existe

16:59:35,493  WARN Oracle9Dialect:60 - The Oracle9Dialect dialect has been deprecated; use either Oracle9iDialect or Oracle10gDialect instead
16:59:35,497  WARN OracleDialect:48 - The OracleDialect dialect has been deprecated; use Oracle8iDialect instead
17:00:03,074  WARN Oracle9Dialect:60 - The Oracle9Dialect dialect has been deprecated; use either Oracle9iDialect or Oracle10gDialect instead
17:00:03,076  WARN OracleDialect:48 - The OracleDialect dialect has been deprecated; use Oracle8iDialect instead
17:00:03,723  WARN JDBCExceptionReporter:233 - SQL Error: 942, SQLState: 42000
17:00:03,723 ERROR JDBCExceptionReporter:234 - ORA-00942: la tabla o vista no existe

17:01:21,225  WARN Oracle9Dialect:60 - The Oracle9Dialect dialect has been deprecated; use either Oracle9iDialect or Oracle10gDialect instead
17:01:21,227  WARN OracleDialect:48 - The OracleDialect dialect has been deprecated; use Oracle8iDialect instead
17:01:21,781  WARN JDBCExceptionReporter:233 - SQL Error: 942, SQLState: 42000
17:01:21,781 ERROR JDBCExceptionReporter:234 - ORA-00942: la tabla o vista no existe

17:03:31,842  WARN Oracle9Dialect:60 - The Oracle9Dialect dialect has been deprecated; use either Oracle9iDialect or Oracle10gDialect instead
17:03:31,844  WARN OracleDialect:48 - The OracleDialect dialect has been deprecated; use Oracle8iDialect instead
17:03:32,452  WARN JDBCExceptionReporter:233 - SQL Error: 942, SQLState: 42000
17:03:32,453 ERROR JDBCExceptionReporter:234 - ORA-00942: la tabla o vista no existe

17:04:32,680  WARN Oracle9Dialect:60 - The Oracle9Dialect dialect has been deprecated; use either Oracle9iDialect or Oracle10gDialect instead
17:04:32,682  WARN OracleDialect:48 - The OracleDialect dialect has been deprecated; use Oracle8iDialect instead
17:04:33,337  WARN JDBCExceptionReporter:233 - SQL Error: 904, SQLState: 42000
17:04:33,337 ERROR JDBCExceptionReporter:234 - ORA-00904: "INCIDENCIA0_"."ID": identificador no válido

17:05:29,870  WARN Oracle9Dialect:60 - The Oracle9Dialect dialect has been deprecated; use either Oracle9iDialect or Oracle10gDialect instead
17:05:29,873  WARN OracleDialect:48 - The OracleDialect dialect has been deprecated; use Oracle8iDialect instead
17:05:30,617  WARN JDBCExceptionReporter:233 - SQL Error: 904, SQLState: 42000
17:05:30,617 ERROR JDBCExceptionReporter:234 - ORA-00904: "PAQUETE0_"."ID": identificador no válido

17:06:16,432  WARN Oracle9Dialect:60 - The Oracle9Dialect dialect has been deprecated; use either Oracle9iDialect or Oracle10gDialect instead
17:06:16,437  WARN OracleDialect:48 - The OracleDialect dialect has been deprecated; use Oracle8iDialect instead
17:06:17,297  WARN JDBCExceptionReporter:233 - SQL Error: 904, SQLState: 42000
17:06:17,298 ERROR JDBCExceptionReporter:234 - ORA-00904: "PRODUCTO0_"."ID_CLIENTE": identificador no válido

17:07:35,622  WARN Oracle9Dialect:60 - The Oracle9Dialect dialect has been deprecated; use either Oracle9iDialect or Oracle10gDialect instead
17:07:35,624  WARN OracleDialect:48 - The OracleDialect dialect has been deprecated; use Oracle8iDialect instead
17:07:36,483  WARN JDBCExceptionReporter:233 - SQL Error: 904, SQLState: 42000
17:07:36,484 ERROR JDBCExceptionReporter:234 - ORA-00904: "PRODUCTO0_"."ID_CLIENTE": identificador no válido

17:08:56,712  WARN Oracle9Dialect:60 - The Oracle9Dialect dialect has been deprecated; use either Oracle9iDialect or Oracle10gDialect instead
17:08:56,716  WARN OracleDialect:48 - The OracleDialect dialect has been deprecated; use Oracle8iDialect instead
17:08:57,650  WARN JDBCExceptionReporter:233 - SQL Error: 972, SQLState: 42000
17:08:57,650 ERROR JDBCExceptionReporter:234 - ORA-00972: el identificador es demasiado largo

17:09:43,133  WARN Oracle9Dialect:60 - The Oracle9Dialect dialect has been deprecated; use either Oracle9iDialect or Oracle10gDialect instead
17:09:43,137  WARN OracleDialect:48 - The OracleDialect dialect has been deprecated; use Oracle8iDialect instead
17:09:44,102  WARN JDBCExceptionReporter:233 - SQL Error: 972, SQLState: 42000
17:09:44,103 ERROR JDBCExceptionReporter:234 - ORA-00972: el identificador es demasiado largo

17:12:36,724  WARN Oracle9Dialect:60 - The Oracle9Dialect dialect has been deprecated; use either Oracle9iDialect or Oracle10gDialect instead
17:12:36,728  WARN OracleDialect:48 - The OracleDialect dialect has been deprecated; use Oracle8iDialect instead
17:12:37,636  WARN JDBCExceptionReporter:233 - SQL Error: 972, SQLState: 42000
17:12:37,636 ERROR JDBCExceptionReporter:234 - ORA-00972: el identificador es demasiado largo

17:15:31,968  WARN Oracle9Dialect:60 - The Oracle9Dialect dialect has been deprecated; use either Oracle9iDialect or Oracle10gDialect instead
17:15:31,972  WARN OracleDialect:48 - The OracleDialect dialect has been deprecated; use Oracle8iDialect instead
17:15:32,946  WARN JDBCExceptionReporter:233 - SQL Error: 972, SQLState: 42000
17:15:32,947 ERROR JDBCExceptionReporter:234 - ORA-00972: el identificador es demasiado largo

17:17:39,877  WARN Oracle9Dialect:60 - The Oracle9Dialect dialect has been deprecated; use either Oracle9iDialect or Oracle10gDialect instead
17:17:39,880  WARN OracleDialect:48 - The OracleDialect dialect has been deprecated; use Oracle8iDialect instead
17:17:40,825  WARN JDBCExceptionReporter:233 - SQL Error: 904, SQLState: 42000
17:17:40,825 ERROR JDBCExceptionReporter:234 - ORA-00904: "PRODUCTOEN0_"."PRODUCTO_ID_PRODUCTO": identificador no válido

17:31:54,870  WARN Oracle9Dialect:60 - The Oracle9Dialect dialect has been deprecated; use either Oracle9iDialect or Oracle10gDialect instead
17:31:54,875  WARN OracleDialect:48 - The OracleDialect dialect has been deprecated; use Oracle8iDialect instead
17:35:18,097  WARN Oracle9Dialect:60 - The Oracle9Dialect dialect has been deprecated; use either Oracle9iDialect or Oracle10gDialect instead
17:35:18,101  WARN OracleDialect:48 - The OracleDialect dialect has been deprecated; use Oracle8iDialect instead
17:35:19,007  WARN JDBCExceptionReporter:233 - SQL Error: 904, SQLState: 42000
17:35:19,007 ERROR JDBCExceptionReporter:234 - ORA-00904: "PRODUCTOEN0_"."PRODUCTOPEDIDO_ID_PRODUCTO": identificador no válido

17:54:18,735  WARN Oracle9Dialect:60 - The Oracle9Dialect dialect has been deprecated; use either Oracle9iDialect or Oracle10gDialect instead
17:54:18,738  WARN OracleDialect:48 - The OracleDialect dialect has been deprecated; use Oracle8iDialect instead
17:55:50,939  WARN Oracle9Dialect:60 - The Oracle9Dialect dialect has been deprecated; use either Oracle9iDialect or Oracle10gDialect instead
17:55:50,944  WARN OracleDialect:48 - The OracleDialect dialect has been deprecated; use Oracle8iDialect instead
17:55:51,868  WARN JDBCExceptionReporter:233 - SQL Error: 904, SQLState: 42000
17:55:51,869 ERROR JDBCExceptionReporter:234 - ORA-00904: "PRODUCTOEN0_"."IDPAQUETE": identificador no válido

17:56:08,741  WARN Oracle9Dialect:60 - The Oracle9Dialect dialect has been deprecated; use either Oracle9iDialect or Oracle10gDialect instead
17:56:08,744  WARN OracleDialect:48 - The OracleDialect dialect has been deprecated; use Oracle8iDialect instead
18:16:19,888  WARN Oracle9Dialect:60 - The Oracle9Dialect dialect has been deprecated; use either Oracle9iDialect or Oracle10gDialect instead
18:16:19,892  WARN OracleDialect:48 - The OracleDialect dialect has been deprecated; use Oracle8iDialect instead
18:17:00,351  WARN Oracle9Dialect:60 - The Oracle9Dialect dialect has been deprecated; use either Oracle9iDialect or Oracle10gDialect instead
18:17:00,355  WARN OracleDialect:48 - The OracleDialect dialect has been deprecated; use Oracle8iDialect instead
18:17:21,614  WARN Oracle9Dialect:60 - The Oracle9Dialect dialect has been deprecated; use either Oracle9iDialect or Oracle10gDialect instead
18:17:21,616  WARN OracleDialect:48 - The OracleDialect dialect has been deprecated; use Oracle8iDialect instead
21:27:07,069  WARN SettingsFactory:147 - Could not obtain connection to query metadata
java.sql.SQLRecoverableException: Error de E/S: Connection reset
	at oracle.jdbc.driver.T4CConnection.logon(T4CConnection.java:428)
	at oracle.jdbc.driver.PhysicalConnection.<init>(PhysicalConnection.java:536)
	at oracle.jdbc.driver.T4CConnection.<init>(T4CConnection.java:228)
	at oracle.jdbc.driver.T4CDriverExtension.getConnection(T4CDriverExtension.java:32)
	at oracle.jdbc.driver.OracleDriver.connect(OracleDriver.java:521)
	at java.sql.DriverManager.getConnection(Unknown Source)
	at java.sql.DriverManager.getConnection(Unknown Source)
	at org.hibernate.connection.DriverManagerConnectionProvider.getConnection(DriverManagerConnectionProvider.java:133)
	at org.hibernate.cfg.SettingsFactory.buildSettings(SettingsFactory.java:114)
	at org.hibernate.cfg.Configuration.buildSettingsInternal(Configuration.java:2833)
	at org.hibernate.cfg.Configuration.buildSettings(Configuration.java:2829)
	at org.hibernate.cfg.Configuration.buildSessionFactory(Configuration.java:1840)
	at org.hibernate.ejb.Ejb3Configuration.buildEntityManagerFactory(Ejb3Configuration.java:902)
	at org.hibernate.ejb.HibernatePersistence.createEntityManagerFactory(HibernatePersistence.java:57)
	at javax.persistence.Persistence.createEntityManagerFactory(Persistence.java:48)
	at javax.persistence.Persistence.createEntityManagerFactory(Persistence.java:32)
	at persistence.util.Jpa.getEmf(Jpa.java:35)
	at persistence.util.Jpa.createEntityManager(Jpa.java:23)
	at business.impl.CommandExecutor.execute(CommandExecutor.java:11)
	at business.impl.EmpaquetadoServiceImpl.getListaProductosOrdenTrabajo(EmpaquetadoServiceImpl.java:19)
	at ui.empaquetado.EmpaquetadoProductos.inicializar(EmpaquetadoProductos.java:87)
	at ui.empaquetado.EmpaquetadoProductos.<init>(EmpaquetadoProductos.java:65)
	at ui.empaquetado.EmpaquetadoProductos$1.run(EmpaquetadoProductos.java:50)
	at java.awt.event.InvocationEvent.dispatch(Unknown Source)
	at java.awt.EventQueue.dispatchEventImpl(Unknown Source)
	at java.awt.EventQueue.access$500(Unknown Source)
	at java.awt.EventQueue$3.run(Unknown Source)
	at java.awt.EventQueue$3.run(Unknown Source)
	at java.security.AccessController.doPrivileged(Native Method)
	at java.security.ProtectionDomain$JavaSecurityAccessImpl.doIntersectionPrivilege(Unknown Source)
	at java.awt.EventQueue.dispatchEvent(Unknown Source)
	at java.awt.EventDispatchThread.pumpOneEventForFilters(Unknown Source)
	at java.awt.EventDispatchThread.pumpEventsForFilter(Unknown Source)
	at java.awt.EventDispatchThread.pumpEventsForHierarchy(Unknown Source)
	at java.awt.EventDispatchThread.pumpEvents(Unknown Source)
	at java.awt.EventDispatchThread.pumpEvents(Unknown Source)
	at java.awt.EventDispatchThread.run(Unknown Source)
Caused by: java.net.SocketException: Connection reset
	at java.net.SocketInputStream.read(Unknown Source)
	at java.net.SocketInputStream.read(Unknown Source)
	at oracle.net.ns.Packet.receive(Packet.java:283)
	at oracle.net.ns.NSProtocol.connect(NSProtocol.java:287)
	at oracle.jdbc.driver.T4CConnection.connect(T4CConnection.java:1054)
	at oracle.jdbc.driver.T4CConnection.logon(T4CConnection.java:308)
	... 36 more
21:27:07,108  WARN Oracle9Dialect:60 - The Oracle9Dialect dialect has been deprecated; use either Oracle9iDialect or Oracle10gDialect instead
21:27:07,109  WARN OracleDialect:48 - The OracleDialect dialect has been deprecated; use Oracle8iDialect instead
21:27:18,028  WARN SettingsFactory:147 - Could not obtain connection to query metadata
java.sql.SQLRecoverableException: Error de E/S: Connection reset
	at oracle.jdbc.driver.T4CConnection.logon(T4CConnection.java:428)
	at oracle.jdbc.driver.PhysicalConnection.<init>(PhysicalConnection.java:536)
	at oracle.jdbc.driver.T4CConnection.<init>(T4CConnection.java:228)
	at oracle.jdbc.driver.T4CDriverExtension.getConnection(T4CDriverExtension.java:32)
	at oracle.jdbc.driver.OracleDriver.connect(OracleDriver.java:521)
	at java.sql.DriverManager.getConnection(Unknown Source)
	at java.sql.DriverManager.getConnection(Unknown Source)
	at org.hibernate.connection.DriverManagerConnectionProvider.getConnection(DriverManagerConnectionProvider.java:133)
	at org.hibernate.cfg.SettingsFactory.buildSettings(SettingsFactory.java:114)
	at org.hibernate.cfg.Configuration.buildSettingsInternal(Configuration.java:2833)
	at org.hibernate.cfg.Configuration.buildSettings(Configuration.java:2829)
	at org.hibernate.cfg.Configuration.buildSessionFactory(Configuration.java:1840)
	at org.hibernate.ejb.Ejb3Configuration.buildEntityManagerFactory(Ejb3Configuration.java:902)
	at org.hibernate.ejb.HibernatePersistence.createEntityManagerFactory(HibernatePersistence.java:57)
	at javax.persistence.Persistence.createEntityManagerFactory(Persistence.java:48)
	at javax.persistence.Persistence.createEntityManagerFactory(Persistence.java:32)
	at persistence.util.Jpa.getEmf(Jpa.java:35)
	at persistence.util.Jpa.createEntityManager(Jpa.java:23)
	at business.impl.CommandExecutor.execute(CommandExecutor.java:11)
	at business.impl.EmpaquetadoServiceImpl.getListaProductosOrdenTrabajo(EmpaquetadoServiceImpl.java:19)
	at ui.empaquetado.EmpaquetadoProductos.inicializar(EmpaquetadoProductos.java:86)
	at ui.empaquetado.EmpaquetadoProductos.<init>(EmpaquetadoProductos.java:64)
	at ui.empaquetado.EmpaquetadoProductos$1.run(EmpaquetadoProductos.java:49)
	at java.awt.event.InvocationEvent.dispatch(Unknown Source)
	at java.awt.EventQueue.dispatchEventImpl(Unknown Source)
	at java.awt.EventQueue.access$500(Unknown Source)
	at java.awt.EventQueue$3.run(Unknown Source)
	at java.awt.EventQueue$3.run(Unknown Source)
	at java.security.AccessController.doPrivileged(Native Method)
	at java.security.ProtectionDomain$JavaSecurityAccessImpl.doIntersectionPrivilege(Unknown Source)
	at java.awt.EventQueue.dispatchEvent(Unknown Source)
	at java.awt.EventDispatchThread.pumpOneEventForFilters(Unknown Source)
	at java.awt.EventDispatchThread.pumpEventsForFilter(Unknown Source)
	at java.awt.EventDispatchThread.pumpEventsForHierarchy(Unknown Source)
	at java.awt.EventDispatchThread.pumpEvents(Unknown Source)
	at java.awt.EventDispatchThread.pumpEvents(Unknown Source)
	at java.awt.EventDispatchThread.run(Unknown Source)
Caused by: java.net.SocketException: Connection reset
	at java.net.SocketInputStream.read(Unknown Source)
	at java.net.SocketInputStream.read(Unknown Source)
	at oracle.net.ns.Packet.receive(Packet.java:283)
	at oracle.net.ns.NSProtocol.connect(NSProtocol.java:287)
	at oracle.jdbc.driver.T4CConnection.connect(T4CConnection.java:1054)
	at oracle.jdbc.driver.T4CConnection.logon(T4CConnection.java:308)
	... 36 more
21:27:18,076  WARN Oracle9Dialect:60 - The Oracle9Dialect dialect has been deprecated; use either Oracle9iDialect or Oracle10gDialect instead
21:27:18,078  WARN OracleDialect:48 - The OracleDialect dialect has been deprecated; use Oracle8iDialect instead
21:27:26,693  WARN JDBCExceptionReporter:233 - SQL Error: 17002, SQLState: 08006
21:27:26,694 ERROR JDBCExceptionReporter:234 - Error de E/S: Connection reset
21:27:37,687  WARN JDBCExceptionReporter:233 - SQL Error: 17002, SQLState: 08006
21:27:37,688 ERROR JDBCExceptionReporter:234 - Error de E/S: Connection reset
21:27:53,402  WARN Oracle9Dialect:60 - The Oracle9Dialect dialect has been deprecated; use either Oracle9iDialect or Oracle10gDialect instead
21:27:53,404  WARN OracleDialect:48 - The OracleDialect dialect has been deprecated; use Oracle8iDialect instead
21:30:00,005  WARN Oracle9Dialect:60 - The Oracle9Dialect dialect has been deprecated; use either Oracle9iDialect or Oracle10gDialect instead
21:30:00,009  WARN OracleDialect:48 - The OracleDialect dialect has been deprecated; use Oracle8iDialect instead
13:59:35,842  WARN Oracle9Dialect:60 - The Oracle9Dialect dialect has been deprecated; use either Oracle9iDialect or Oracle10gDialect instead
13:59:35,855  WARN OracleDialect:48 - The OracleDialect dialect has been deprecated; use Oracle8iDialect instead
14:04:36,797  WARN Oracle9Dialect:60 - The Oracle9Dialect dialect has been deprecated; use either Oracle9iDialect or Oracle10gDialect instead
14:04:36,801  WARN OracleDialect:48 - The OracleDialect dialect has been deprecated; use Oracle8iDialect instead
14:04:37,315  WARN JDBCExceptionReporter:233 - SQL Error: 2289, SQLState: 42000
14:04:37,316 ERROR JDBCExceptionReporter:234 - ORA-02289: no existe la secuencia

14:17:48,715  WARN Oracle9Dialect:60 - The Oracle9Dialect dialect has been deprecated; use either Oracle9iDialect or Oracle10gDialect instead
14:17:48,718  WARN OracleDialect:48 - The OracleDialect dialect has been deprecated; use Oracle8iDialect instead
14:17:49,197  WARN JDBCExceptionReporter:233 - SQL Error: 2289, SQLState: 42000
14:17:49,198 ERROR JDBCExceptionReporter:234 - ORA-02289: no existe la secuencia

14:18:08,048  WARN Oracle9Dialect:60 - The Oracle9Dialect dialect has been deprecated; use either Oracle9iDialect or Oracle10gDialect instead
14:18:08,052  WARN OracleDialect:48 - The OracleDialect dialect has been deprecated; use Oracle8iDialect instead
14:18:08,591  WARN JDBCExceptionReporter:233 - SQL Error: 2289, SQLState: 42000
14:18:08,591 ERROR JDBCExceptionReporter:234 - ORA-02289: no existe la secuencia

14:38:34,003  WARN Oracle9Dialect:60 - The Oracle9Dialect dialect has been deprecated; use either Oracle9iDialect or Oracle10gDialect instead
14:38:34,007  WARN OracleDialect:48 - The OracleDialect dialect has been deprecated; use Oracle8iDialect instead
14:38:34,500  WARN JDBCExceptionReporter:233 - SQL Error: 2289, SQLState: 42000
14:38:34,501 ERROR JDBCExceptionReporter:234 - ORA-02289: no existe la secuencia

14:39:26,469  WARN Oracle9Dialect:60 - The Oracle9Dialect dialect has been deprecated; use either Oracle9iDialect or Oracle10gDialect instead
14:39:26,472  WARN OracleDialect:48 - The OracleDialect dialect has been deprecated; use Oracle8iDialect instead
14:39:26,981  WARN JDBCExceptionReporter:233 - SQL Error: 2289, SQLState: 42000
14:39:26,982 ERROR JDBCExceptionReporter:234 - ORA-02289: no existe la secuencia

15:20:14,025  WARN Oracle9Dialect:60 - The Oracle9Dialect dialect has been deprecated; use either Oracle9iDialect or Oracle10gDialect instead
15:20:14,028  WARN OracleDialect:48 - The OracleDialect dialect has been deprecated; use Oracle8iDialect instead
15:47:22,139  WARN Oracle9Dialect:60 - The Oracle9Dialect dialect has been deprecated; use either Oracle9iDialect or Oracle10gDialect instead
15:47:22,141  WARN OracleDialect:48 - The OracleDialect dialect has been deprecated; use Oracle8iDialect instead
18:40:51,842  WARN Oracle9Dialect:60 - The Oracle9Dialect dialect has been deprecated; use either Oracle9iDialect or Oracle10gDialect instead
18:40:51,880  WARN OracleDialect:48 - The OracleDialect dialect has been deprecated; use Oracle8iDialect instead
18:45:21,991  WARN Oracle9Dialect:60 - The Oracle9Dialect dialect has been deprecated; use either Oracle9iDialect or Oracle10gDialect instead
18:45:21,994  WARN OracleDialect:48 - The OracleDialect dialect has been deprecated; use Oracle8iDialect instead
18:47:04,443  WARN Oracle9Dialect:60 - The Oracle9Dialect dialect has been deprecated; use either Oracle9iDialect or Oracle10gDialect instead
18:47:04,447  WARN OracleDialect:48 - The OracleDialect dialect has been deprecated; use Oracle8iDialect instead
18:59:04,988  WARN Oracle9Dialect:60 - The Oracle9Dialect dialect has been deprecated; use either Oracle9iDialect or Oracle10gDialect instead
18:59:04,991  WARN OracleDialect:48 - The OracleDialect dialect has been deprecated; use Oracle8iDialect instead
18:59:52,783  WARN Oracle9Dialect:60 - The Oracle9Dialect dialect has been deprecated; use either Oracle9iDialect or Oracle10gDialect instead
18:59:52,788  WARN OracleDialect:48 - The OracleDialect dialect has been deprecated; use Oracle8iDialect instead
19:31:58,289  WARN Oracle9Dialect:60 - The Oracle9Dialect dialect has been deprecated; use either Oracle9iDialect or Oracle10gDialect instead
19:31:58,292  WARN OracleDialect:48 - The OracleDialect dialect has been deprecated; use Oracle8iDialect instead
19:32:38,671  WARN Oracle9Dialect:60 - The Oracle9Dialect dialect has been deprecated; use either Oracle9iDialect or Oracle10gDialect instead
19:32:38,675  WARN OracleDialect:48 - The OracleDialect dialect has been deprecated; use Oracle8iDialect instead
19:32:53,590  WARN Oracle9Dialect:60 - The Oracle9Dialect dialect has been deprecated; use either Oracle9iDialect or Oracle10gDialect instead
19:32:53,594  WARN OracleDialect:48 - The OracleDialect dialect has been deprecated; use Oracle8iDialect instead
19:35:14,164  WARN Oracle9Dialect:60 - The Oracle9Dialect dialect has been deprecated; use either Oracle9iDialect or Oracle10gDialect instead
19:35:14,168  WARN OracleDialect:48 - The OracleDialect dialect has been deprecated; use Oracle8iDialect instead
19:35:57,335  WARN Oracle9Dialect:60 - The Oracle9Dialect dialect has been deprecated; use either Oracle9iDialect or Oracle10gDialect instead
19:35:57,339  WARN OracleDialect:48 - The OracleDialect dialect has been deprecated; use Oracle8iDialect instead
19:42:37,321  WARN Oracle9Dialect:60 - The Oracle9Dialect dialect has been deprecated; use either Oracle9iDialect or Oracle10gDialect instead
19:42:37,326  WARN OracleDialect:48 - The OracleDialect dialect has been deprecated; use Oracle8iDialect instead
19:42:38,011  WARN JDBCExceptionReporter:233 - SQL Error: 972, SQLState: 42000
19:42:38,011 ERROR JDBCExceptionReporter:234 - ORA-00972: el identificador es demasiado largo

19:43:19,996  WARN Oracle9Dialect:60 - The Oracle9Dialect dialect has been deprecated; use either Oracle9iDialect or Oracle10gDialect instead
19:43:20,000  WARN OracleDialect:48 - The OracleDialect dialect has been deprecated; use Oracle8iDialect instead
19:45:10,572  WARN JDBCExceptionReporter:233 - SQL Error: 972, SQLState: 42000
19:45:10,577 ERROR JDBCExceptionReporter:234 - ORA-00972: el identificador es demasiado largo

20:14:02,622  WARN Oracle9Dialect:60 - The Oracle9Dialect dialect has been deprecated; use either Oracle9iDialect or Oracle10gDialect instead
20:14:02,626  WARN OracleDialect:48 - The OracleDialect dialect has been deprecated; use Oracle8iDialect instead
20:14:03,283  WARN JDBCExceptionReporter:233 - SQL Error: 972, SQLState: 42000
20:14:03,283 ERROR JDBCExceptionReporter:234 - ORA-00972: el identificador es demasiado largo

20:17:28,988  WARN Oracle9Dialect:60 - The Oracle9Dialect dialect has been deprecated; use either Oracle9iDialect or Oracle10gDialect instead
20:17:28,991  WARN OracleDialect:48 - The OracleDialect dialect has been deprecated; use Oracle8iDialect instead
20:17:29,671  WARN JDBCExceptionReporter:233 - SQL Error: 972, SQLState: 42000
20:17:29,671 ERROR JDBCExceptionReporter:234 - ORA-00972: el identificador es demasiado largo

20:26:11,557  WARN Oracle9Dialect:60 - The Oracle9Dialect dialect has been deprecated; use either Oracle9iDialect or Oracle10gDialect instead
20:26:11,560  WARN OracleDialect:48 - The OracleDialect dialect has been deprecated; use Oracle8iDialect instead
20:26:12,250  WARN JDBCExceptionReporter:233 - SQL Error: 972, SQLState: 42000
20:26:12,250 ERROR JDBCExceptionReporter:234 - ORA-00972: el identificador es demasiado largo

20:26:37,777  WARN Oracle9Dialect:60 - The Oracle9Dialect dialect has been deprecated; use either Oracle9iDialect or Oracle10gDialect instead
20:26:37,782  WARN OracleDialect:48 - The OracleDialect dialect has been deprecated; use Oracle8iDialect instead
20:27:08,719  WARN JDBCExceptionReporter:233 - SQL Error: 972, SQLState: 42000
20:27:08,720 ERROR JDBCExceptionReporter:234 - ORA-00972: el identificador es demasiado largo

20:27:09,280  WARN JDBCExceptionReporter:233 - SQL Error: 972, SQLState: 42000
20:27:09,281 ERROR JDBCExceptionReporter:234 - ORA-00972: el identificador es demasiado largo

20:27:09,773  WARN JDBCExceptionReporter:233 - SQL Error: 972, SQLState: 42000
20:27:09,774 ERROR JDBCExceptionReporter:234 - ORA-00972: el identificador es demasiado largo

20:27:32,823  WARN JDBCExceptionReporter:233 - SQL Error: 972, SQLState: 42000
20:27:32,827 ERROR JDBCExceptionReporter:234 - ORA-00972: el identificador es demasiado largo

20:29:09,478  WARN Oracle9Dialect:60 - The Oracle9Dialect dialect has been deprecated; use either Oracle9iDialect or Oracle10gDialect instead
20:29:09,481  WARN OracleDialect:48 - The OracleDialect dialect has been deprecated; use Oracle8iDialect instead
20:29:10,297  WARN JDBCExceptionReporter:233 - SQL Error: 972, SQLState: 42000
20:29:10,298 ERROR JDBCExceptionReporter:234 - ORA-00972: el identificador es demasiado largo

20:31:47,994  WARN Oracle9Dialect:60 - The Oracle9Dialect dialect has been deprecated; use either Oracle9iDialect or Oracle10gDialect instead
20:31:47,999  WARN OracleDialect:48 - The OracleDialect dialect has been deprecated; use Oracle8iDialect instead
20:31:48,846  WARN JDBCExceptionReporter:233 - SQL Error: 972, SQLState: 42000
20:31:48,846 ERROR JDBCExceptionReporter:234 - ORA-00972: el identificador es demasiado largo

20:31:48,846  WARN JDBCExceptionReporter:233 - SQL Error: 972, SQLState: 42000
20:31:48,847 ERROR JDBCExceptionReporter:234 - ORA-00972: el identificador es demasiado largo

20:31:48,872 ERROR AbstractFlushingEventListener:324 - Could not synchronize database state with session
org.hibernate.exception.SQLGrammarException: Could not execute JDBC batch update
	at org.hibernate.exception.SQLStateConverter.convert(SQLStateConverter.java:92)
	at org.hibernate.exception.JDBCExceptionHelper.convert(JDBCExceptionHelper.java:66)
	at org.hibernate.jdbc.AbstractBatcher.executeBatch(AbstractBatcher.java:275)
	at org.hibernate.engine.ActionQueue.executeActions(ActionQueue.java:268)
	at org.hibernate.engine.ActionQueue.executeActions(ActionQueue.java:188)
	at org.hibernate.event.def.AbstractFlushingEventListener.performExecutions(AbstractFlushingEventListener.java:321)
	at org.hibernate.event.def.DefaultFlushEventListener.onFlush(DefaultFlushEventListener.java:51)
	at org.hibernate.impl.SessionImpl.flush(SessionImpl.java:1216)
	at org.hibernate.impl.SessionImpl.managedFlush(SessionImpl.java:383)
	at org.hibernate.transaction.JDBCTransaction.commit(JDBCTransaction.java:133)
	at org.hibernate.ejb.TransactionImpl.commit(TransactionImpl.java:76)
	at test.ClasePruebas.main(ClasePruebas.java:36)
Caused by: java.sql.BatchUpdateException: ORA-00972: el identificador es demasiado largo

	at oracle.jdbc.driver.OraclePreparedStatement.executeBatch(OraclePreparedStatement.java:10296)
	at oracle.jdbc.driver.OracleStatementWrapper.executeBatch(OracleStatementWrapper.java:216)
	at org.hibernate.jdbc.BatchingBatcher.doExecuteBatch(BatchingBatcher.java:70)
	at org.hibernate.jdbc.AbstractBatcher.executeBatch(AbstractBatcher.java:268)
	... 9 more
20:32:49,536  WARN Oracle9Dialect:60 - The Oracle9Dialect dialect has been deprecated; use either Oracle9iDialect or Oracle10gDialect instead
20:32:49,541  WARN OracleDialect:48 - The OracleDialect dialect has been deprecated; use Oracle8iDialect instead
20:32:50,340  WARN JDBCExceptionReporter:233 - SQL Error: 972, SQLState: 42000
20:32:50,341 ERROR JDBCExceptionReporter:234 - ORA-00972: el identificador es demasiado largo

20:32:50,341  WARN JDBCExceptionReporter:233 - SQL Error: 972, SQLState: 42000
20:32:50,341 ERROR JDBCExceptionReporter:234 - ORA-00972: el identificador es demasiado largo

20:32:50,342 ERROR AbstractFlushingEventListener:324 - Could not synchronize database state with session
org.hibernate.exception.SQLGrammarException: Could not execute JDBC batch update
	at org.hibernate.exception.SQLStateConverter.convert(SQLStateConverter.java:92)
	at org.hibernate.exception.JDBCExceptionHelper.convert(JDBCExceptionHelper.java:66)
	at org.hibernate.jdbc.AbstractBatcher.executeBatch(AbstractBatcher.java:275)
	at org.hibernate.engine.ActionQueue.executeActions(ActionQueue.java:268)
	at org.hibernate.engine.ActionQueue.executeActions(ActionQueue.java:188)
	at org.hibernate.event.def.AbstractFlushingEventListener.performExecutions(AbstractFlushingEventListener.java:321)
	at org.hibernate.event.def.DefaultFlushEventListener.onFlush(DefaultFlushEventListener.java:51)
	at org.hibernate.impl.SessionImpl.flush(SessionImpl.java:1216)
	at org.hibernate.impl.SessionImpl.managedFlush(SessionImpl.java:383)
	at org.hibernate.transaction.JDBCTransaction.commit(JDBCTransaction.java:133)
	at org.hibernate.ejb.TransactionImpl.commit(TransactionImpl.java:76)
	at test.ClasePruebas.main(ClasePruebas.java:36)
Caused by: java.sql.BatchUpdateException: ORA-00972: el identificador es demasiado largo

	at oracle.jdbc.driver.OraclePreparedStatement.executeBatch(OraclePreparedStatement.java:10296)
	at oracle.jdbc.driver.OracleStatementWrapper.executeBatch(OracleStatementWrapper.java:216)
	at org.hibernate.jdbc.BatchingBatcher.doExecuteBatch(BatchingBatcher.java:70)
	at org.hibernate.jdbc.AbstractBatcher.executeBatch(AbstractBatcher.java:268)
	... 9 more
20:35:17,821  WARN Oracle9Dialect:60 - The Oracle9Dialect dialect has been deprecated; use either Oracle9iDialect or Oracle10gDialect instead
20:35:17,824  WARN OracleDialect:48 - The OracleDialect dialect has been deprecated; use Oracle8iDialect instead
20:35:18,531  WARN JDBCExceptionReporter:233 - SQL Error: 972, SQLState: 42000
20:35:18,531 ERROR JDBCExceptionReporter:234 - ORA-00972: el identificador es demasiado largo

20:53:50,975  WARN Oracle9Dialect:60 - The Oracle9Dialect dialect has been deprecated; use either Oracle9iDialect or Oracle10gDialect instead
20:53:50,979  WARN OracleDialect:48 - The OracleDialect dialect has been deprecated; use Oracle8iDialect instead
20:53:51,610  WARN JDBCExceptionReporter:233 - SQL Error: 972, SQLState: 42000
20:53:51,610 ERROR JDBCExceptionReporter:234 - ORA-00972: el identificador es demasiado largo

20:56:12,382  WARN Oracle9Dialect:60 - The Oracle9Dialect dialect has been deprecated; use either Oracle9iDialect or Oracle10gDialect instead
20:56:12,385  WARN OracleDialect:48 - The OracleDialect dialect has been deprecated; use Oracle8iDialect instead
20:56:51,392  WARN Oracle9Dialect:60 - The Oracle9Dialect dialect has been deprecated; use either Oracle9iDialect or Oracle10gDialect instead
20:56:51,396  WARN OracleDialect:48 - The OracleDialect dialect has been deprecated; use Oracle8iDialect instead
20:58:21,767  WARN Oracle9Dialect:60 - The Oracle9Dialect dialect has been deprecated; use either Oracle9iDialect or Oracle10gDialect instead
20:58:21,772  WARN OracleDialect:48 - The OracleDialect dialect has been deprecated; use Oracle8iDialect instead
00:20:45,452  WARN Oracle9Dialect:60 - The Oracle9Dialect dialect has been deprecated; use either Oracle9iDialect or Oracle10gDialect instead
00:20:45,456  WARN OracleDialect:48 - The OracleDialect dialect has been deprecated; use Oracle8iDialect instead
01:34:18,637  WARN Oracle9Dialect:60 - The Oracle9Dialect dialect has been deprecated; use either Oracle9iDialect or Oracle10gDialect instead
01:34:18,641  WARN OracleDialect:48 - The OracleDialect dialect has been deprecated; use Oracle8iDialect instead
01:34:57,746  WARN Oracle9Dialect:60 - The Oracle9Dialect dialect has been deprecated; use either Oracle9iDialect or Oracle10gDialect instead
01:34:57,749  WARN OracleDialect:48 - The OracleDialect dialect has been deprecated; use Oracle8iDialect instead
01:35:04,097  WARN Oracle9Dialect:60 - The Oracle9Dialect dialect has been deprecated; use either Oracle9iDialect or Oracle10gDialect instead
01:35:04,102  WARN OracleDialect:48 - The OracleDialect dialect has been deprecated; use Oracle8iDialect instead
01:36:54,041  WARN Oracle9Dialect:60 - The Oracle9Dialect dialect has been deprecated; use either Oracle9iDialect or Oracle10gDialect instead
01:36:54,045  WARN OracleDialect:48 - The OracleDialect dialect has been deprecated; use Oracle8iDialect instead
01:37:13,460 ERROR LazyInitializationException:42 - failed to lazily initialize a collection of role: model.Producto.listaProductosPedidos, no session or session was closed
org.hibernate.LazyInitializationException: failed to lazily initialize a collection of role: model.Producto.listaProductosPedidos, no session or session was closed
	at org.hibernate.collection.AbstractPersistentCollection.throwLazyInitializationException(AbstractPersistentCollection.java:383)
	at org.hibernate.collection.AbstractPersistentCollection.throwLazyInitializationExceptionIfNotConnected(AbstractPersistentCollection.java:375)
	at org.hibernate.collection.AbstractPersistentCollection.initialize(AbstractPersistentCollection.java:368)
	at org.hibernate.collection.PersistentSet.add(PersistentSet.java:212)
	at model.Asociacion$AsignarProducto_Pedido.link(Asociacion.java:26)
	at model.ProductoEnPedido.<init>(ProductoEnPedido.java:47)
	at business.impl.usuario.CargadorABaseDeDatos.execute(CargadorABaseDeDatos.java:56)
	at business.impl.CommandExecutor.execute(CommandExecutor.java:19)
	at business.impl.UserServiceImpl.cargarBaseDeDatos(UserServiceImpl.java:27)
	at ui.usuario.logica.LogicaVentanaPrincipalUsuario.generarTodo(LogicaVentanaPrincipalUsuario.java:126)
	at ui.usuario.VentanaPrincipalUsuario$4.actionPerformed(VentanaPrincipalUsuario.java:336)
	at javax.swing.AbstractButton.fireActionPerformed(Unknown Source)
	at javax.swing.AbstractButton$Handler.actionPerformed(Unknown Source)
	at javax.swing.DefaultButtonModel.fireActionPerformed(Unknown Source)
	at javax.swing.DefaultButtonModel.setPressed(Unknown Source)
	at javax.swing.plaf.basic.BasicButtonListener.mouseReleased(Unknown Source)
	at java.awt.Component.processMouseEvent(Unknown Source)
	at javax.swing.JComponent.processMouseEvent(Unknown Source)
	at java.awt.Component.processEvent(Unknown Source)
	at java.awt.Container.processEvent(Unknown Source)
	at java.awt.Component.dispatchEventImpl(Unknown Source)
	at java.awt.Container.dispatchEventImpl(Unknown Source)
	at java.awt.Component.dispatchEvent(Unknown Source)
	at java.awt.LightweightDispatcher.retargetMouseEvent(Unknown Source)
	at java.awt.LightweightDispatcher.processMouseEvent(Unknown Source)
	at java.awt.LightweightDispatcher.dispatchEvent(Unknown Source)
	at java.awt.Container.dispatchEventImpl(Unknown Source)
	at java.awt.Window.dispatchEventImpl(Unknown Source)
	at java.awt.Component.dispatchEvent(Unknown Source)
	at java.awt.EventQueue.dispatchEventImpl(Unknown Source)
	at java.awt.EventQueue.access$500(Unknown Source)
	at java.awt.EventQueue$3.run(Unknown Source)
	at java.awt.EventQueue$3.run(Unknown Source)
	at java.security.AccessController.doPrivileged(Native Method)
	at java.security.ProtectionDomain$JavaSecurityAccessImpl.doIntersectionPrivilege(Unknown Source)
	at java.security.ProtectionDomain$JavaSecurityAccessImpl.doIntersectionPrivilege(Unknown Source)
	at java.awt.EventQueue$4.run(Unknown Source)
	at java.awt.EventQueue$4.run(Unknown Source)
	at java.security.AccessController.doPrivileged(Native Method)
	at java.security.ProtectionDomain$JavaSecurityAccessImpl.doIntersectionPrivilege(Unknown Source)
	at java.awt.EventQueue.dispatchEvent(Unknown Source)
	at java.awt.EventDispatchThread.pumpOneEventForFilters(Unknown Source)
	at java.awt.EventDispatchThread.pumpEventsForFilter(Unknown Source)
	at java.awt.EventDispatchThread.pumpEventsForHierarchy(Unknown Source)
	at java.awt.EventDispatchThread.pumpEvents(Unknown Source)
	at java.awt.EventDispatchThread.pumpEvents(Unknown Source)
	at java.awt.EventDispatchThread.run(Unknown Source)
01:40:45,700  WARN Oracle9Dialect:60 - The Oracle9Dialect dialect has been deprecated; use either Oracle9iDialect or Oracle10gDialect instead
01:40:45,705  WARN OracleDialect:48 - The OracleDialect dialect has been deprecated; use Oracle8iDialect instead
03:05:47,219  WARN Oracle9Dialect:60 - The Oracle9Dialect dialect has been deprecated; use either Oracle9iDialect or Oracle10gDialect instead
03:05:47,223  WARN OracleDialect:48 - The OracleDialect dialect has been deprecated; use Oracle8iDialect instead
03:07:50,857  WARN Oracle9Dialect:60 - The Oracle9Dialect dialect has been deprecated; use either Oracle9iDialect or Oracle10gDialect instead
03:07:50,860  WARN OracleDialect:48 - The OracleDialect dialect has been deprecated; use Oracle8iDialect instead
04:20:05,308  WARN Oracle9Dialect:60 - The Oracle9Dialect dialect has been deprecated; use either Oracle9iDialect or Oracle10gDialect instead
04:20:05,313  WARN OracleDialect:48 - The OracleDialect dialect has been deprecated; use Oracle8iDialect instead
04:20:32,860  WARN Oracle9Dialect:60 - The Oracle9Dialect dialect has been deprecated; use either Oracle9iDialect or Oracle10gDialect instead
04:20:32,866  WARN OracleDialect:48 - The OracleDialect dialect has been deprecated; use Oracle8iDialect instead
04:22:28,092  WARN Oracle9Dialect:60 - The Oracle9Dialect dialect has been deprecated; use either Oracle9iDialect or Oracle10gDialect instead
04:22:28,095  WARN OracleDialect:48 - The OracleDialect dialect has been deprecated; use Oracle8iDialect instead
04:31:09,039  WARN Oracle9Dialect:60 - The Oracle9Dialect dialect has been deprecated; use either Oracle9iDialect or Oracle10gDialect instead
04:31:09,043  WARN OracleDialect:48 - The OracleDialect dialect has been deprecated; use Oracle8iDialect instead
04:34:47,832  WARN Oracle9Dialect:60 - The Oracle9Dialect dialect has been deprecated; use either Oracle9iDialect or Oracle10gDialect instead
04:34:47,835  WARN OracleDialect:48 - The OracleDialect dialect has been deprecated; use Oracle8iDialect instead
04:36:06,712  WARN Oracle9Dialect:60 - The Oracle9Dialect dialect has been deprecated; use either Oracle9iDialect or Oracle10gDialect instead
04:36:06,715  WARN OracleDialect:48 - The OracleDialect dialect has been deprecated; use Oracle8iDialect instead
04:46:44,469  WARN Oracle9Dialect:60 - The Oracle9Dialect dialect has been deprecated; use either Oracle9iDialect or Oracle10gDialect instead
04:46:44,472  WARN OracleDialect:48 - The OracleDialect dialect has been deprecated; use Oracle8iDialect instead
04:49:51,240  WARN Oracle9Dialect:60 - The Oracle9Dialect dialect has been deprecated; use either Oracle9iDialect or Oracle10gDialect instead
04:49:51,243  WARN OracleDialect:48 - The OracleDialect dialect has been deprecated; use Oracle8iDialect instead
05:04:24,919  WARN Oracle9Dialect:60 - The Oracle9Dialect dialect has been deprecated; use either Oracle9iDialect or Oracle10gDialect instead
05:04:24,923  WARN OracleDialect:48 - The OracleDialect dialect has been deprecated; use Oracle8iDialect instead
05:08:56,389  WARN Oracle9Dialect:60 - The Oracle9Dialect dialect has been deprecated; use either Oracle9iDialect or Oracle10gDialect instead
05:08:56,393  WARN OracleDialect:48 - The OracleDialect dialect has been deprecated; use Oracle8iDialect instead
05:10:05,825  WARN Oracle9Dialect:60 - The Oracle9Dialect dialect has been deprecated; use either Oracle9iDialect or Oracle10gDialect instead
05:10:05,829  WARN OracleDialect:48 - The OracleDialect dialect has been deprecated; use Oracle8iDialect instead
05:12:49,376  WARN Oracle9Dialect:60 - The Oracle9Dialect dialect has been deprecated; use either Oracle9iDialect or Oracle10gDialect instead
05:12:49,379  WARN OracleDialect:48 - The OracleDialect dialect has been deprecated; use Oracle8iDialect instead
05:13:30,701  WARN Oracle9Dialect:60 - The Oracle9Dialect dialect has been deprecated; use either Oracle9iDialect or Oracle10gDialect instead
05:13:30,707  WARN OracleDialect:48 - The OracleDialect dialect has been deprecated; use Oracle8iDialect instead
05:17:42,614  WARN Oracle9Dialect:60 - The Oracle9Dialect dialect has been deprecated; use either Oracle9iDialect or Oracle10gDialect instead
05:17:42,618  WARN OracleDialect:48 - The OracleDialect dialect has been deprecated; use Oracle8iDialect instead
05:18:03,623  WARN Oracle9Dialect:60 - The Oracle9Dialect dialect has been deprecated; use either Oracle9iDialect or Oracle10gDialect instead
05:18:03,626  WARN OracleDialect:48 - The OracleDialect dialect has been deprecated; use Oracle8iDialect instead
05:18:49,643  WARN Oracle9Dialect:60 - The Oracle9Dialect dialect has been deprecated; use either Oracle9iDialect or Oracle10gDialect instead
05:18:49,648  WARN OracleDialect:48 - The OracleDialect dialect has been deprecated; use Oracle8iDialect instead
11:19:51,744  WARN Oracle9Dialect:60 - The Oracle9Dialect dialect has been deprecated; use either Oracle9iDialect or Oracle10gDialect instead
11:19:51,744  WARN OracleDialect:48 - The OracleDialect dialect has been deprecated; use Oracle8iDialect instead
11:54:18,045  WARN Oracle9Dialect:60 - The Oracle9Dialect dialect has been deprecated; use either Oracle9iDialect or Oracle10gDialect instead
11:54:18,077  WARN OracleDialect:48 - The OracleDialect dialect has been deprecated; use Oracle8iDialect instead
11:56:56,168  WARN Oracle9Dialect:60 - The Oracle9Dialect dialect has been deprecated; use either Oracle9iDialect or Oracle10gDialect instead
11:56:56,184  WARN OracleDialect:48 - The OracleDialect dialect has been deprecated; use Oracle8iDialect instead
11:59:14,667  WARN Oracle9Dialect:60 - The Oracle9Dialect dialect has been deprecated; use either Oracle9iDialect or Oracle10gDialect instead
11:59:14,683  WARN OracleDialect:48 - The OracleDialect dialect has been deprecated; use Oracle8iDialect instead
11:59:57,582  WARN Oracle9Dialect:60 - The Oracle9Dialect dialect has been deprecated; use either Oracle9iDialect or Oracle10gDialect instead
11:59:57,582  WARN OracleDialect:48 - The OracleDialect dialect has been deprecated; use Oracle8iDialect instead
12:00:44,087  WARN Oracle9Dialect:60 - The Oracle9Dialect dialect has been deprecated; use either Oracle9iDialect or Oracle10gDialect instead
12:00:44,103  WARN OracleDialect:48 - The OracleDialect dialect has been deprecated; use Oracle8iDialect instead
12:05:23,991  WARN Oracle9Dialect:60 - The Oracle9Dialect dialect has been deprecated; use either Oracle9iDialect or Oracle10gDialect instead
12:05:24,006  WARN OracleDialect:48 - The OracleDialect dialect has been deprecated; use Oracle8iDialect instead
12:05:44,168  WARN Oracle9Dialect:60 - The Oracle9Dialect dialect has been deprecated; use either Oracle9iDialect or Oracle10gDialect instead
12:05:44,168  WARN OracleDialect:48 - The OracleDialect dialect has been deprecated; use Oracle8iDialect instead
