13:57:20.443 [AWT-EventQueue-0]  == ERROR ==  MyLogger - Ha ocurrido un error durante una transacción
business.exception.BusinessException: Ha ocurrido un error al generar OT sobre el pedido indicado
	at business.impl.recogida.generacionOrdenesTrabajo.GenerarOrdenTrabajo.execute(GenerarOrdenTrabajo.java:57) ~[bin/:?]
	at business.impl.recogida.generacionOrdenesTrabajo.GenerarOrdenTrabajo.execute(GenerarOrdenTrabajo.java:1) ~[bin/:?]
	at business.impl.util.CommandExecutor.execute(CommandExecutor.java:27) [bin/:?]
	at business.impl.AlmacenServiceImpl.generarOrdenTrabajo(AlmacenServiceImpl.java:38) [bin/:?]
	at ui.almacen.recogida.PanelSeleccionPedido.procesarPedido(PanelSeleccionPedido.java:152) [bin/:?]
	at ui.almacen.recogida.PanelSeleccionPedido.access$2(PanelSeleccionPedido.java:149) [bin/:?]
	at ui.almacen.recogida.PanelSeleccionPedido$1.mouseClicked(PanelSeleccionPedido.java:133) [bin/:?]
	at java.awt.AWTEventMulticaster.mouseClicked(Unknown Source) [?:1.8.0_111]
	at java.awt.Component.processMouseEvent(Unknown Source) [?:1.8.0_111]
	at javax.swing.JComponent.processMouseEvent(Unknown Source) [?:1.8.0_111]
	at java.awt.Component.processEvent(Unknown Source) [?:1.8.0_111]
	at java.awt.Container.processEvent(Unknown Source) [?:1.8.0_111]
	at java.awt.Component.dispatchEventImpl(Unknown Source) [?:1.8.0_111]
	at java.awt.Container.dispatchEventImpl(Unknown Source) [?:1.8.0_111]
	at java.awt.Component.dispatchEvent(Unknown Source) [?:1.8.0_111]
	at java.awt.LightweightDispatcher.retargetMouseEvent(Unknown Source) [?:1.8.0_111]
	at java.awt.LightweightDispatcher.processMouseEvent(Unknown Source) [?:1.8.0_111]
	at java.awt.LightweightDispatcher.dispatchEvent(Unknown Source) [?:1.8.0_111]
	at java.awt.Container.dispatchEventImpl(Unknown Source) [?:1.8.0_111]
	at java.awt.Window.dispatchEventImpl(Unknown Source) [?:1.8.0_111]
	at java.awt.Component.dispatchEvent(Unknown Source) [?:1.8.0_111]
	at java.awt.EventQueue.dispatchEventImpl(Unknown Source) [?:1.8.0_111]
	at java.awt.EventQueue.access$500(Unknown Source) [?:1.8.0_111]
	at java.awt.EventQueue$3.run(Unknown Source) [?:1.8.0_111]
	at java.awt.EventQueue$3.run(Unknown Source) [?:1.8.0_111]
	at java.security.AccessController.doPrivileged(Native Method) ~[?:1.8.0_111]
	at java.security.ProtectionDomain$JavaSecurityAccessImpl.doIntersectionPrivilege(Unknown Source) [?:1.8.0_111]
	at java.security.ProtectionDomain$JavaSecurityAccessImpl.doIntersectionPrivilege(Unknown Source) [?:1.8.0_111]
	at java.awt.EventQueue$4.run(Unknown Source) [?:1.8.0_111]
	at java.awt.EventQueue$4.run(Unknown Source) [?:1.8.0_111]
	at java.security.AccessController.doPrivileged(Native Method) ~[?:1.8.0_111]
	at java.security.ProtectionDomain$JavaSecurityAccessImpl.doIntersectionPrivilege(Unknown Source) [?:1.8.0_111]
	at java.awt.EventQueue.dispatchEvent(Unknown Source) [?:1.8.0_111]
	at java.awt.EventDispatchThread.pumpOneEventForFilters(Unknown Source) [?:1.8.0_111]
	at java.awt.EventDispatchThread.pumpEventsForFilter(Unknown Source) [?:1.8.0_111]
	at java.awt.EventDispatchThread.pumpEventsForHierarchy(Unknown Source) [?:1.8.0_111]
	at java.awt.EventDispatchThread.pumpEvents(Unknown Source) [?:1.8.0_111]
	at java.awt.EventDispatchThread.pumpEvents(Unknown Source) [?:1.8.0_111]
	at java.awt.EventDispatchThread.run(Unknown Source) [?:1.8.0_111]
Caused by: persistence.exception.MyPersistenceException: Ha ocurrido un error al buscar los pedidos disponiblesy sus pesos y volumenes
	at persistence.PedidoFinder.findPosibleRecoger_NoPedido(PedidoFinder.java:111) ~[bin/:?]
	at business.impl.recogida.generacionOrdenesTrabajo.CrearOrdenTrabajo_UnionPedidos.crear(CrearOrdenTrabajo_UnionPedidos.java:61) ~[bin/:?]
	at business.impl.recogida.generacionOrdenesTrabajo.GenerarOrdenTrabajo.execute(GenerarOrdenTrabajo.java:44) ~[bin/:?]
	... 38 more
Caused by: javax.persistence.PersistenceException: org.hibernate.exception.SQLGrammarException: could not extract ResultSet
	at org.hibernate.internal.ExceptionConverterImpl.convert(ExceptionConverterImpl.java:147) ~[hibernate-core-5.2.4.Final.jar:5.2.4.Final]
	at org.hibernate.internal.ExceptionConverterImpl.convert(ExceptionConverterImpl.java:155) ~[hibernate-core-5.2.4.Final.jar:5.2.4.Final]
	at org.hibernate.query.internal.AbstractProducedQuery.list(AbstractProducedQuery.java:1407) ~[hibernate-core-5.2.4.Final.jar:5.2.4.Final]
	at org.hibernate.Query.getResultList(Query.java:417) ~[hibernate-core-5.2.4.Final.jar:5.2.4.Final]
	at persistence.PedidoFinder.findPosibleRecoger_NoPedido(PedidoFinder.java:103) ~[bin/:?]
	at business.impl.recogida.generacionOrdenesTrabajo.CrearOrdenTrabajo_UnionPedidos.crear(CrearOrdenTrabajo_UnionPedidos.java:61) ~[bin/:?]
	at business.impl.recogida.generacionOrdenesTrabajo.GenerarOrdenTrabajo.execute(GenerarOrdenTrabajo.java:44) ~[bin/:?]
	... 38 more
Caused by: org.hibernate.exception.SQLGrammarException: could not extract ResultSet
	at org.hibernate.exception.internal.SQLExceptionTypeDelegate.convert(SQLExceptionTypeDelegate.java:63) ~[hibernate-core-5.2.4.Final.jar:5.2.4.Final]
	at org.hibernate.exception.internal.StandardSQLExceptionConverter.convert(StandardSQLExceptionConverter.java:42) ~[hibernate-core-5.2.4.Final.jar:5.2.4.Final]
	at org.hibernate.engine.jdbc.spi.SqlExceptionHelper.convert(SqlExceptionHelper.java:111) ~[hibernate-core-5.2.4.Final.jar:5.2.4.Final]
	at org.hibernate.engine.jdbc.spi.SqlExceptionHelper.convert(SqlExceptionHelper.java:97) ~[hibernate-core-5.2.4.Final.jar:5.2.4.Final]
	at org.hibernate.engine.jdbc.internal.ResultSetReturnImpl.extract(ResultSetReturnImpl.java:79) ~[hibernate-core-5.2.4.Final.jar:5.2.4.Final]
	at org.hibernate.loader.Loader.getResultSet(Loader.java:2123) ~[hibernate-core-5.2.4.Final.jar:5.2.4.Final]
	at org.hibernate.loader.Loader.executeQueryStatement(Loader.java:1911) ~[hibernate-core-5.2.4.Final.jar:5.2.4.Final]
	at org.hibernate.loader.Loader.executeQueryStatement(Loader.java:1887) ~[hibernate-core-5.2.4.Final.jar:5.2.4.Final]
	at org.hibernate.loader.Loader.doQuery(Loader.java:932) ~[hibernate-core-5.2.4.Final.jar:5.2.4.Final]
	at org.hibernate.loader.Loader.doQueryAndInitializeNonLazyCollections(Loader.java:349) ~[hibernate-core-5.2.4.Final.jar:5.2.4.Final]
	at org.hibernate.loader.Loader.doList(Loader.java:2615) ~[hibernate-core-5.2.4.Final.jar:5.2.4.Final]
	at org.hibernate.loader.Loader.doList(Loader.java:2598) ~[hibernate-core-5.2.4.Final.jar:5.2.4.Final]
	at org.hibernate.loader.Loader.listIgnoreQueryCache(Loader.java:2430) ~[hibernate-core-5.2.4.Final.jar:5.2.4.Final]
	at org.hibernate.loader.Loader.list(Loader.java:2425) ~[hibernate-core-5.2.4.Final.jar:5.2.4.Final]
	at org.hibernate.loader.hql.QueryLoader.list(QueryLoader.java:502) ~[hibernate-core-5.2.4.Final.jar:5.2.4.Final]
	at org.hibernate.hql.internal.ast.QueryTranslatorImpl.list(QueryTranslatorImpl.java:371) ~[hibernate-core-5.2.4.Final.jar:5.2.4.Final]
	at org.hibernate.engine.query.spi.HQLQueryPlan.performList(HQLQueryPlan.java:216) ~[hibernate-core-5.2.4.Final.jar:5.2.4.Final]
	at org.hibernate.internal.SessionImpl.list(SessionImpl.java:1459) ~[hibernate-core-5.2.4.Final.jar:5.2.4.Final]
	at org.hibernate.query.internal.AbstractProducedQuery.doList(AbstractProducedQuery.java:1426) ~[hibernate-core-5.2.4.Final.jar:5.2.4.Final]
	at org.hibernate.query.internal.AbstractProducedQuery.list(AbstractProducedQuery.java:1398) ~[hibernate-core-5.2.4.Final.jar:5.2.4.Final]
	at org.hibernate.Query.getResultList(Query.java:417) ~[hibernate-core-5.2.4.Final.jar:5.2.4.Final]
	at persistence.PedidoFinder.findPosibleRecoger_NoPedido(PedidoFinder.java:103) ~[bin/:?]
	at business.impl.recogida.generacionOrdenesTrabajo.CrearOrdenTrabajo_UnionPedidos.crear(CrearOrdenTrabajo_UnionPedidos.java:61) ~[bin/:?]
	at business.impl.recogida.generacionOrdenesTrabajo.GenerarOrdenTrabajo.execute(GenerarOrdenTrabajo.java:44) ~[bin/:?]
	... 38 more
Caused by: java.sql.SQLSyntaxErrorException: ORA-00979: no es una expresión GROUP BY

	at oracle.jdbc.driver.T4CTTIoer.processError(T4CTTIoer.java:450) ~[oracle-driver-ojdbc-12.1.0.2.jar:12.1.0.2.0]
	at oracle.jdbc.driver.T4CTTIoer.processError(T4CTTIoer.java:399) ~[oracle-driver-ojdbc-12.1.0.2.jar:12.1.0.2.0]
	at oracle.jdbc.driver.T4C8Oall.processError(T4C8Oall.java:1059) ~[oracle-driver-ojdbc-12.1.0.2.jar:12.1.0.2.0]
	at oracle.jdbc.driver.T4CTTIfun.receive(T4CTTIfun.java:522) ~[oracle-driver-ojdbc-12.1.0.2.jar:12.1.0.2.0]
	at oracle.jdbc.driver.T4CTTIfun.doRPC(T4CTTIfun.java:257) ~[oracle-driver-ojdbc-12.1.0.2.jar:12.1.0.2.0]
	at oracle.jdbc.driver.T4C8Oall.doOALL(T4C8Oall.java:587) ~[oracle-driver-ojdbc-12.1.0.2.jar:12.1.0.2.0]
	at oracle.jdbc.driver.T4CPreparedStatement.doOall8(T4CPreparedStatement.java:225) ~[oracle-driver-ojdbc-12.1.0.2.jar:12.1.0.2.0]
	at oracle.jdbc.driver.T4CPreparedStatement.doOall8(T4CPreparedStatement.java:53) ~[oracle-driver-ojdbc-12.1.0.2.jar:12.1.0.2.0]
	at oracle.jdbc.driver.T4CPreparedStatement.executeForDescribe(T4CPreparedStatement.java:774) ~[oracle-driver-ojdbc-12.1.0.2.jar:12.1.0.2.0]
	at oracle.jdbc.driver.OracleStatement.executeMaybeDescribe(OracleStatement.java:925) ~[oracle-driver-ojdbc-12.1.0.2.jar:12.1.0.2.0]
	at oracle.jdbc.driver.OracleStatement.doExecuteWithTimeout(OracleStatement.java:1111) ~[oracle-driver-ojdbc-12.1.0.2.jar:12.1.0.2.0]
	at oracle.jdbc.driver.OraclePreparedStatement.executeInternal(OraclePreparedStatement.java:4798) ~[oracle-driver-ojdbc-12.1.0.2.jar:12.1.0.2.0]
	at oracle.jdbc.driver.OraclePreparedStatement.executeQuery(OraclePreparedStatement.java:4845) ~[oracle-driver-ojdbc-12.1.0.2.jar:12.1.0.2.0]
	at oracle.jdbc.driver.OraclePreparedStatementWrapper.executeQuery(OraclePreparedStatementWrapper.java:1501) ~[oracle-driver-ojdbc-12.1.0.2.jar:12.1.0.2.0]
	at org.hibernate.engine.jdbc.internal.ResultSetReturnImpl.extract(ResultSetReturnImpl.java:70) ~[hibernate-core-5.2.4.Final.jar:5.2.4.Final]
	at org.hibernate.loader.Loader.getResultSet(Loader.java:2123) ~[hibernate-core-5.2.4.Final.jar:5.2.4.Final]
	at org.hibernate.loader.Loader.executeQueryStatement(Loader.java:1911) ~[hibernate-core-5.2.4.Final.jar:5.2.4.Final]
	at org.hibernate.loader.Loader.executeQueryStatement(Loader.java:1887) ~[hibernate-core-5.2.4.Final.jar:5.2.4.Final]
	at org.hibernate.loader.Loader.doQuery(Loader.java:932) ~[hibernate-core-5.2.4.Final.jar:5.2.4.Final]
	at org.hibernate.loader.Loader.doQueryAndInitializeNonLazyCollections(Loader.java:349) ~[hibernate-core-5.2.4.Final.jar:5.2.4.Final]
	at org.hibernate.loader.Loader.doList(Loader.java:2615) ~[hibernate-core-5.2.4.Final.jar:5.2.4.Final]
	at org.hibernate.loader.Loader.doList(Loader.java:2598) ~[hibernate-core-5.2.4.Final.jar:5.2.4.Final]
	at org.hibernate.loader.Loader.listIgnoreQueryCache(Loader.java:2430) ~[hibernate-core-5.2.4.Final.jar:5.2.4.Final]
	at org.hibernate.loader.Loader.list(Loader.java:2425) ~[hibernate-core-5.2.4.Final.jar:5.2.4.Final]
	at org.hibernate.loader.hql.QueryLoader.list(QueryLoader.java:502) ~[hibernate-core-5.2.4.Final.jar:5.2.4.Final]
	at org.hibernate.hql.internal.ast.QueryTranslatorImpl.list(QueryTranslatorImpl.java:371) ~[hibernate-core-5.2.4.Final.jar:5.2.4.Final]
	at org.hibernate.engine.query.spi.HQLQueryPlan.performList(HQLQueryPlan.java:216) ~[hibernate-core-5.2.4.Final.jar:5.2.4.Final]
	at org.hibernate.internal.SessionImpl.list(SessionImpl.java:1459) ~[hibernate-core-5.2.4.Final.jar:5.2.4.Final]
	at org.hibernate.query.internal.AbstractProducedQuery.doList(AbstractProducedQuery.java:1426) ~[hibernate-core-5.2.4.Final.jar:5.2.4.Final]
	at org.hibernate.query.internal.AbstractProducedQuery.list(AbstractProducedQuery.java:1398) ~[hibernate-core-5.2.4.Final.jar:5.2.4.Final]
	at org.hibernate.Query.getResultList(Query.java:417) ~[hibernate-core-5.2.4.Final.jar:5.2.4.Final]
	at persistence.PedidoFinder.findPosibleRecoger_NoPedido(PedidoFinder.java:103) ~[bin/:?]
	at business.impl.recogida.generacionOrdenesTrabajo.CrearOrdenTrabajo_UnionPedidos.crear(CrearOrdenTrabajo_UnionPedidos.java:61) ~[bin/:?]
	at business.impl.recogida.generacionOrdenesTrabajo.GenerarOrdenTrabajo.execute(GenerarOrdenTrabajo.java:44) ~[bin/:?]
	... 38 more
