19:29:59.254 [AWT-EventQueue-0]  == ERROR ==  MyLogger - Fallo a la hora de generar el 'Informe de ventas por metodo de pago'
business.exception.BusinessException: Ha ocurrido un error al intentar conectar a la base de datos. Compruebe la conexión y si el problema persiste avise a un técnico o administrador.
	at business.impl.util.CommandExecutor.execute(CommandExecutor.java:20) ~[bin/:?]
	at business.impl.AdministracionServiceImpl.generarInformeMetodoPago(AdministracionServiceImpl.java:46) ~[bin/:?]
	at ui.administracion.paneles.informes.PanelInformeMetodoPago.inicializar(PanelInformeMetodoPago.java:123) ~[bin/:?]
	at ui.administracion.VentanaPrincipalAdministracion.mostrarInformeMetodoPago(VentanaPrincipalAdministracion.java:165) ~[bin/:?]
	at ui.administracion.paneles.informes.PanelSeleccionInforme$3.actionPerformed(PanelSeleccionInforme.java:220) [bin/:?]
	at javax.swing.AbstractButton.fireActionPerformed(Unknown Source) [?:1.8.0_111]
	at javax.swing.AbstractButton$Handler.actionPerformed(Unknown Source) [?:1.8.0_111]
	at javax.swing.DefaultButtonModel.fireActionPerformed(Unknown Source) [?:1.8.0_111]
	at javax.swing.DefaultButtonModel.setPressed(Unknown Source) [?:1.8.0_111]
	at javax.swing.plaf.basic.BasicButtonListener.mouseReleased(Unknown Source) [?:1.8.0_111]
	at java.awt.Component.processMouseEvent(Unknown Source) [?:1.8.0_111]
	at javax.swing.JComponent.processMouseEvent(Unknown Source) [?:1.8.0_111]
	at java.awt.Component.processEvent(Unknown Source) [?:1.8.0_111]
	at java.awt.Container.processEvent(Unknown Source) [?:1.8.0_111]
	at java.awt.Component.dispatchEventImpl(Unknown Source) [?:1.8.0_111]
	at java.awt.Container.dispatchEventImpl(Unknown Source) [?:1.8.0_111]
	at java.awt.Component.dispatchEvent(Unknown Source) [?:1.8.0_111]
	at java.awt.LightweightDispatcher.retargetMouseEvent(Unknown Source) [?:1.8.0_111]
	at java.awt.LightweightDispatcher.processMouseEvent(Unknown Source) [?:1.8.0_111]
	at java.awt.LightweightDispatcher.dispatchEvent(Unknown Source) [?:1.8.0_111]
	at java.awt.Container.dispatchEventImpl(Unknown Source) [?:1.8.0_111]
	at java.awt.Window.dispatchEventImpl(Unknown Source) [?:1.8.0_111]
	at java.awt.Component.dispatchEvent(Unknown Source) [?:1.8.0_111]
	at java.awt.EventQueue.dispatchEventImpl(Unknown Source) [?:1.8.0_111]
	at java.awt.EventQueue.access$500(Unknown Source) [?:1.8.0_111]
	at java.awt.EventQueue$3.run(Unknown Source) [?:1.8.0_111]
	at java.awt.EventQueue$3.run(Unknown Source) [?:1.8.0_111]
	at java.security.AccessController.doPrivileged(Native Method) ~[?:1.8.0_111]
	at java.security.ProtectionDomain$JavaSecurityAccessImpl.doIntersectionPrivilege(Unknown Source) [?:1.8.0_111]
	at java.security.ProtectionDomain$JavaSecurityAccessImpl.doIntersectionPrivilege(Unknown Source) [?:1.8.0_111]
	at java.awt.EventQueue$4.run(Unknown Source) [?:1.8.0_111]
	at java.awt.EventQueue$4.run(Unknown Source) [?:1.8.0_111]
	at java.security.AccessController.doPrivileged(Native Method) ~[?:1.8.0_111]
	at java.security.ProtectionDomain$JavaSecurityAccessImpl.doIntersectionPrivilege(Unknown Source) [?:1.8.0_111]
	at java.awt.EventQueue.dispatchEvent(Unknown Source) [?:1.8.0_111]
	at java.awt.EventDispatchThread.pumpOneEventForFilters(Unknown Source) [?:1.8.0_111]
	at java.awt.EventDispatchThread.pumpEventsForFilter(Unknown Source) [?:1.8.0_111]
	at java.awt.EventDispatchThread.pumpEventsForHierarchy(Unknown Source) [?:1.8.0_111]
	at java.awt.EventDispatchThread.pumpEvents(Unknown Source) [?:1.8.0_111]
	at java.awt.EventDispatchThread.pumpEvents(Unknown Source) [?:1.8.0_111]
	at java.awt.EventDispatchThread.run(Unknown Source) [?:1.8.0_111]
Caused by: org.hibernate.DuplicateMappingException: Duplicate query mapping Pedido.findNoPagados
	at org.hibernate.boot.internal.InFlightMetadataCollectorImpl.checkQueryName(InFlightMetadataCollectorImpl.java:521) ~[hibernate-core-5.2.4.Final.jar:5.2.4.Final]
	at org.hibernate.boot.internal.InFlightMetadataCollectorImpl.applyNamedQuery(InFlightMetadataCollectorImpl.java:515) ~[hibernate-core-5.2.4.Final.jar:5.2.4.Final]
	at org.hibernate.boot.internal.InFlightMetadataCollectorImpl.addDefaultQuery(InFlightMetadataCollectorImpl.java:527) ~[hibernate-core-5.2.4.Final.jar:5.2.4.Final]
	at org.hibernate.cfg.annotations.QueryBinder.bindQuery(QueryBinder.java:73) ~[hibernate-core-5.2.4.Final.jar:5.2.4.Final]
	at org.hibernate.cfg.AnnotationBinder.bindDefaults(AnnotationBinder.java:234) ~[hibernate-core-5.2.4.Final.jar:5.2.4.Final]
	at org.hibernate.boot.model.source.internal.annotations.AnnotationMetadataSourceProcessorImpl.prepare(AnnotationMetadataSourceProcessorImpl.java:188) ~[hibernate-core-5.2.4.Final.jar:5.2.4.Final]
	at org.hibernate.boot.model.process.spi.MetadataBuildingProcess$1.prepare(MetadataBuildingProcess.java:156) ~[hibernate-core-5.2.4.Final.jar:5.2.4.Final]
	at org.hibernate.boot.model.process.spi.MetadataBuildingProcess.complete(MetadataBuildingProcess.java:253) ~[hibernate-core-5.2.4.Final.jar:5.2.4.Final]
	at org.hibernate.jpa.boot.internal.EntityManagerFactoryBuilderImpl.metadata(EntityManagerFactoryBuilderImpl.java:846) ~[hibernate-core-5.2.4.Final.jar:5.2.4.Final]
	at org.hibernate.jpa.boot.internal.EntityManagerFactoryBuilderImpl.build(EntityManagerFactoryBuilderImpl.java:873) ~[hibernate-core-5.2.4.Final.jar:5.2.4.Final]
	at org.hibernate.jpa.HibernatePersistenceProvider.createEntityManagerFactory(HibernatePersistenceProvider.java:58) ~[hibernate-core-5.2.4.Final.jar:5.2.4.Final]
	at javax.persistence.Persistence.createEntityManagerFactory(Persistence.java:55) ~[hibernate-jpa-2.1-api-1.0.0.Final.jar:1.0.0.Final]
	at javax.persistence.Persistence.createEntityManagerFactory(Persistence.java:39) ~[hibernate-jpa-2.1-api-1.0.0.Final.jar:1.0.0.Final]
	at persistence.util.Jpa.getEmf(Jpa.java:35) ~[bin/:?]
	at persistence.util.Jpa.createEntityManager(Jpa.java:23) ~[bin/:?]
	at business.impl.util.CommandExecutor.execute(CommandExecutor.java:16) ~[bin/:?]
	... 40 more
