20:40:36,318  WARN SettingsFactory:147 - Could not obtain connection to query metadata
java.sql.SQLRecoverableException: Error de E/S: Connection reset
	at oracle.jdbc.driver.T4CConnection.logon(T4CConnection.java:428)
	at oracle.jdbc.driver.PhysicalConnection.<init>(PhysicalConnection.java:536)
	at oracle.jdbc.driver.T4CConnection.<init>(T4CConnection.java:228)
	at oracle.jdbc.driver.T4CDriverExtension.getConnection(T4CDriverExtension.java:32)
	at oracle.jdbc.driver.OracleDriver.connect(OracleDriver.java:521)
	at java.sql.DriverManager.getConnection(Unknown Source)
	at java.sql.DriverManager.getConnection(Unknown Source)
	at org.hibernate.connection.DriverManagerConnectionProvider.getConnection(DriverManagerConnectionProvider.java:133)
	at org.hibernate.cfg.SettingsFactory.buildSettings(SettingsFactory.java:114)
	at org.hibernate.cfg.Configuration.buildSettingsInternal(Configuration.java:2833)
	at org.hibernate.cfg.Configuration.buildSettings(Configuration.java:2829)
	at org.hibernate.cfg.Configuration.buildSessionFactory(Configuration.java:1840)
	at org.hibernate.ejb.Ejb3Configuration.buildEntityManagerFactory(Ejb3Configuration.java:902)
	at org.hibernate.ejb.HibernatePersistence.createEntityManagerFactory(HibernatePersistence.java:57)
	at javax.persistence.Persistence.createEntityManagerFactory(Persistence.java:48)
	at javax.persistence.Persistence.createEntityManagerFactory(Persistence.java:32)
	at persistence.util.Jpa.getEmf(Jpa.java:35)
	at persistence.util.Jpa.createEntityManager(Jpa.java:23)
	at business.impl.util.CommandExecutor.execute(CommandExecutor.java:11)
	at business.impl.AlmaceneroServiceImpl.login(AlmaceneroServiceImpl.java:15)
	at ui.almacen.almacenero.PanelLoginAlmacenero$1.actionPerformed(PanelLoginAlmacenero.java:140)
	at javax.swing.AbstractButton.fireActionPerformed(Unknown Source)
	at javax.swing.AbstractButton$Handler.actionPerformed(Unknown Source)
	at javax.swing.DefaultButtonModel.fireActionPerformed(Unknown Source)
	at javax.swing.DefaultButtonModel.setPressed(Unknown Source)
	at javax.swing.plaf.basic.BasicButtonListener.mouseReleased(Unknown Source)
	at java.awt.Component.processMouseEvent(Unknown Source)
	at javax.swing.JComponent.processMouseEvent(Unknown Source)
	at java.awt.Component.processEvent(Unknown Source)
	at java.awt.Container.processEvent(Unknown Source)
	at java.awt.Component.dispatchEventImpl(Unknown Source)
	at java.awt.Container.dispatchEventImpl(Unknown Source)
	at java.awt.Component.dispatchEvent(Unknown Source)
	at java.awt.LightweightDispatcher.retargetMouseEvent(Unknown Source)
	at java.awt.LightweightDispatcher.processMouseEvent(Unknown Source)
	at java.awt.LightweightDispatcher.dispatchEvent(Unknown Source)
	at java.awt.Container.dispatchEventImpl(Unknown Source)
	at java.awt.Window.dispatchEventImpl(Unknown Source)
	at java.awt.Component.dispatchEvent(Unknown Source)
	at java.awt.EventQueue.dispatchEventImpl(Unknown Source)
	at java.awt.EventQueue.access$500(Unknown Source)
	at java.awt.EventQueue$3.run(Unknown Source)
	at java.awt.EventQueue$3.run(Unknown Source)
	at java.security.AccessController.doPrivileged(Native Method)
	at java.security.ProtectionDomain$JavaSecurityAccessImpl.doIntersectionPrivilege(Unknown Source)
	at java.security.ProtectionDomain$JavaSecurityAccessImpl.doIntersectionPrivilege(Unknown Source)
	at java.awt.EventQueue$4.run(Unknown Source)
	at java.awt.EventQueue$4.run(Unknown Source)
	at java.security.AccessController.doPrivileged(Native Method)
	at java.security.ProtectionDomain$JavaSecurityAccessImpl.doIntersectionPrivilege(Unknown Source)
	at java.awt.EventQueue.dispatchEvent(Unknown Source)
	at java.awt.EventDispatchThread.pumpOneEventForFilters(Unknown Source)
	at java.awt.EventDispatchThread.pumpEventsForFilter(Unknown Source)
	at java.awt.EventDispatchThread.pumpEventsForHierarchy(Unknown Source)
	at java.awt.EventDispatchThread.pumpEvents(Unknown Source)
	at java.awt.EventDispatchThread.pumpEvents(Unknown Source)
	at java.awt.EventDispatchThread.run(Unknown Source)
Caused by: java.net.SocketException: Connection reset
	at java.net.SocketInputStream.read(Unknown Source)
	at java.net.SocketInputStream.read(Unknown Source)
	at oracle.net.ns.Packet.receive(Packet.java:283)
	at oracle.net.ns.NSProtocol.connect(NSProtocol.java:287)
	at oracle.jdbc.driver.T4CConnection.connect(T4CConnection.java:1054)
	at oracle.jdbc.driver.T4CConnection.logon(T4CConnection.java:308)
	... 56 more
20:40:36,374  WARN Oracle9Dialect:60 - The Oracle9Dialect dialect has been deprecated; use either Oracle9iDialect or Oracle10gDialect instead
20:40:36,377  WARN OracleDialect:48 - The OracleDialect dialect has been deprecated; use Oracle8iDialect instead
20:40:36,692 ERROR PARSER:56 -  Invalid path: 'EstadoPedido.POSIBLE_ASOCIAR_OT'
20:40:36,692 ERROR PARSER:56 -  right-hand operand of a binary operator was null
20:40:36,698 ERROR SessionFactoryImpl:422 - Error in named query: Pedido.findPosibleRecoger
org.hibernate.hql.ast.QuerySyntaxException: Invalid path: 'EstadoPedido.POSIBLE_ASOCIAR_OT' [select p from model.Pedido p where p.estado = EstadoPedido.POSIBLE_ASOCIAR_OT]
	at org.hibernate.hql.ast.QuerySyntaxException.convert(QuerySyntaxException.java:54)
	at org.hibernate.hql.ast.QuerySyntaxException.convert(QuerySyntaxException.java:47)
	at org.hibernate.hql.ast.ErrorCounter.throwQueryException(ErrorCounter.java:82)
	at org.hibernate.hql.ast.QueryTranslatorImpl.analyze(QueryTranslatorImpl.java:261)
	at org.hibernate.hql.ast.QueryTranslatorImpl.doCompile(QueryTranslatorImpl.java:185)
	at org.hibernate.hql.ast.QueryTranslatorImpl.compile(QueryTranslatorImpl.java:136)
	at org.hibernate.engine.query.HQLQueryPlan.<init>(HQLQueryPlan.java:101)
	at org.hibernate.engine.query.HQLQueryPlan.<init>(HQLQueryPlan.java:80)
	at org.hibernate.engine.query.QueryPlanCache.getHQLQueryPlan(QueryPlanCache.java:124)
	at org.hibernate.impl.SessionFactoryImpl.checkNamedQueries(SessionFactoryImpl.java:547)
	at org.hibernate.impl.SessionFactoryImpl.<init>(SessionFactoryImpl.java:411)
	at org.hibernate.cfg.Configuration.buildSessionFactory(Configuration.java:1842)
	at org.hibernate.ejb.Ejb3Configuration.buildEntityManagerFactory(Ejb3Configuration.java:902)
	at org.hibernate.ejb.HibernatePersistence.createEntityManagerFactory(HibernatePersistence.java:57)
	at javax.persistence.Persistence.createEntityManagerFactory(Persistence.java:48)
	at javax.persistence.Persistence.createEntityManagerFactory(Persistence.java:32)
	at persistence.util.Jpa.getEmf(Jpa.java:35)
	at persistence.util.Jpa.createEntityManager(Jpa.java:23)
	at business.impl.util.CommandExecutor.execute(CommandExecutor.java:11)
	at business.impl.AlmaceneroServiceImpl.login(AlmaceneroServiceImpl.java:15)
	at ui.almacen.almacenero.PanelLoginAlmacenero$1.actionPerformed(PanelLoginAlmacenero.java:140)
	at javax.swing.AbstractButton.fireActionPerformed(Unknown Source)
	at javax.swing.AbstractButton$Handler.actionPerformed(Unknown Source)
	at javax.swing.DefaultButtonModel.fireActionPerformed(Unknown Source)
	at javax.swing.DefaultButtonModel.setPressed(Unknown Source)
	at javax.swing.plaf.basic.BasicButtonListener.mouseReleased(Unknown Source)
	at java.awt.Component.processMouseEvent(Unknown Source)
	at javax.swing.JComponent.processMouseEvent(Unknown Source)
	at java.awt.Component.processEvent(Unknown Source)
	at java.awt.Container.processEvent(Unknown Source)
	at java.awt.Component.dispatchEventImpl(Unknown Source)
	at java.awt.Container.dispatchEventImpl(Unknown Source)
	at java.awt.Component.dispatchEvent(Unknown Source)
	at java.awt.LightweightDispatcher.retargetMouseEvent(Unknown Source)
	at java.awt.LightweightDispatcher.processMouseEvent(Unknown Source)
	at java.awt.LightweightDispatcher.dispatchEvent(Unknown Source)
	at java.awt.Container.dispatchEventImpl(Unknown Source)
	at java.awt.Window.dispatchEventImpl(Unknown Source)
	at java.awt.Component.dispatchEvent(Unknown Source)
	at java.awt.EventQueue.dispatchEventImpl(Unknown Source)
	at java.awt.EventQueue.access$500(Unknown Source)
	at java.awt.EventQueue$3.run(Unknown Source)
	at java.awt.EventQueue$3.run(Unknown Source)
	at java.security.AccessController.doPrivileged(Native Method)
	at java.security.ProtectionDomain$JavaSecurityAccessImpl.doIntersectionPrivilege(Unknown Source)
	at java.security.ProtectionDomain$JavaSecurityAccessImpl.doIntersectionPrivilege(Unknown Source)
	at java.awt.EventQueue$4.run(Unknown Source)
	at java.awt.EventQueue$4.run(Unknown Source)
	at java.security.AccessController.doPrivileged(Native Method)
	at java.security.ProtectionDomain$JavaSecurityAccessImpl.doIntersectionPrivilege(Unknown Source)
	at java.awt.EventQueue.dispatchEvent(Unknown Source)
	at java.awt.EventDispatchThread.pumpOneEventForFilters(Unknown Source)
	at java.awt.EventDispatchThread.pumpEventsForFilter(Unknown Source)
	at java.awt.EventDispatchThread.pumpEventsForHierarchy(Unknown Source)
	at java.awt.EventDispatchThread.pumpEvents(Unknown Source)
	at java.awt.EventDispatchThread.pumpEvents(Unknown Source)
	at java.awt.EventDispatchThread.run(Unknown Source)
20:46:02,790  WARN SettingsFactory:147 - Could not obtain connection to query metadata
java.sql.SQLRecoverableException: Error de E/S: Connection reset
	at oracle.jdbc.driver.T4CConnection.logon(T4CConnection.java:428)
	at oracle.jdbc.driver.PhysicalConnection.<init>(PhysicalConnection.java:536)
	at oracle.jdbc.driver.T4CConnection.<init>(T4CConnection.java:228)
	at oracle.jdbc.driver.T4CDriverExtension.getConnection(T4CDriverExtension.java:32)
	at oracle.jdbc.driver.OracleDriver.connect(OracleDriver.java:521)
	at java.sql.DriverManager.getConnection(Unknown Source)
	at java.sql.DriverManager.getConnection(Unknown Source)
	at org.hibernate.connection.DriverManagerConnectionProvider.getConnection(DriverManagerConnectionProvider.java:133)
	at org.hibernate.cfg.SettingsFactory.buildSettings(SettingsFactory.java:114)
	at org.hibernate.cfg.Configuration.buildSettingsInternal(Configuration.java:2833)
	at org.hibernate.cfg.Configuration.buildSettings(Configuration.java:2829)
	at org.hibernate.cfg.Configuration.buildSessionFactory(Configuration.java:1840)
	at org.hibernate.ejb.Ejb3Configuration.buildEntityManagerFactory(Ejb3Configuration.java:902)
	at org.hibernate.ejb.HibernatePersistence.createEntityManagerFactory(HibernatePersistence.java:57)
	at javax.persistence.Persistence.createEntityManagerFactory(Persistence.java:48)
	at javax.persistence.Persistence.createEntityManagerFactory(Persistence.java:32)
	at persistence.util.Jpa.getEmf(Jpa.java:35)
	at persistence.util.Jpa.createEntityManager(Jpa.java:23)
	at business.impl.util.CommandExecutor.execute(CommandExecutor.java:15)
	at business.impl.AlmaceneroServiceImpl.login(AlmaceneroServiceImpl.java:15)
	at ui.almacen.almacenero.PanelLoginAlmacenero$1.actionPerformed(PanelLoginAlmacenero.java:140)
	at javax.swing.AbstractButton.fireActionPerformed(Unknown Source)
	at javax.swing.AbstractButton$Handler.actionPerformed(Unknown Source)
	at javax.swing.DefaultButtonModel.fireActionPerformed(Unknown Source)
	at javax.swing.DefaultButtonModel.setPressed(Unknown Source)
	at javax.swing.plaf.basic.BasicButtonListener.mouseReleased(Unknown Source)
	at java.awt.Component.processMouseEvent(Unknown Source)
	at javax.swing.JComponent.processMouseEvent(Unknown Source)
	at java.awt.Component.processEvent(Unknown Source)
	at java.awt.Container.processEvent(Unknown Source)
	at java.awt.Component.dispatchEventImpl(Unknown Source)
	at java.awt.Container.dispatchEventImpl(Unknown Source)
	at java.awt.Component.dispatchEvent(Unknown Source)
	at java.awt.LightweightDispatcher.retargetMouseEvent(Unknown Source)
	at java.awt.LightweightDispatcher.processMouseEvent(Unknown Source)
	at java.awt.LightweightDispatcher.dispatchEvent(Unknown Source)
	at java.awt.Container.dispatchEventImpl(Unknown Source)
	at java.awt.Window.dispatchEventImpl(Unknown Source)
	at java.awt.Component.dispatchEvent(Unknown Source)
	at java.awt.EventQueue.dispatchEventImpl(Unknown Source)
	at java.awt.EventQueue.access$500(Unknown Source)
	at java.awt.EventQueue$3.run(Unknown Source)
	at java.awt.EventQueue$3.run(Unknown Source)
	at java.security.AccessController.doPrivileged(Native Method)
	at java.security.ProtectionDomain$JavaSecurityAccessImpl.doIntersectionPrivilege(Unknown Source)
	at java.security.ProtectionDomain$JavaSecurityAccessImpl.doIntersectionPrivilege(Unknown Source)
	at java.awt.EventQueue$4.run(Unknown Source)
	at java.awt.EventQueue$4.run(Unknown Source)
	at java.security.AccessController.doPrivileged(Native Method)
	at java.security.ProtectionDomain$JavaSecurityAccessImpl.doIntersectionPrivilege(Unknown Source)
	at java.awt.EventQueue.dispatchEvent(Unknown Source)
	at java.awt.EventDispatchThread.pumpOneEventForFilters(Unknown Source)
	at java.awt.EventDispatchThread.pumpEventsForFilter(Unknown Source)
	at java.awt.EventDispatchThread.pumpEventsForHierarchy(Unknown Source)
	at java.awt.EventDispatchThread.pumpEvents(Unknown Source)
	at java.awt.EventDispatchThread.pumpEvents(Unknown Source)
	at java.awt.EventDispatchThread.run(Unknown Source)
Caused by: java.net.SocketException: Connection reset
	at java.net.SocketInputStream.read(Unknown Source)
	at java.net.SocketInputStream.read(Unknown Source)
	at oracle.net.ns.Packet.receive(Packet.java:283)
	at oracle.net.ns.NSProtocol.connect(NSProtocol.java:287)
	at oracle.jdbc.driver.T4CConnection.connect(T4CConnection.java:1054)
	at oracle.jdbc.driver.T4CConnection.logon(T4CConnection.java:308)
	... 56 more
20:46:02,845  WARN Oracle9Dialect:60 - The Oracle9Dialect dialect has been deprecated; use either Oracle9iDialect or Oracle10gDialect instead
20:46:02,847  WARN OracleDialect:48 - The OracleDialect dialect has been deprecated; use Oracle8iDialect instead
20:46:03,166 ERROR PARSER:56 -  Invalid path: 'EstadoPedido.POSIBLE_ASOCIAR_OT'
20:46:03,166 ERROR PARSER:56 -  right-hand operand of a binary operator was null
20:46:03,172 ERROR SessionFactoryImpl:422 - Error in named query: Pedido.findPosibleRecoger
org.hibernate.hql.ast.QuerySyntaxException: Invalid path: 'EstadoPedido.POSIBLE_ASOCIAR_OT' [select p from model.Pedido p where p.estado = EstadoPedido.POSIBLE_ASOCIAR_OT]
	at org.hibernate.hql.ast.QuerySyntaxException.convert(QuerySyntaxException.java:54)
	at org.hibernate.hql.ast.QuerySyntaxException.convert(QuerySyntaxException.java:47)
	at org.hibernate.hql.ast.ErrorCounter.throwQueryException(ErrorCounter.java:82)
	at org.hibernate.hql.ast.QueryTranslatorImpl.analyze(QueryTranslatorImpl.java:261)
	at org.hibernate.hql.ast.QueryTranslatorImpl.doCompile(QueryTranslatorImpl.java:185)
	at org.hibernate.hql.ast.QueryTranslatorImpl.compile(QueryTranslatorImpl.java:136)
	at org.hibernate.engine.query.HQLQueryPlan.<init>(HQLQueryPlan.java:101)
	at org.hibernate.engine.query.HQLQueryPlan.<init>(HQLQueryPlan.java:80)
	at org.hibernate.engine.query.QueryPlanCache.getHQLQueryPlan(QueryPlanCache.java:124)
	at org.hibernate.impl.SessionFactoryImpl.checkNamedQueries(SessionFactoryImpl.java:547)
	at org.hibernate.impl.SessionFactoryImpl.<init>(SessionFactoryImpl.java:411)
	at org.hibernate.cfg.Configuration.buildSessionFactory(Configuration.java:1842)
	at org.hibernate.ejb.Ejb3Configuration.buildEntityManagerFactory(Ejb3Configuration.java:902)
	at org.hibernate.ejb.HibernatePersistence.createEntityManagerFactory(HibernatePersistence.java:57)
	at javax.persistence.Persistence.createEntityManagerFactory(Persistence.java:48)
	at javax.persistence.Persistence.createEntityManagerFactory(Persistence.java:32)
	at persistence.util.Jpa.getEmf(Jpa.java:35)
	at persistence.util.Jpa.createEntityManager(Jpa.java:23)
	at business.impl.util.CommandExecutor.execute(CommandExecutor.java:15)
	at business.impl.AlmaceneroServiceImpl.login(AlmaceneroServiceImpl.java:15)
	at ui.almacen.almacenero.PanelLoginAlmacenero$1.actionPerformed(PanelLoginAlmacenero.java:140)
	at javax.swing.AbstractButton.fireActionPerformed(Unknown Source)
	at javax.swing.AbstractButton$Handler.actionPerformed(Unknown Source)
	at javax.swing.DefaultButtonModel.fireActionPerformed(Unknown Source)
	at javax.swing.DefaultButtonModel.setPressed(Unknown Source)
	at javax.swing.plaf.basic.BasicButtonListener.mouseReleased(Unknown Source)
	at java.awt.Component.processMouseEvent(Unknown Source)
	at javax.swing.JComponent.processMouseEvent(Unknown Source)
	at java.awt.Component.processEvent(Unknown Source)
	at java.awt.Container.processEvent(Unknown Source)
	at java.awt.Component.dispatchEventImpl(Unknown Source)
	at java.awt.Container.dispatchEventImpl(Unknown Source)
	at java.awt.Component.dispatchEvent(Unknown Source)
	at java.awt.LightweightDispatcher.retargetMouseEvent(Unknown Source)
	at java.awt.LightweightDispatcher.processMouseEvent(Unknown Source)
	at java.awt.LightweightDispatcher.dispatchEvent(Unknown Source)
	at java.awt.Container.dispatchEventImpl(Unknown Source)
	at java.awt.Window.dispatchEventImpl(Unknown Source)
	at java.awt.Component.dispatchEvent(Unknown Source)
	at java.awt.EventQueue.dispatchEventImpl(Unknown Source)
	at java.awt.EventQueue.access$500(Unknown Source)
	at java.awt.EventQueue$3.run(Unknown Source)
	at java.awt.EventQueue$3.run(Unknown Source)
	at java.security.AccessController.doPrivileged(Native Method)
	at java.security.ProtectionDomain$JavaSecurityAccessImpl.doIntersectionPrivilege(Unknown Source)
	at java.security.ProtectionDomain$JavaSecurityAccessImpl.doIntersectionPrivilege(Unknown Source)
	at java.awt.EventQueue$4.run(Unknown Source)
	at java.awt.EventQueue$4.run(Unknown Source)
	at java.security.AccessController.doPrivileged(Native Method)
	at java.security.ProtectionDomain$JavaSecurityAccessImpl.doIntersectionPrivilege(Unknown Source)
	at java.awt.EventQueue.dispatchEvent(Unknown Source)
	at java.awt.EventDispatchThread.pumpOneEventForFilters(Unknown Source)
	at java.awt.EventDispatchThread.pumpEventsForFilter(Unknown Source)
	at java.awt.EventDispatchThread.pumpEventsForHierarchy(Unknown Source)
	at java.awt.EventDispatchThread.pumpEvents(Unknown Source)
	at java.awt.EventDispatchThread.pumpEvents(Unknown Source)
	at java.awt.EventDispatchThread.run(Unknown Source)
20:47:48,537  WARN Oracle9Dialect:60 - The Oracle9Dialect dialect has been deprecated; use either Oracle9iDialect or Oracle10gDialect instead
20:47:48,538  WARN OracleDialect:48 - The OracleDialect dialect has been deprecated; use Oracle8iDialect instead
20:47:48,677 ERROR PARSER:56 -  Invalid path: 'EstadoPedido.POSIBLE_ASOCIAR_OT'
20:47:48,677 ERROR PARSER:56 -  right-hand operand of a binary operator was null
20:47:48,681 ERROR SessionFactoryImpl:422 - Error in named query: Pedido.findPosibleRecoger
org.hibernate.hql.ast.QuerySyntaxException: Invalid path: 'EstadoPedido.POSIBLE_ASOCIAR_OT' [select p from model.Pedido p where p.estado = EstadoPedido.POSIBLE_ASOCIAR_OT]
	at org.hibernate.hql.ast.QuerySyntaxException.convert(QuerySyntaxException.java:54)
	at org.hibernate.hql.ast.QuerySyntaxException.convert(QuerySyntaxException.java:47)
	at org.hibernate.hql.ast.ErrorCounter.throwQueryException(ErrorCounter.java:82)
	at org.hibernate.hql.ast.QueryTranslatorImpl.analyze(QueryTranslatorImpl.java:261)
	at org.hibernate.hql.ast.QueryTranslatorImpl.doCompile(QueryTranslatorImpl.java:185)
	at org.hibernate.hql.ast.QueryTranslatorImpl.compile(QueryTranslatorImpl.java:136)
	at org.hibernate.engine.query.HQLQueryPlan.<init>(HQLQueryPlan.java:101)
	at org.hibernate.engine.query.HQLQueryPlan.<init>(HQLQueryPlan.java:80)
	at org.hibernate.engine.query.QueryPlanCache.getHQLQueryPlan(QueryPlanCache.java:124)
	at org.hibernate.impl.SessionFactoryImpl.checkNamedQueries(SessionFactoryImpl.java:547)
	at org.hibernate.impl.SessionFactoryImpl.<init>(SessionFactoryImpl.java:411)
	at org.hibernate.cfg.Configuration.buildSessionFactory(Configuration.java:1842)
	at org.hibernate.ejb.Ejb3Configuration.buildEntityManagerFactory(Ejb3Configuration.java:902)
	at org.hibernate.ejb.HibernatePersistence.createEntityManagerFactory(HibernatePersistence.java:57)
	at javax.persistence.Persistence.createEntityManagerFactory(Persistence.java:48)
	at javax.persistence.Persistence.createEntityManagerFactory(Persistence.java:32)
	at persistence.util.Jpa.getEmf(Jpa.java:35)
	at persistence.util.Jpa.createEntityManager(Jpa.java:23)
	at business.impl.util.CommandExecutor.execute(CommandExecutor.java:15)
	at business.impl.AlmaceneroServiceImpl.login(AlmaceneroServiceImpl.java:15)
	at ui.almacen.almacenero.PanelLoginAlmacenero$1.actionPerformed(PanelLoginAlmacenero.java:140)
	at javax.swing.AbstractButton.fireActionPerformed(Unknown Source)
	at javax.swing.AbstractButton$Handler.actionPerformed(Unknown Source)
	at javax.swing.DefaultButtonModel.fireActionPerformed(Unknown Source)
	at javax.swing.DefaultButtonModel.setPressed(Unknown Source)
	at javax.swing.plaf.basic.BasicButtonListener.mouseReleased(Unknown Source)
	at java.awt.Component.processMouseEvent(Unknown Source)
	at javax.swing.JComponent.processMouseEvent(Unknown Source)
	at java.awt.Component.processEvent(Unknown Source)
	at java.awt.Container.processEvent(Unknown Source)
	at java.awt.Component.dispatchEventImpl(Unknown Source)
	at java.awt.Container.dispatchEventImpl(Unknown Source)
	at java.awt.Component.dispatchEvent(Unknown Source)
	at java.awt.LightweightDispatcher.retargetMouseEvent(Unknown Source)
	at java.awt.LightweightDispatcher.processMouseEvent(Unknown Source)
	at java.awt.LightweightDispatcher.dispatchEvent(Unknown Source)
	at java.awt.Container.dispatchEventImpl(Unknown Source)
	at java.awt.Window.dispatchEventImpl(Unknown Source)
	at java.awt.Component.dispatchEvent(Unknown Source)
	at java.awt.EventQueue.dispatchEventImpl(Unknown Source)
	at java.awt.EventQueue.access$500(Unknown Source)
	at java.awt.EventQueue$3.run(Unknown Source)
	at java.awt.EventQueue$3.run(Unknown Source)
	at java.security.AccessController.doPrivileged(Native Method)
	at java.security.ProtectionDomain$JavaSecurityAccessImpl.doIntersectionPrivilege(Unknown Source)
	at java.security.ProtectionDomain$JavaSecurityAccessImpl.doIntersectionPrivilege(Unknown Source)
	at java.awt.EventQueue$4.run(Unknown Source)
	at java.awt.EventQueue$4.run(Unknown Source)
	at java.security.AccessController.doPrivileged(Native Method)
	at java.security.ProtectionDomain$JavaSecurityAccessImpl.doIntersectionPrivilege(Unknown Source)
	at java.awt.EventQueue.dispatchEvent(Unknown Source)
	at java.awt.EventDispatchThread.pumpOneEventForFilters(Unknown Source)
	at java.awt.EventDispatchThread.pumpEventsForFilter(Unknown Source)
	at java.awt.EventDispatchThread.pumpEventsForHierarchy(Unknown Source)
	at java.awt.EventDispatchThread.pumpEvents(Unknown Source)
	at java.awt.EventDispatchThread.pumpEvents(Unknown Source)
	at java.awt.EventDispatchThread.run(Unknown Source)
20:47:55,344  WARN Oracle9Dialect:60 - The Oracle9Dialect dialect has been deprecated; use either Oracle9iDialect or Oracle10gDialect instead
20:47:55,345  WARN OracleDialect:48 - The OracleDialect dialect has been deprecated; use Oracle8iDialect instead
20:47:55,470 ERROR PARSER:56 -  Invalid path: 'EstadoPedido.POSIBLE_ASOCIAR_OT'
20:47:55,471 ERROR PARSER:56 -  right-hand operand of a binary operator was null
20:47:55,474 ERROR SessionFactoryImpl:422 - Error in named query: Pedido.findPosibleRecoger
org.hibernate.hql.ast.QuerySyntaxException: Invalid path: 'EstadoPedido.POSIBLE_ASOCIAR_OT' [select p from model.Pedido p where p.estado = EstadoPedido.POSIBLE_ASOCIAR_OT]
	at org.hibernate.hql.ast.QuerySyntaxException.convert(QuerySyntaxException.java:54)
	at org.hibernate.hql.ast.QuerySyntaxException.convert(QuerySyntaxException.java:47)
	at org.hibernate.hql.ast.ErrorCounter.throwQueryException(ErrorCounter.java:82)
	at org.hibernate.hql.ast.QueryTranslatorImpl.analyze(QueryTranslatorImpl.java:261)
	at org.hibernate.hql.ast.QueryTranslatorImpl.doCompile(QueryTranslatorImpl.java:185)
	at org.hibernate.hql.ast.QueryTranslatorImpl.compile(QueryTranslatorImpl.java:136)
	at org.hibernate.engine.query.HQLQueryPlan.<init>(HQLQueryPlan.java:101)
	at org.hibernate.engine.query.HQLQueryPlan.<init>(HQLQueryPlan.java:80)
	at org.hibernate.engine.query.QueryPlanCache.getHQLQueryPlan(QueryPlanCache.java:124)
	at org.hibernate.impl.SessionFactoryImpl.checkNamedQueries(SessionFactoryImpl.java:547)
	at org.hibernate.impl.SessionFactoryImpl.<init>(SessionFactoryImpl.java:411)
	at org.hibernate.cfg.Configuration.buildSessionFactory(Configuration.java:1842)
	at org.hibernate.ejb.Ejb3Configuration.buildEntityManagerFactory(Ejb3Configuration.java:902)
	at org.hibernate.ejb.HibernatePersistence.createEntityManagerFactory(HibernatePersistence.java:57)
	at javax.persistence.Persistence.createEntityManagerFactory(Persistence.java:48)
	at javax.persistence.Persistence.createEntityManagerFactory(Persistence.java:32)
	at persistence.util.Jpa.getEmf(Jpa.java:35)
	at persistence.util.Jpa.createEntityManager(Jpa.java:23)
	at business.impl.util.CommandExecutor.execute(CommandExecutor.java:15)
	at business.impl.AlmaceneroServiceImpl.login(AlmaceneroServiceImpl.java:15)
	at ui.almacen.almacenero.PanelLoginAlmacenero$1.actionPerformed(PanelLoginAlmacenero.java:140)
	at javax.swing.AbstractButton.fireActionPerformed(Unknown Source)
	at javax.swing.AbstractButton$Handler.actionPerformed(Unknown Source)
	at javax.swing.DefaultButtonModel.fireActionPerformed(Unknown Source)
	at javax.swing.DefaultButtonModel.setPressed(Unknown Source)
	at javax.swing.plaf.basic.BasicButtonListener.mouseReleased(Unknown Source)
	at java.awt.Component.processMouseEvent(Unknown Source)
	at javax.swing.JComponent.processMouseEvent(Unknown Source)
	at java.awt.Component.processEvent(Unknown Source)
	at java.awt.Container.processEvent(Unknown Source)
	at java.awt.Component.dispatchEventImpl(Unknown Source)
	at java.awt.Container.dispatchEventImpl(Unknown Source)
	at java.awt.Component.dispatchEvent(Unknown Source)
	at java.awt.LightweightDispatcher.retargetMouseEvent(Unknown Source)
	at java.awt.LightweightDispatcher.processMouseEvent(Unknown Source)
	at java.awt.LightweightDispatcher.dispatchEvent(Unknown Source)
	at java.awt.Container.dispatchEventImpl(Unknown Source)
	at java.awt.Window.dispatchEventImpl(Unknown Source)
	at java.awt.Component.dispatchEvent(Unknown Source)
	at java.awt.EventQueue.dispatchEventImpl(Unknown Source)
	at java.awt.EventQueue.access$500(Unknown Source)
	at java.awt.EventQueue$3.run(Unknown Source)
	at java.awt.EventQueue$3.run(Unknown Source)
	at java.security.AccessController.doPrivileged(Native Method)
	at java.security.ProtectionDomain$JavaSecurityAccessImpl.doIntersectionPrivilege(Unknown Source)
	at java.security.ProtectionDomain$JavaSecurityAccessImpl.doIntersectionPrivilege(Unknown Source)
	at java.awt.EventQueue$4.run(Unknown Source)
	at java.awt.EventQueue$4.run(Unknown Source)
	at java.security.AccessController.doPrivileged(Native Method)
	at java.security.ProtectionDomain$JavaSecurityAccessImpl.doIntersectionPrivilege(Unknown Source)
	at java.awt.EventQueue.dispatchEvent(Unknown Source)
	at java.awt.EventDispatchThread.pumpOneEventForFilters(Unknown Source)
	at java.awt.EventDispatchThread.pumpEventsForFilter(Unknown Source)
	at java.awt.EventDispatchThread.pumpEventsForHierarchy(Unknown Source)
	at java.awt.EventDispatchThread.pumpEvents(Unknown Source)
	at java.awt.EventDispatchThread.pumpEvents(Unknown Source)
	at java.awt.EventDispatchThread.run(Unknown Source)
20:48:39,376  WARN Oracle9Dialect:60 - The Oracle9Dialect dialect has been deprecated; use either Oracle9iDialect or Oracle10gDialect instead
20:48:39,380  WARN OracleDialect:48 - The OracleDialect dialect has been deprecated; use Oracle8iDialect instead
20:48:39,691 ERROR PARSER:56 -  Invalid path: 'EstadoPedido.POSIBLE_ASOCIAR_OT'
20:48:39,692 ERROR PARSER:56 -  right-hand operand of a binary operator was null
20:48:39,708 ERROR SessionFactoryImpl:422 - Error in named query: Pedido.findPosibleRecoger
org.hibernate.hql.ast.QuerySyntaxException: Invalid path: 'EstadoPedido.POSIBLE_ASOCIAR_OT' [select p from model.Pedido p where p.estado = EstadoPedido.POSIBLE_ASOCIAR_OT]
	at org.hibernate.hql.ast.QuerySyntaxException.convert(QuerySyntaxException.java:54)
	at org.hibernate.hql.ast.QuerySyntaxException.convert(QuerySyntaxException.java:47)
	at org.hibernate.hql.ast.ErrorCounter.throwQueryException(ErrorCounter.java:82)
	at org.hibernate.hql.ast.QueryTranslatorImpl.analyze(QueryTranslatorImpl.java:261)
	at org.hibernate.hql.ast.QueryTranslatorImpl.doCompile(QueryTranslatorImpl.java:185)
	at org.hibernate.hql.ast.QueryTranslatorImpl.compile(QueryTranslatorImpl.java:136)
	at org.hibernate.engine.query.HQLQueryPlan.<init>(HQLQueryPlan.java:101)
	at org.hibernate.engine.query.HQLQueryPlan.<init>(HQLQueryPlan.java:80)
	at org.hibernate.engine.query.QueryPlanCache.getHQLQueryPlan(QueryPlanCache.java:124)
	at org.hibernate.impl.SessionFactoryImpl.checkNamedQueries(SessionFactoryImpl.java:547)
	at org.hibernate.impl.SessionFactoryImpl.<init>(SessionFactoryImpl.java:411)
	at org.hibernate.cfg.Configuration.buildSessionFactory(Configuration.java:1842)
	at org.hibernate.ejb.Ejb3Configuration.buildEntityManagerFactory(Ejb3Configuration.java:902)
	at org.hibernate.ejb.HibernatePersistence.createEntityManagerFactory(HibernatePersistence.java:57)
	at javax.persistence.Persistence.createEntityManagerFactory(Persistence.java:48)
	at javax.persistence.Persistence.createEntityManagerFactory(Persistence.java:32)
	at persistence.util.Jpa.getEmf(Jpa.java:35)
	at persistence.util.Jpa.createEntityManager(Jpa.java:23)
	at business.impl.util.CommandExecutor.execute(CommandExecutor.java:15)
	at business.impl.AlmaceneroServiceImpl.login(AlmaceneroServiceImpl.java:15)
	at ui.almacen.almacenero.PanelLoginAlmacenero$1.actionPerformed(PanelLoginAlmacenero.java:140)
	at javax.swing.AbstractButton.fireActionPerformed(Unknown Source)
	at javax.swing.AbstractButton$Handler.actionPerformed(Unknown Source)
	at javax.swing.DefaultButtonModel.fireActionPerformed(Unknown Source)
	at javax.swing.DefaultButtonModel.setPressed(Unknown Source)
	at javax.swing.plaf.basic.BasicButtonListener.mouseReleased(Unknown Source)
	at java.awt.Component.processMouseEvent(Unknown Source)
	at javax.swing.JComponent.processMouseEvent(Unknown Source)
	at java.awt.Component.processEvent(Unknown Source)
	at java.awt.Container.processEvent(Unknown Source)
	at java.awt.Component.dispatchEventImpl(Unknown Source)
	at java.awt.Container.dispatchEventImpl(Unknown Source)
	at java.awt.Component.dispatchEvent(Unknown Source)
	at java.awt.LightweightDispatcher.retargetMouseEvent(Unknown Source)
	at java.awt.LightweightDispatcher.processMouseEvent(Unknown Source)
	at java.awt.LightweightDispatcher.dispatchEvent(Unknown Source)
	at java.awt.Container.dispatchEventImpl(Unknown Source)
	at java.awt.Window.dispatchEventImpl(Unknown Source)
	at java.awt.Component.dispatchEvent(Unknown Source)
	at java.awt.EventQueue.dispatchEventImpl(Unknown Source)
	at java.awt.EventQueue.access$500(Unknown Source)
	at java.awt.EventQueue$3.run(Unknown Source)
	at java.awt.EventQueue$3.run(Unknown Source)
	at java.security.AccessController.doPrivileged(Native Method)
	at java.security.ProtectionDomain$JavaSecurityAccessImpl.doIntersectionPrivilege(Unknown Source)
	at java.security.ProtectionDomain$JavaSecurityAccessImpl.doIntersectionPrivilege(Unknown Source)
	at java.awt.EventQueue$4.run(Unknown Source)
	at java.awt.EventQueue$4.run(Unknown Source)
	at java.security.AccessController.doPrivileged(Native Method)
	at java.security.ProtectionDomain$JavaSecurityAccessImpl.doIntersectionPrivilege(Unknown Source)
	at java.awt.EventQueue.dispatchEvent(Unknown Source)
	at java.awt.EventDispatchThread.pumpOneEventForFilters(Unknown Source)
	at java.awt.EventDispatchThread.pumpEventsForFilter(Unknown Source)
	at java.awt.EventDispatchThread.pumpEventsForHierarchy(Unknown Source)
	at java.awt.EventDispatchThread.pumpEvents(Unknown Source)
	at java.awt.EventDispatchThread.pumpEvents(Unknown Source)
	at java.awt.EventDispatchThread.run(Unknown Source)
20:56:24,306  WARN Oracle9Dialect:60 - The Oracle9Dialect dialect has been deprecated; use either Oracle9iDialect or Oracle10gDialect instead
20:56:24,310  WARN OracleDialect:48 - The OracleDialect dialect has been deprecated; use Oracle8iDialect instead
20:56:24,625 ERROR PARSER:56 -  Invalid path: 'EstadoPedido.POSIBLE_ASOCIAR_OT'
20:56:24,626 ERROR PARSER:56 -  right-hand operand of a binary operator was null
20:56:24,643 ERROR SessionFactoryImpl:422 - Error in named query: Pedido.findPosibleRecoger
org.hibernate.hql.ast.QuerySyntaxException: Invalid path: 'EstadoPedido.POSIBLE_ASOCIAR_OT' [select p from model.Pedido p where p.estado = EstadoPedido.POSIBLE_ASOCIAR_OT]
	at org.hibernate.hql.ast.QuerySyntaxException.convert(QuerySyntaxException.java:54)
	at org.hibernate.hql.ast.QuerySyntaxException.convert(QuerySyntaxException.java:47)
	at org.hibernate.hql.ast.ErrorCounter.throwQueryException(ErrorCounter.java:82)
	at org.hibernate.hql.ast.QueryTranslatorImpl.analyze(QueryTranslatorImpl.java:261)
	at org.hibernate.hql.ast.QueryTranslatorImpl.doCompile(QueryTranslatorImpl.java:185)
	at org.hibernate.hql.ast.QueryTranslatorImpl.compile(QueryTranslatorImpl.java:136)
	at org.hibernate.engine.query.HQLQueryPlan.<init>(HQLQueryPlan.java:101)
	at org.hibernate.engine.query.HQLQueryPlan.<init>(HQLQueryPlan.java:80)
	at org.hibernate.engine.query.QueryPlanCache.getHQLQueryPlan(QueryPlanCache.java:124)
	at org.hibernate.impl.SessionFactoryImpl.checkNamedQueries(SessionFactoryImpl.java:547)
	at org.hibernate.impl.SessionFactoryImpl.<init>(SessionFactoryImpl.java:411)
	at org.hibernate.cfg.Configuration.buildSessionFactory(Configuration.java:1842)
	at org.hibernate.ejb.Ejb3Configuration.buildEntityManagerFactory(Ejb3Configuration.java:902)
	at org.hibernate.ejb.HibernatePersistence.createEntityManagerFactory(HibernatePersistence.java:57)
	at javax.persistence.Persistence.createEntityManagerFactory(Persistence.java:48)
	at javax.persistence.Persistence.createEntityManagerFactory(Persistence.java:32)
	at persistence.util.Jpa.getEmf(Jpa.java:35)
	at persistence.util.Jpa.createEntityManager(Jpa.java:23)
	at business.impl.util.CommandExecutor.execute(CommandExecutor.java:15)
	at business.impl.AlmaceneroServiceImpl.login(AlmaceneroServiceImpl.java:15)
	at ui.almacen.almacenero.PanelLoginAlmacenero$1.actionPerformed(PanelLoginAlmacenero.java:140)
	at javax.swing.AbstractButton.fireActionPerformed(Unknown Source)
	at javax.swing.AbstractButton$Handler.actionPerformed(Unknown Source)
	at javax.swing.DefaultButtonModel.fireActionPerformed(Unknown Source)
	at javax.swing.DefaultButtonModel.setPressed(Unknown Source)
	at javax.swing.plaf.basic.BasicButtonListener.mouseReleased(Unknown Source)
	at java.awt.Component.processMouseEvent(Unknown Source)
	at javax.swing.JComponent.processMouseEvent(Unknown Source)
	at java.awt.Component.processEvent(Unknown Source)
	at java.awt.Container.processEvent(Unknown Source)
	at java.awt.Component.dispatchEventImpl(Unknown Source)
	at java.awt.Container.dispatchEventImpl(Unknown Source)
	at java.awt.Component.dispatchEvent(Unknown Source)
	at java.awt.LightweightDispatcher.retargetMouseEvent(Unknown Source)
	at java.awt.LightweightDispatcher.processMouseEvent(Unknown Source)
	at java.awt.LightweightDispatcher.dispatchEvent(Unknown Source)
	at java.awt.Container.dispatchEventImpl(Unknown Source)
	at java.awt.Window.dispatchEventImpl(Unknown Source)
	at java.awt.Component.dispatchEvent(Unknown Source)
	at java.awt.EventQueue.dispatchEventImpl(Unknown Source)
	at java.awt.EventQueue.access$500(Unknown Source)
	at java.awt.EventQueue$3.run(Unknown Source)
	at java.awt.EventQueue$3.run(Unknown Source)
	at java.security.AccessController.doPrivileged(Native Method)
	at java.security.ProtectionDomain$JavaSecurityAccessImpl.doIntersectionPrivilege(Unknown Source)
	at java.security.ProtectionDomain$JavaSecurityAccessImpl.doIntersectionPrivilege(Unknown Source)
	at java.awt.EventQueue$4.run(Unknown Source)
	at java.awt.EventQueue$4.run(Unknown Source)
	at java.security.AccessController.doPrivileged(Native Method)
	at java.security.ProtectionDomain$JavaSecurityAccessImpl.doIntersectionPrivilege(Unknown Source)
	at java.awt.EventQueue.dispatchEvent(Unknown Source)
	at java.awt.EventDispatchThread.pumpOneEventForFilters(Unknown Source)
	at java.awt.EventDispatchThread.pumpEventsForFilter(Unknown Source)
	at java.awt.EventDispatchThread.pumpEventsForHierarchy(Unknown Source)
	at java.awt.EventDispatchThread.pumpEvents(Unknown Source)
	at java.awt.EventDispatchThread.pumpEvents(Unknown Source)
	at java.awt.EventDispatchThread.run(Unknown Source)
20:57:46,358  WARN Oracle9Dialect:60 - The Oracle9Dialect dialect has been deprecated; use either Oracle9iDialect or Oracle10gDialect instead
20:57:46,366  WARN OracleDialect:48 - The OracleDialect dialect has been deprecated; use Oracle8iDialect instead
20:57:47,212 ERROR PARSER:56 -  Invalid path: 'EstadoPedido.POSIBLE_ASOCIAR_OT'
20:57:47,215 ERROR PARSER:56 -  right-hand operand of a binary operator was null
20:57:47,277 ERROR SessionFactoryImpl:422 - Error in named query: Pedido.findPosibleRecoger
org.hibernate.hql.ast.QuerySyntaxException: Invalid path: 'EstadoPedido.POSIBLE_ASOCIAR_OT' [select p from model.Pedido p where p.estado = EstadoPedido.POSIBLE_ASOCIAR_OT]
	at org.hibernate.hql.ast.QuerySyntaxException.convert(QuerySyntaxException.java:54)
	at org.hibernate.hql.ast.QuerySyntaxException.convert(QuerySyntaxException.java:47)
	at org.hibernate.hql.ast.ErrorCounter.throwQueryException(ErrorCounter.java:82)
	at org.hibernate.hql.ast.QueryTranslatorImpl.analyze(QueryTranslatorImpl.java:261)
	at org.hibernate.hql.ast.QueryTranslatorImpl.doCompile(QueryTranslatorImpl.java:185)
	at org.hibernate.hql.ast.QueryTranslatorImpl.compile(QueryTranslatorImpl.java:136)
	at org.hibernate.engine.query.HQLQueryPlan.<init>(HQLQueryPlan.java:101)
	at org.hibernate.engine.query.HQLQueryPlan.<init>(HQLQueryPlan.java:80)
	at org.hibernate.engine.query.QueryPlanCache.getHQLQueryPlan(QueryPlanCache.java:124)
	at org.hibernate.impl.SessionFactoryImpl.checkNamedQueries(SessionFactoryImpl.java:547)
	at org.hibernate.impl.SessionFactoryImpl.<init>(SessionFactoryImpl.java:411)
	at org.hibernate.cfg.Configuration.buildSessionFactory(Configuration.java:1842)
	at org.hibernate.ejb.Ejb3Configuration.buildEntityManagerFactory(Ejb3Configuration.java:902)
	at org.hibernate.ejb.HibernatePersistence.createEntityManagerFactory(HibernatePersistence.java:57)
	at javax.persistence.Persistence.createEntityManagerFactory(Persistence.java:48)
	at javax.persistence.Persistence.createEntityManagerFactory(Persistence.java:32)
	at persistence.util.Jpa.getEmf(Jpa.java:35)
	at persistence.util.Jpa.createEntityManager(Jpa.java:23)
	at business.impl.util.CommandExecutor.execute(CommandExecutor.java:15)
	at business.impl.AlmaceneroServiceImpl.login(AlmaceneroServiceImpl.java:15)
	at ui.almacen.almacenero.PanelLoginAlmacenero$1.actionPerformed(PanelLoginAlmacenero.java:140)
	at javax.swing.AbstractButton.fireActionPerformed(Unknown Source)
	at javax.swing.AbstractButton$Handler.actionPerformed(Unknown Source)
	at javax.swing.DefaultButtonModel.fireActionPerformed(Unknown Source)
	at javax.swing.DefaultButtonModel.setPressed(Unknown Source)
	at javax.swing.plaf.basic.BasicButtonListener.mouseReleased(Unknown Source)
	at java.awt.Component.processMouseEvent(Unknown Source)
	at javax.swing.JComponent.processMouseEvent(Unknown Source)
	at java.awt.Component.processEvent(Unknown Source)
	at java.awt.Container.processEvent(Unknown Source)
	at java.awt.Component.dispatchEventImpl(Unknown Source)
	at java.awt.Container.dispatchEventImpl(Unknown Source)
	at java.awt.Component.dispatchEvent(Unknown Source)
	at java.awt.LightweightDispatcher.retargetMouseEvent(Unknown Source)
	at java.awt.LightweightDispatcher.processMouseEvent(Unknown Source)
	at java.awt.LightweightDispatcher.dispatchEvent(Unknown Source)
	at java.awt.Container.dispatchEventImpl(Unknown Source)
	at java.awt.Window.dispatchEventImpl(Unknown Source)
	at java.awt.Component.dispatchEvent(Unknown Source)
	at java.awt.EventQueue.dispatchEventImpl(Unknown Source)
	at java.awt.EventQueue.access$500(Unknown Source)
	at java.awt.EventQueue$3.run(Unknown Source)
	at java.awt.EventQueue$3.run(Unknown Source)
	at java.security.AccessController.doPrivileged(Native Method)
	at java.security.ProtectionDomain$JavaSecurityAccessImpl.doIntersectionPrivilege(Unknown Source)
	at java.security.ProtectionDomain$JavaSecurityAccessImpl.doIntersectionPrivilege(Unknown Source)
	at java.awt.EventQueue$4.run(Unknown Source)
	at java.awt.EventQueue$4.run(Unknown Source)
	at java.security.AccessController.doPrivileged(Native Method)
	at java.security.ProtectionDomain$JavaSecurityAccessImpl.doIntersectionPrivilege(Unknown Source)
	at java.awt.EventQueue.dispatchEvent(Unknown Source)
	at java.awt.EventDispatchThread.pumpOneEventForFilters(Unknown Source)
	at java.awt.EventDispatchThread.pumpEventsForFilter(Unknown Source)
	at java.awt.EventDispatchThread.pumpEventsForHierarchy(Unknown Source)
	at java.awt.EventDispatchThread.pumpEvents(Unknown Source)
	at java.awt.EventDispatchThread.pumpEvents(Unknown Source)
	at java.awt.EventDispatchThread.run(Unknown Source)
21:07:25,987  WARN Oracle9Dialect:60 - The Oracle9Dialect dialect has been deprecated; use either Oracle9iDialect or Oracle10gDialect instead
21:07:25,990  WARN OracleDialect:48 - The OracleDialect dialect has been deprecated; use Oracle8iDialect instead
21:21:33,341  WARN Oracle9Dialect:60 - The Oracle9Dialect dialect has been deprecated; use either Oracle9iDialect or Oracle10gDialect instead
21:21:33,346  WARN OracleDialect:48 - The OracleDialect dialect has been deprecated; use Oracle8iDialect instead
21:23:28,524  WARN Oracle9Dialect:60 - The Oracle9Dialect dialect has been deprecated; use either Oracle9iDialect or Oracle10gDialect instead
21:23:28,526  WARN OracleDialect:48 - The OracleDialect dialect has been deprecated; use Oracle8iDialect instead
19:17:28,091  WARN Oracle9Dialect:60 - The Oracle9Dialect dialect has been deprecated; use either Oracle9iDialect or Oracle10gDialect instead
19:17:28,093  WARN OracleDialect:48 - The OracleDialect dialect has been deprecated; use Oracle8iDialect instead
19:17:28,673  WARN JDBCExceptionReporter:233 - SQL Error: 904, SQLState: 42000
19:17:28,674 ERROR JDBCExceptionReporter:234 - ORA-00904: "PRODUCTO0_"."DESCRIPCION": identificador no válido

19:17:34,666  WARN JDBCExceptionReporter:233 - SQL Error: 904, SQLState: 42000
19:17:34,667 ERROR JDBCExceptionReporter:234 - ORA-00904: "PRODUCTO0_"."DESCRIPCION": identificador no válido

16:22:51,720  WARN Oracle9Dialect:60 - The Oracle9Dialect dialect has been deprecated; use either Oracle9iDialect or Oracle10gDialect instead
16:22:51,737  WARN OracleDialect:48 - The OracleDialect dialect has been deprecated; use Oracle8iDialect instead
16:24:36,646  WARN Oracle9Dialect:60 - The Oracle9Dialect dialect has been deprecated; use either Oracle9iDialect or Oracle10gDialect instead
16:24:36,650  WARN OracleDialect:48 - The OracleDialect dialect has been deprecated; use Oracle8iDialect instead
16:25:57,560  WARN Oracle9Dialect:60 - The Oracle9Dialect dialect has been deprecated; use either Oracle9iDialect or Oracle10gDialect instead
16:25:57,564  WARN OracleDialect:48 - The OracleDialect dialect has been deprecated; use Oracle8iDialect instead
16:26:44,987  WARN Oracle9Dialect:60 - The Oracle9Dialect dialect has been deprecated; use either Oracle9iDialect or Oracle10gDialect instead
16:26:44,991  WARN OracleDialect:48 - The OracleDialect dialect has been deprecated; use Oracle8iDialect instead
16:33:09,648  WARN Oracle9Dialect:60 - The Oracle9Dialect dialect has been deprecated; use either Oracle9iDialect or Oracle10gDialect instead
16:33:09,652  WARN OracleDialect:48 - The OracleDialect dialect has been deprecated; use Oracle8iDialect instead
16:33:51,470  WARN Oracle9Dialect:60 - The Oracle9Dialect dialect has been deprecated; use either Oracle9iDialect or Oracle10gDialect instead
16:33:51,473  WARN OracleDialect:48 - The OracleDialect dialect has been deprecated; use Oracle8iDialect instead
16:34:30,889  WARN Oracle9Dialect:60 - The Oracle9Dialect dialect has been deprecated; use either Oracle9iDialect or Oracle10gDialect instead
16:34:30,893  WARN OracleDialect:48 - The OracleDialect dialect has been deprecated; use Oracle8iDialect instead
16:44:30,858  WARN Oracle9Dialect:60 - The Oracle9Dialect dialect has been deprecated; use either Oracle9iDialect or Oracle10gDialect instead
16:44:30,862  WARN OracleDialect:48 - The OracleDialect dialect has been deprecated; use Oracle8iDialect instead
16:49:15,270  WARN Oracle9Dialect:60 - The Oracle9Dialect dialect has been deprecated; use either Oracle9iDialect or Oracle10gDialect instead
16:49:15,275  WARN OracleDialect:48 - The OracleDialect dialect has been deprecated; use Oracle8iDialect instead
16:50:41,180  WARN Oracle9Dialect:60 - The Oracle9Dialect dialect has been deprecated; use either Oracle9iDialect or Oracle10gDialect instead
16:50:41,184  WARN OracleDialect:48 - The OracleDialect dialect has been deprecated; use Oracle8iDialect instead
16:54:35,878  WARN Oracle9Dialect:60 - The Oracle9Dialect dialect has been deprecated; use either Oracle9iDialect or Oracle10gDialect instead
16:54:35,882  WARN OracleDialect:48 - The OracleDialect dialect has been deprecated; use Oracle8iDialect instead
16:57:01,368  WARN Oracle9Dialect:60 - The Oracle9Dialect dialect has been deprecated; use either Oracle9iDialect or Oracle10gDialect instead
16:57:01,372  WARN OracleDialect:48 - The OracleDialect dialect has been deprecated; use Oracle8iDialect instead
16:57:23,720  WARN Oracle9Dialect:60 - The Oracle9Dialect dialect has been deprecated; use either Oracle9iDialect or Oracle10gDialect instead
16:57:23,725  WARN OracleDialect:48 - The OracleDialect dialect has been deprecated; use Oracle8iDialect instead
17:00:48,830  WARN Oracle9Dialect:60 - The Oracle9Dialect dialect has been deprecated; use either Oracle9iDialect or Oracle10gDialect instead
17:00:48,834  WARN OracleDialect:48 - The OracleDialect dialect has been deprecated; use Oracle8iDialect instead
20:32:12,892  WARN Oracle9Dialect:60 - The Oracle9Dialect dialect has been deprecated; use either Oracle9iDialect or Oracle10gDialect instead
20:32:12,898  WARN OracleDialect:48 - The OracleDialect dialect has been deprecated; use Oracle8iDialect instead
20:33:01,757 ERROR LazyInitializationException:42 - failed to lazily initialize a collection of role: model.Categoria.productos, no session or session was closed
org.hibernate.LazyInitializationException: failed to lazily initialize a collection of role: model.Categoria.productos, no session or session was closed
	at org.hibernate.collection.AbstractPersistentCollection.throwLazyInitializationException(AbstractPersistentCollection.java:383)
	at org.hibernate.collection.AbstractPersistentCollection.throwLazyInitializationExceptionIfNotConnected(AbstractPersistentCollection.java:375)
	at org.hibernate.collection.AbstractPersistentCollection.initialize(AbstractPersistentCollection.java:368)
	at org.hibernate.collection.PersistentSet.add(PersistentSet.java:212)
	at model.Asociacion$Categorizar.link(Asociacion.java:88)
	at model.Producto.<init>(Producto.java:53)
	at test.business.acciones.NuevoProducto.doTest(NuevoProducto.java:31)
	at test.business.TestExecutor.ejecutarPrueba(TestExecutor.java:45)
	at test.ui.panelesCentro.PanelCreacionProductos$1.actionPerformed(PanelCreacionProductos.java:287)
	at javax.swing.AbstractButton.fireActionPerformed(Unknown Source)
	at javax.swing.AbstractButton$Handler.actionPerformed(Unknown Source)
	at javax.swing.DefaultButtonModel.fireActionPerformed(Unknown Source)
	at javax.swing.DefaultButtonModel.setPressed(Unknown Source)
	at javax.swing.plaf.basic.BasicButtonListener.mouseReleased(Unknown Source)
	at java.awt.Component.processMouseEvent(Unknown Source)
	at javax.swing.JComponent.processMouseEvent(Unknown Source)
	at java.awt.Component.processEvent(Unknown Source)
	at java.awt.Container.processEvent(Unknown Source)
	at java.awt.Component.dispatchEventImpl(Unknown Source)
	at java.awt.Container.dispatchEventImpl(Unknown Source)
	at java.awt.Component.dispatchEvent(Unknown Source)
	at java.awt.LightweightDispatcher.retargetMouseEvent(Unknown Source)
	at java.awt.LightweightDispatcher.processMouseEvent(Unknown Source)
	at java.awt.LightweightDispatcher.dispatchEvent(Unknown Source)
	at java.awt.Container.dispatchEventImpl(Unknown Source)
	at java.awt.Window.dispatchEventImpl(Unknown Source)
	at java.awt.Component.dispatchEvent(Unknown Source)
	at java.awt.EventQueue.dispatchEventImpl(Unknown Source)
	at java.awt.EventQueue.access$500(Unknown Source)
	at java.awt.EventQueue$3.run(Unknown Source)
	at java.awt.EventQueue$3.run(Unknown Source)
	at java.security.AccessController.doPrivileged(Native Method)
	at java.security.ProtectionDomain$JavaSecurityAccessImpl.doIntersectionPrivilege(Unknown Source)
	at java.security.ProtectionDomain$JavaSecurityAccessImpl.doIntersectionPrivilege(Unknown Source)
	at java.awt.EventQueue$4.run(Unknown Source)
	at java.awt.EventQueue$4.run(Unknown Source)
	at java.security.AccessController.doPrivileged(Native Method)
	at java.security.ProtectionDomain$JavaSecurityAccessImpl.doIntersectionPrivilege(Unknown Source)
	at java.awt.EventQueue.dispatchEvent(Unknown Source)
	at java.awt.EventDispatchThread.pumpOneEventForFilters(Unknown Source)
	at java.awt.EventDispatchThread.pumpEventsForFilter(Unknown Source)
	at java.awt.EventDispatchThread.pumpEventsForHierarchy(Unknown Source)
	at java.awt.EventDispatchThread.pumpEvents(Unknown Source)
	at java.awt.EventDispatchThread.pumpEvents(Unknown Source)
	at java.awt.EventDispatchThread.run(Unknown Source)
20:35:43,388  WARN Oracle9Dialect:60 - The Oracle9Dialect dialect has been deprecated; use either Oracle9iDialect or Oracle10gDialect instead
20:35:43,391  WARN OracleDialect:48 - The OracleDialect dialect has been deprecated; use Oracle8iDialect instead
20:42:55,283  WARN Oracle9Dialect:60 - The Oracle9Dialect dialect has been deprecated; use either Oracle9iDialect or Oracle10gDialect instead
20:42:55,287  WARN OracleDialect:48 - The OracleDialect dialect has been deprecated; use Oracle8iDialect instead
20:48:33,879  WARN Oracle9Dialect:60 - The Oracle9Dialect dialect has been deprecated; use either Oracle9iDialect or Oracle10gDialect instead
20:48:33,882  WARN OracleDialect:48 - The OracleDialect dialect has been deprecated; use Oracle8iDialect instead
20:50:41,751  WARN Oracle9Dialect:60 - The Oracle9Dialect dialect has been deprecated; use either Oracle9iDialect or Oracle10gDialect instead
20:50:41,755  WARN OracleDialect:48 - The OracleDialect dialect has been deprecated; use Oracle8iDialect instead
20:51:07,521 ERROR LazyInitializationException:42 - failed to lazily initialize a collection of role: model.Categoria.subcategorias, no session or session was closed
org.hibernate.LazyInitializationException: failed to lazily initialize a collection of role: model.Categoria.subcategorias, no session or session was closed
	at org.hibernate.collection.AbstractPersistentCollection.throwLazyInitializationException(AbstractPersistentCollection.java:383)
	at org.hibernate.collection.AbstractPersistentCollection.throwLazyInitializationExceptionIfNotConnected(AbstractPersistentCollection.java:375)
	at org.hibernate.collection.AbstractPersistentCollection.initialize(AbstractPersistentCollection.java:368)
	at org.hibernate.collection.PersistentSet.add(PersistentSet.java:212)
	at model.Asociacion$NuevaCategoria.link(Asociacion.java:99)
	at model.Categoria.<init>(Categoria.java:60)
	at test.business.acciones.NuevaCategoria.<init>(NuevaCategoria.java:17)
	at test.ui.panelesCentro.PanelCreacionCategorias$1.actionPerformed(PanelCreacionCategorias.java:200)
	at javax.swing.AbstractButton.fireActionPerformed(Unknown Source)
	at javax.swing.AbstractButton$Handler.actionPerformed(Unknown Source)
	at javax.swing.DefaultButtonModel.fireActionPerformed(Unknown Source)
	at javax.swing.DefaultButtonModel.setPressed(Unknown Source)
	at javax.swing.plaf.basic.BasicButtonListener.mouseReleased(Unknown Source)
	at java.awt.Component.processMouseEvent(Unknown Source)
	at javax.swing.JComponent.processMouseEvent(Unknown Source)
	at java.awt.Component.processEvent(Unknown Source)
	at java.awt.Container.processEvent(Unknown Source)
	at java.awt.Component.dispatchEventImpl(Unknown Source)
	at java.awt.Container.dispatchEventImpl(Unknown Source)
	at java.awt.Component.dispatchEvent(Unknown Source)
	at java.awt.LightweightDispatcher.retargetMouseEvent(Unknown Source)
	at java.awt.LightweightDispatcher.processMouseEvent(Unknown Source)
	at java.awt.LightweightDispatcher.dispatchEvent(Unknown Source)
	at java.awt.Container.dispatchEventImpl(Unknown Source)
	at java.awt.Window.dispatchEventImpl(Unknown Source)
	at java.awt.Component.dispatchEvent(Unknown Source)
	at java.awt.EventQueue.dispatchEventImpl(Unknown Source)
	at java.awt.EventQueue.access$500(Unknown Source)
	at java.awt.EventQueue$3.run(Unknown Source)
	at java.awt.EventQueue$3.run(Unknown Source)
	at java.security.AccessController.doPrivileged(Native Method)
	at java.security.ProtectionDomain$JavaSecurityAccessImpl.doIntersectionPrivilege(Unknown Source)
	at java.security.ProtectionDomain$JavaSecurityAccessImpl.doIntersectionPrivilege(Unknown Source)
	at java.awt.EventQueue$4.run(Unknown Source)
	at java.awt.EventQueue$4.run(Unknown Source)
	at java.security.AccessController.doPrivileged(Native Method)
	at java.security.ProtectionDomain$JavaSecurityAccessImpl.doIntersectionPrivilege(Unknown Source)
	at java.awt.EventQueue.dispatchEvent(Unknown Source)
	at java.awt.EventDispatchThread.pumpOneEventForFilters(Unknown Source)
	at java.awt.EventDispatchThread.pumpEventsForFilter(Unknown Source)
	at java.awt.EventDispatchThread.pumpEventsForHierarchy(Unknown Source)
	at java.awt.EventDispatchThread.pumpEvents(Unknown Source)
	at java.awt.EventDispatchThread.pumpEvents(Unknown Source)
	at java.awt.EventDispatchThread.run(Unknown Source)
21:00:33,132  WARN Oracle9Dialect:60 - The Oracle9Dialect dialect has been deprecated; use either Oracle9iDialect or Oracle10gDialect instead
21:00:33,134  WARN OracleDialect:48 - The OracleDialect dialect has been deprecated; use Oracle8iDialect instead
21:01:03,737  WARN Oracle9Dialect:60 - The Oracle9Dialect dialect has been deprecated; use either Oracle9iDialect or Oracle10gDialect instead
21:01:03,740  WARN OracleDialect:48 - The OracleDialect dialect has been deprecated; use Oracle8iDialect instead
21:01:52,882  WARN Oracle9Dialect:60 - The Oracle9Dialect dialect has been deprecated; use either Oracle9iDialect or Oracle10gDialect instead
21:01:52,886  WARN OracleDialect:48 - The OracleDialect dialect has been deprecated; use Oracle8iDialect instead
17:03:22,890  WARN SettingsFactory:147 - Could not obtain connection to query metadata
java.sql.SQLRecoverableException: Error de E/S: Connection reset
	at oracle.jdbc.driver.T4CConnection.logon(T4CConnection.java:428)
	at oracle.jdbc.driver.PhysicalConnection.<init>(PhysicalConnection.java:536)
	at oracle.jdbc.driver.T4CConnection.<init>(T4CConnection.java:228)
	at oracle.jdbc.driver.T4CDriverExtension.getConnection(T4CDriverExtension.java:32)
	at oracle.jdbc.driver.OracleDriver.connect(OracleDriver.java:521)
	at java.sql.DriverManager.getConnection(Unknown Source)
	at java.sql.DriverManager.getConnection(Unknown Source)
	at org.hibernate.connection.DriverManagerConnectionProvider.getConnection(DriverManagerConnectionProvider.java:133)
	at org.hibernate.cfg.SettingsFactory.buildSettings(SettingsFactory.java:114)
	at org.hibernate.cfg.Configuration.buildSettingsInternal(Configuration.java:2833)
	at org.hibernate.cfg.Configuration.buildSettings(Configuration.java:2829)
	at org.hibernate.cfg.Configuration.buildSessionFactory(Configuration.java:1840)
	at org.hibernate.ejb.Ejb3Configuration.buildEntityManagerFactory(Ejb3Configuration.java:902)
	at org.hibernate.ejb.HibernatePersistence.createEntityManagerFactory(HibernatePersistence.java:57)
	at javax.persistence.Persistence.createEntityManagerFactory(Persistence.java:48)
	at javax.persistence.Persistence.createEntityManagerFactory(Persistence.java:32)
	at persistence.util.Jpa.getEmf(Jpa.java:35)
	at persistence.util.Jpa.createEntityManager(Jpa.java:23)
	at test.business.TestExecutor.ejecutarPrueba(TestExecutor.java:30)
	at test.ui.MenuPrincipal$2.actionPerformed(MenuPrincipal.java:277)
	at javax.swing.AbstractButton.fireActionPerformed(Unknown Source)
	at javax.swing.AbstractButton$Handler.actionPerformed(Unknown Source)
	at javax.swing.DefaultButtonModel.fireActionPerformed(Unknown Source)
	at javax.swing.DefaultButtonModel.setPressed(Unknown Source)
	at javax.swing.plaf.basic.BasicButtonListener.mouseReleased(Unknown Source)
	at java.awt.Component.processMouseEvent(Unknown Source)
	at javax.swing.JComponent.processMouseEvent(Unknown Source)
	at java.awt.Component.processEvent(Unknown Source)
	at java.awt.Container.processEvent(Unknown Source)
	at java.awt.Component.dispatchEventImpl(Unknown Source)
	at java.awt.Container.dispatchEventImpl(Unknown Source)
	at java.awt.Component.dispatchEvent(Unknown Source)
	at java.awt.LightweightDispatcher.retargetMouseEvent(Unknown Source)
	at java.awt.LightweightDispatcher.processMouseEvent(Unknown Source)
	at java.awt.LightweightDispatcher.dispatchEvent(Unknown Source)
	at java.awt.Container.dispatchEventImpl(Unknown Source)
	at java.awt.Window.dispatchEventImpl(Unknown Source)
	at java.awt.Component.dispatchEvent(Unknown Source)
	at java.awt.EventQueue.dispatchEventImpl(Unknown Source)
	at java.awt.EventQueue.access$500(Unknown Source)
	at java.awt.EventQueue$3.run(Unknown Source)
	at java.awt.EventQueue$3.run(Unknown Source)
	at java.security.AccessController.doPrivileged(Native Method)
	at java.security.ProtectionDomain$JavaSecurityAccessImpl.doIntersectionPrivilege(Unknown Source)
	at java.security.ProtectionDomain$JavaSecurityAccessImpl.doIntersectionPrivilege(Unknown Source)
	at java.awt.EventQueue$4.run(Unknown Source)
	at java.awt.EventQueue$4.run(Unknown Source)
	at java.security.AccessController.doPrivileged(Native Method)
	at java.security.ProtectionDomain$JavaSecurityAccessImpl.doIntersectionPrivilege(Unknown Source)
	at java.awt.EventQueue.dispatchEvent(Unknown Source)
	at java.awt.EventDispatchThread.pumpOneEventForFilters(Unknown Source)
	at java.awt.EventDispatchThread.pumpEventsForFilter(Unknown Source)
	at java.awt.EventDispatchThread.pumpEventsForHierarchy(Unknown Source)
	at java.awt.EventDispatchThread.pumpEvents(Unknown Source)
	at java.awt.EventDispatchThread.pumpEvents(Unknown Source)
	at java.awt.EventDispatchThread.run(Unknown Source)
Caused by: java.net.SocketException: Connection reset
	at java.net.SocketInputStream.read(Unknown Source)
	at java.net.SocketInputStream.read(Unknown Source)
	at oracle.net.ns.Packet.receive(Packet.java:283)
	at oracle.net.ns.NSProtocol.connect(NSProtocol.java:287)
	at oracle.jdbc.driver.T4CConnection.connect(T4CConnection.java:1054)
	at oracle.jdbc.driver.T4CConnection.logon(T4CConnection.java:308)
	... 55 more
17:03:22,942  WARN Oracle9Dialect:60 - The Oracle9Dialect dialect has been deprecated; use either Oracle9iDialect or Oracle10gDialect instead
17:03:22,944  WARN OracleDialect:48 - The OracleDialect dialect has been deprecated; use Oracle8iDialect instead
17:03:42,526  WARN JDBCExceptionReporter:233 - SQL Error: 17002, SQLState: 08006
17:03:42,528 ERROR JDBCExceptionReporter:234 - Error de E/S: Connection reset
17:05:08,065  WARN Oracle9Dialect:60 - The Oracle9Dialect dialect has been deprecated; use either Oracle9iDialect or Oracle10gDialect instead
17:05:08,069  WARN OracleDialect:48 - The OracleDialect dialect has been deprecated; use Oracle8iDialect instead
20:58:05,559  WARN Oracle9Dialect:60 - The Oracle9Dialect dialect has been deprecated; use either Oracle9iDialect or Oracle10gDialect instead
20:58:05,562  WARN OracleDialect:48 - The OracleDialect dialect has been deprecated; use Oracle8iDialect instead
21:00:14,478  WARN Oracle9Dialect:60 - The Oracle9Dialect dialect has been deprecated; use either Oracle9iDialect or Oracle10gDialect instead
21:00:14,484  WARN OracleDialect:48 - The OracleDialect dialect has been deprecated; use Oracle8iDialect instead
21:38:48,062  WARN Oracle9Dialect:60 - The Oracle9Dialect dialect has been deprecated; use either Oracle9iDialect or Oracle10gDialect instead
21:38:48,066  WARN OracleDialect:48 - The OracleDialect dialect has been deprecated; use Oracle8iDialect instead
21:57:21,758  WARN Oracle9Dialect:60 - The Oracle9Dialect dialect has been deprecated; use either Oracle9iDialect or Oracle10gDialect instead
21:57:21,761  WARN OracleDialect:48 - The OracleDialect dialect has been deprecated; use Oracle8iDialect instead
22:01:12,828  WARN Oracle9Dialect:60 - The Oracle9Dialect dialect has been deprecated; use either Oracle9iDialect or Oracle10gDialect instead
22:01:12,833  WARN OracleDialect:48 - The OracleDialect dialect has been deprecated; use Oracle8iDialect instead
23:33:35,948  WARN Oracle9Dialect:60 - The Oracle9Dialect dialect has been deprecated; use either Oracle9iDialect or Oracle10gDialect instead
23:33:35,952  WARN OracleDialect:48 - The OracleDialect dialect has been deprecated; use Oracle8iDialect instead
17:27:15,210  WARN Oracle9Dialect:60 - The Oracle9Dialect dialect has been deprecated; use either Oracle9iDialect or Oracle10gDialect instead
17:27:15,248  WARN OracleDialect:48 - The OracleDialect dialect has been deprecated; use Oracle8iDialect instead
17:32:15,265  WARN Oracle9Dialect:60 - The Oracle9Dialect dialect has been deprecated; use either Oracle9iDialect or Oracle10gDialect instead
17:32:15,269  WARN OracleDialect:48 - The OracleDialect dialect has been deprecated; use Oracle8iDialect instead
19:08:00,147  WARN Oracle9Dialect:60 - The Oracle9Dialect dialect has been deprecated; use either Oracle9iDialect or Oracle10gDialect instead
19:08:00,151  WARN OracleDialect:48 - The OracleDialect dialect has been deprecated; use Oracle8iDialect instead
19:08:07,792 ERROR LazyInitializationException:42 - failed to lazily initialize a collection of role: model.Almacenero.ordenesTrabajoRecoger, no session or session was closed
org.hibernate.LazyInitializationException: failed to lazily initialize a collection of role: model.Almacenero.ordenesTrabajoRecoger, no session or session was closed
	at org.hibernate.collection.AbstractPersistentCollection.throwLazyInitializationException(AbstractPersistentCollection.java:383)
	at org.hibernate.collection.AbstractPersistentCollection.throwLazyInitializationExceptionIfNotConnected(AbstractPersistentCollection.java:375)
	at org.hibernate.collection.AbstractPersistentCollection.initialize(AbstractPersistentCollection.java:368)
	at org.hibernate.collection.PersistentSet.add(PersistentSet.java:212)
	at model.Asociacion$AlmaceneroRecogerOrdenTrabajo.link(Asociacion.java:110)
	at model.OrdenTrabajo.<init>(OrdenTrabajo.java:65)
	at business.impl.recogida.GenerarOrdenTrabajo.execute(GenerarOrdenTrabajo.java:53)
	at business.impl.util.CommandExecutor.execute(CommandExecutor.java:26)
	at business.impl.AlmacenServiceImpl.generarOrdenTrabajo(AlmacenServiceImpl.java:37)
	at ui.almacen.recogida.PanelSeleccionPedido$1.mouseClicked(PanelSeleccionPedido.java:109)
	at java.awt.AWTEventMulticaster.mouseClicked(Unknown Source)
	at java.awt.Component.processMouseEvent(Unknown Source)
	at javax.swing.JComponent.processMouseEvent(Unknown Source)
	at java.awt.Component.processEvent(Unknown Source)
	at java.awt.Container.processEvent(Unknown Source)
	at java.awt.Component.dispatchEventImpl(Unknown Source)
	at java.awt.Container.dispatchEventImpl(Unknown Source)
	at java.awt.Component.dispatchEvent(Unknown Source)
	at java.awt.LightweightDispatcher.retargetMouseEvent(Unknown Source)
	at java.awt.LightweightDispatcher.processMouseEvent(Unknown Source)
	at java.awt.LightweightDispatcher.dispatchEvent(Unknown Source)
	at java.awt.Container.dispatchEventImpl(Unknown Source)
	at java.awt.Window.dispatchEventImpl(Unknown Source)
	at java.awt.Component.dispatchEvent(Unknown Source)
	at java.awt.EventQueue.dispatchEventImpl(Unknown Source)
	at java.awt.EventQueue.access$500(Unknown Source)
	at java.awt.EventQueue$3.run(Unknown Source)
	at java.awt.EventQueue$3.run(Unknown Source)
	at java.security.AccessController.doPrivileged(Native Method)
	at java.security.ProtectionDomain$JavaSecurityAccessImpl.doIntersectionPrivilege(Unknown Source)
	at java.security.ProtectionDomain$JavaSecurityAccessImpl.doIntersectionPrivilege(Unknown Source)
	at java.awt.EventQueue$4.run(Unknown Source)
	at java.awt.EventQueue$4.run(Unknown Source)
	at java.security.AccessController.doPrivileged(Native Method)
	at java.security.ProtectionDomain$JavaSecurityAccessImpl.doIntersectionPrivilege(Unknown Source)
	at java.awt.EventQueue.dispatchEvent(Unknown Source)
	at java.awt.EventDispatchThread.pumpOneEventForFilters(Unknown Source)
	at java.awt.EventDispatchThread.pumpEventsForFilter(Unknown Source)
	at java.awt.EventDispatchThread.pumpEventsForHierarchy(Unknown Source)
	at java.awt.EventDispatchThread.pumpEvents(Unknown Source)
	at java.awt.EventDispatchThread.pumpEvents(Unknown Source)
	at java.awt.EventDispatchThread.run(Unknown Source)
19:09:27,179  WARN Oracle9Dialect:60 - The Oracle9Dialect dialect has been deprecated; use either Oracle9iDialect or Oracle10gDialect instead
19:09:27,183  WARN OracleDialect:48 - The OracleDialect dialect has been deprecated; use Oracle8iDialect instead
19:09:40,620  WARN Oracle9Dialect:60 - The Oracle9Dialect dialect has been deprecated; use either Oracle9iDialect or Oracle10gDialect instead
19:09:40,624  WARN OracleDialect:48 - The OracleDialect dialect has been deprecated; use Oracle8iDialect instead
19:11:01,451  WARN Oracle9Dialect:60 - The Oracle9Dialect dialect has been deprecated; use either Oracle9iDialect or Oracle10gDialect instead
19:11:01,456  WARN OracleDialect:48 - The OracleDialect dialect has been deprecated; use Oracle8iDialect instead
19:11:05,051 ERROR LazyInitializationException:42 - failed to lazily initialize a collection of role: model.Almacenero.ordenesTrabajoRecoger, no session or session was closed
org.hibernate.LazyInitializationException: failed to lazily initialize a collection of role: model.Almacenero.ordenesTrabajoRecoger, no session or session was closed
	at org.hibernate.collection.AbstractPersistentCollection.throwLazyInitializationException(AbstractPersistentCollection.java:383)
	at org.hibernate.collection.AbstractPersistentCollection.throwLazyInitializationExceptionIfNotConnected(AbstractPersistentCollection.java:375)
	at org.hibernate.collection.AbstractPersistentCollection.initialize(AbstractPersistentCollection.java:368)
	at org.hibernate.collection.PersistentSet.add(PersistentSet.java:212)
	at model.Asociacion$AlmaceneroRecogerOrdenTrabajo.link(Asociacion.java:110)
	at model.OrdenTrabajo.<init>(OrdenTrabajo.java:65)
	at business.impl.recogida.GenerarOrdenTrabajo.execute(GenerarOrdenTrabajo.java:53)
	at business.impl.util.CommandExecutor.execute(CommandExecutor.java:26)
	at business.impl.AlmacenServiceImpl.generarOrdenTrabajo(AlmacenServiceImpl.java:37)
	at ui.almacen.recogida.PanelSeleccionPedido$1.mouseClicked(PanelSeleccionPedido.java:109)
	at java.awt.AWTEventMulticaster.mouseClicked(Unknown Source)
	at java.awt.Component.processMouseEvent(Unknown Source)
	at javax.swing.JComponent.processMouseEvent(Unknown Source)
	at java.awt.Component.processEvent(Unknown Source)
	at java.awt.Container.processEvent(Unknown Source)
	at java.awt.Component.dispatchEventImpl(Unknown Source)
	at java.awt.Container.dispatchEventImpl(Unknown Source)
	at java.awt.Component.dispatchEvent(Unknown Source)
	at java.awt.LightweightDispatcher.retargetMouseEvent(Unknown Source)
	at java.awt.LightweightDispatcher.processMouseEvent(Unknown Source)
	at java.awt.LightweightDispatcher.dispatchEvent(Unknown Source)
	at java.awt.Container.dispatchEventImpl(Unknown Source)
	at java.awt.Window.dispatchEventImpl(Unknown Source)
	at java.awt.Component.dispatchEvent(Unknown Source)
	at java.awt.EventQueue.dispatchEventImpl(Unknown Source)
	at java.awt.EventQueue.access$500(Unknown Source)
	at java.awt.EventQueue$3.run(Unknown Source)
	at java.awt.EventQueue$3.run(Unknown Source)
	at java.security.AccessController.doPrivileged(Native Method)
	at java.security.ProtectionDomain$JavaSecurityAccessImpl.doIntersectionPrivilege(Unknown Source)
	at java.security.ProtectionDomain$JavaSecurityAccessImpl.doIntersectionPrivilege(Unknown Source)
	at java.awt.EventQueue$4.run(Unknown Source)
	at java.awt.EventQueue$4.run(Unknown Source)
	at java.security.AccessController.doPrivileged(Native Method)
	at java.security.ProtectionDomain$JavaSecurityAccessImpl.doIntersectionPrivilege(Unknown Source)
	at java.awt.EventQueue.dispatchEvent(Unknown Source)
	at java.awt.EventDispatchThread.pumpOneEventForFilters(Unknown Source)
	at java.awt.EventDispatchThread.pumpEventsForFilter(Unknown Source)
	at java.awt.EventDispatchThread.pumpEventsForHierarchy(Unknown Source)
	at java.awt.EventDispatchThread.pumpEvents(Unknown Source)
	at java.awt.EventDispatchThread.pumpEvents(Unknown Source)
	at java.awt.EventDispatchThread.run(Unknown Source)
19:12:32,399  WARN Oracle9Dialect:60 - The Oracle9Dialect dialect has been deprecated; use either Oracle9iDialect or Oracle10gDialect instead
19:12:32,403  WARN OracleDialect:48 - The OracleDialect dialect has been deprecated; use Oracle8iDialect instead
19:13:12,282  WARN Oracle9Dialect:60 - The Oracle9Dialect dialect has been deprecated; use either Oracle9iDialect or Oracle10gDialect instead
19:13:12,287  WARN OracleDialect:48 - The OracleDialect dialect has been deprecated; use Oracle8iDialect instead
19:13:47,644  WARN Oracle9Dialect:60 - The Oracle9Dialect dialect has been deprecated; use either Oracle9iDialect or Oracle10gDialect instead
19:13:47,649  WARN OracleDialect:48 - The OracleDialect dialect has been deprecated; use Oracle8iDialect instead
19:21:26,663  WARN Oracle9Dialect:60 - The Oracle9Dialect dialect has been deprecated; use either Oracle9iDialect or Oracle10gDialect instead
19:21:26,667  WARN OracleDialect:48 - The OracleDialect dialect has been deprecated; use Oracle8iDialect instead
19:25:37,301  WARN Oracle9Dialect:60 - The Oracle9Dialect dialect has been deprecated; use either Oracle9iDialect or Oracle10gDialect instead
19:25:37,306  WARN OracleDialect:48 - The OracleDialect dialect has been deprecated; use Oracle8iDialect instead
19:27:23,876  WARN Oracle9Dialect:60 - The Oracle9Dialect dialect has been deprecated; use either Oracle9iDialect or Oracle10gDialect instead
19:27:23,880  WARN OracleDialect:48 - The OracleDialect dialect has been deprecated; use Oracle8iDialect instead
19:28:07,619  WARN Oracle9Dialect:60 - The Oracle9Dialect dialect has been deprecated; use either Oracle9iDialect or Oracle10gDialect instead
19:28:07,622  WARN OracleDialect:48 - The OracleDialect dialect has been deprecated; use Oracle8iDialect instead
19:28:11,189 ERROR LazyInitializationException:42 - failed to lazily initialize a collection of role: model.ProductoEnPedido.productosEnOrdenTrabajo, no session or session was closed
org.hibernate.LazyInitializationException: failed to lazily initialize a collection of role: model.ProductoEnPedido.productosEnOrdenTrabajo, no session or session was closed
	at org.hibernate.collection.AbstractPersistentCollection.throwLazyInitializationException(AbstractPersistentCollection.java:383)
	at org.hibernate.collection.AbstractPersistentCollection.throwLazyInitializationExceptionIfNotConnected(AbstractPersistentCollection.java:375)
	at org.hibernate.collection.AbstractPersistentCollection.initialize(AbstractPersistentCollection.java:368)
	at org.hibernate.collection.PersistentSet.add(PersistentSet.java:212)
	at model.Asociacion$AsignarProducto_OrdenTrabajo.link(Asociacion.java:41)
	at model.ProductoEnOrdenTrabajo.<init>(ProductoEnOrdenTrabajo.java:53)
	at business.impl.recogida.GenerarOrdenTrabajo.añadirProductoOT(GenerarOrdenTrabajo.java:178)
	at business.impl.recogida.GenerarOrdenTrabajo.execute(GenerarOrdenTrabajo.java:92)
	at business.impl.util.CommandExecutor.execute(CommandExecutor.java:26)
	at business.impl.AlmacenServiceImpl.generarOrdenTrabajo(AlmacenServiceImpl.java:37)
	at ui.almacen.recogida.PanelSeleccionPedido$1.mouseClicked(PanelSeleccionPedido.java:109)
	at java.awt.AWTEventMulticaster.mouseClicked(Unknown Source)
	at java.awt.Component.processMouseEvent(Unknown Source)
	at javax.swing.JComponent.processMouseEvent(Unknown Source)
	at java.awt.Component.processEvent(Unknown Source)
	at java.awt.Container.processEvent(Unknown Source)
	at java.awt.Component.dispatchEventImpl(Unknown Source)
	at java.awt.Container.dispatchEventImpl(Unknown Source)
	at java.awt.Component.dispatchEvent(Unknown Source)
	at java.awt.LightweightDispatcher.retargetMouseEvent(Unknown Source)
	at java.awt.LightweightDispatcher.processMouseEvent(Unknown Source)
	at java.awt.LightweightDispatcher.dispatchEvent(Unknown Source)
	at java.awt.Container.dispatchEventImpl(Unknown Source)
	at java.awt.Window.dispatchEventImpl(Unknown Source)
	at java.awt.Component.dispatchEvent(Unknown Source)
	at java.awt.EventQueue.dispatchEventImpl(Unknown Source)
	at java.awt.EventQueue.access$500(Unknown Source)
	at java.awt.EventQueue$3.run(Unknown Source)
	at java.awt.EventQueue$3.run(Unknown Source)
	at java.security.AccessController.doPrivileged(Native Method)
	at java.security.ProtectionDomain$JavaSecurityAccessImpl.doIntersectionPrivilege(Unknown Source)
	at java.security.ProtectionDomain$JavaSecurityAccessImpl.doIntersectionPrivilege(Unknown Source)
	at java.awt.EventQueue$4.run(Unknown Source)
	at java.awt.EventQueue$4.run(Unknown Source)
	at java.security.AccessController.doPrivileged(Native Method)
	at java.security.ProtectionDomain$JavaSecurityAccessImpl.doIntersectionPrivilege(Unknown Source)
	at java.awt.EventQueue.dispatchEvent(Unknown Source)
	at java.awt.EventDispatchThread.pumpOneEventForFilters(Unknown Source)
	at java.awt.EventDispatchThread.pumpEventsForFilter(Unknown Source)
	at java.awt.EventDispatchThread.pumpEventsForHierarchy(Unknown Source)
	at java.awt.EventDispatchThread.pumpEvents(Unknown Source)
	at java.awt.EventDispatchThread.pumpEvents(Unknown Source)
	at java.awt.EventDispatchThread.run(Unknown Source)
19:39:49,353  WARN Oracle9Dialect:60 - The Oracle9Dialect dialect has been deprecated; use either Oracle9iDialect or Oracle10gDialect instead
19:39:49,357  WARN OracleDialect:48 - The OracleDialect dialect has been deprecated; use Oracle8iDialect instead
19:41:15,063  WARN Oracle9Dialect:60 - The Oracle9Dialect dialect has been deprecated; use either Oracle9iDialect or Oracle10gDialect instead
19:41:15,068  WARN OracleDialect:48 - The OracleDialect dialect has been deprecated; use Oracle8iDialect instead
20:03:29,696  WARN Oracle9Dialect:60 - The Oracle9Dialect dialect has been deprecated; use either Oracle9iDialect or Oracle10gDialect instead
20:03:29,699  WARN OracleDialect:48 - The OracleDialect dialect has been deprecated; use Oracle8iDialect instead
20:07:18,629  WARN Oracle9Dialect:60 - The Oracle9Dialect dialect has been deprecated; use either Oracle9iDialect or Oracle10gDialect instead
20:07:18,635  WARN OracleDialect:48 - The OracleDialect dialect has been deprecated; use Oracle8iDialect instead
20:14:16,198  WARN Oracle9Dialect:60 - The Oracle9Dialect dialect has been deprecated; use either Oracle9iDialect or Oracle10gDialect instead
20:14:16,202  WARN OracleDialect:48 - The OracleDialect dialect has been deprecated; use Oracle8iDialect instead
20:14:56,417  WARN Oracle9Dialect:60 - The Oracle9Dialect dialect has been deprecated; use either Oracle9iDialect or Oracle10gDialect instead
20:14:56,420  WARN OracleDialect:48 - The OracleDialect dialect has been deprecated; use Oracle8iDialect instead
20:15:45,556  WARN Oracle9Dialect:60 - The Oracle9Dialect dialect has been deprecated; use either Oracle9iDialect or Oracle10gDialect instead
20:15:45,560  WARN OracleDialect:48 - The OracleDialect dialect has been deprecated; use Oracle8iDialect instead
20:16:58,396  WARN Oracle9Dialect:60 - The Oracle9Dialect dialect has been deprecated; use either Oracle9iDialect or Oracle10gDialect instead
20:16:58,400  WARN OracleDialect:48 - The OracleDialect dialect has been deprecated; use Oracle8iDialect instead
20:21:47,393  WARN Oracle9Dialect:60 - The Oracle9Dialect dialect has been deprecated; use either Oracle9iDialect or Oracle10gDialect instead
20:21:47,397  WARN OracleDialect:48 - The OracleDialect dialect has been deprecated; use Oracle8iDialect instead
20:23:16,293  WARN Oracle9Dialect:60 - The Oracle9Dialect dialect has been deprecated; use either Oracle9iDialect or Oracle10gDialect instead
20:23:16,297  WARN OracleDialect:48 - The OracleDialect dialect has been deprecated; use Oracle8iDialect instead
20:24:04,895  WARN Oracle9Dialect:60 - The Oracle9Dialect dialect has been deprecated; use either Oracle9iDialect or Oracle10gDialect instead
20:24:04,901  WARN OracleDialect:48 - The OracleDialect dialect has been deprecated; use Oracle8iDialect instead
20:28:29,042  WARN Oracle9Dialect:60 - The Oracle9Dialect dialect has been deprecated; use either Oracle9iDialect or Oracle10gDialect instead
20:28:29,048  WARN OracleDialect:48 - The OracleDialect dialect has been deprecated; use Oracle8iDialect instead
20:29:36,910  WARN Oracle9Dialect:60 - The Oracle9Dialect dialect has been deprecated; use either Oracle9iDialect or Oracle10gDialect instead
20:29:36,916  WARN OracleDialect:48 - The OracleDialect dialect has been deprecated; use Oracle8iDialect instead
20:30:02,758  WARN Oracle9Dialect:60 - The Oracle9Dialect dialect has been deprecated; use either Oracle9iDialect or Oracle10gDialect instead
20:30:02,764  WARN OracleDialect:48 - The OracleDialect dialect has been deprecated; use Oracle8iDialect instead
20:33:23,146  WARN Oracle9Dialect:60 - The Oracle9Dialect dialect has been deprecated; use either Oracle9iDialect or Oracle10gDialect instead
20:33:23,149  WARN OracleDialect:48 - The OracleDialect dialect has been deprecated; use Oracle8iDialect instead
20:36:24,046  WARN Oracle9Dialect:60 - The Oracle9Dialect dialect has been deprecated; use either Oracle9iDialect or Oracle10gDialect instead
20:36:24,050  WARN OracleDialect:48 - The OracleDialect dialect has been deprecated; use Oracle8iDialect instead
20:45:36,456  WARN SettingsFactory:147 - Could not obtain connection to query metadata
java.sql.SQLRecoverableException: Error de E/S: Connection reset
	at oracle.jdbc.driver.T4CConnection.logon(T4CConnection.java:428)
	at oracle.jdbc.driver.PhysicalConnection.<init>(PhysicalConnection.java:536)
	at oracle.jdbc.driver.T4CConnection.<init>(T4CConnection.java:228)
	at oracle.jdbc.driver.T4CDriverExtension.getConnection(T4CDriverExtension.java:32)
	at oracle.jdbc.driver.OracleDriver.connect(OracleDriver.java:521)
	at java.sql.DriverManager.getConnection(Unknown Source)
	at java.sql.DriverManager.getConnection(Unknown Source)
	at org.hibernate.connection.DriverManagerConnectionProvider.getConnection(DriverManagerConnectionProvider.java:133)
	at org.hibernate.cfg.SettingsFactory.buildSettings(SettingsFactory.java:114)
	at org.hibernate.cfg.Configuration.buildSettingsInternal(Configuration.java:2833)
	at org.hibernate.cfg.Configuration.buildSettings(Configuration.java:2829)
	at org.hibernate.cfg.Configuration.buildSessionFactory(Configuration.java:1840)
	at org.hibernate.ejb.Ejb3Configuration.buildEntityManagerFactory(Ejb3Configuration.java:902)
	at org.hibernate.ejb.HibernatePersistence.createEntityManagerFactory(HibernatePersistence.java:57)
	at javax.persistence.Persistence.createEntityManagerFactory(Persistence.java:48)
	at javax.persistence.Persistence.createEntityManagerFactory(Persistence.java:32)
	at persistence.util.Jpa.getEmf(Jpa.java:35)
	at persistence.util.Jpa.createEntityManager(Jpa.java:23)
	at business.impl.util.CommandExecutor.execute(CommandExecutor.java:15)
	at business.impl.AlmaceneroServiceImpl.login(AlmaceneroServiceImpl.java:15)
	at ui.almacen.almacenero.PanelLoginAlmacenero$1.actionPerformed(PanelLoginAlmacenero.java:143)
	at javax.swing.AbstractButton.fireActionPerformed(Unknown Source)
	at javax.swing.AbstractButton$Handler.actionPerformed(Unknown Source)
	at javax.swing.DefaultButtonModel.fireActionPerformed(Unknown Source)
	at javax.swing.DefaultButtonModel.setPressed(Unknown Source)
	at javax.swing.plaf.basic.BasicButtonListener.mouseReleased(Unknown Source)
	at java.awt.Component.processMouseEvent(Unknown Source)
	at javax.swing.JComponent.processMouseEvent(Unknown Source)
	at java.awt.Component.processEvent(Unknown Source)
	at java.awt.Container.processEvent(Unknown Source)
	at java.awt.Component.dispatchEventImpl(Unknown Source)
	at java.awt.Container.dispatchEventImpl(Unknown Source)
	at java.awt.Component.dispatchEvent(Unknown Source)
	at java.awt.LightweightDispatcher.retargetMouseEvent(Unknown Source)
	at java.awt.LightweightDispatcher.processMouseEvent(Unknown Source)
	at java.awt.LightweightDispatcher.dispatchEvent(Unknown Source)
	at java.awt.Container.dispatchEventImpl(Unknown Source)
	at java.awt.Window.dispatchEventImpl(Unknown Source)
	at java.awt.Component.dispatchEvent(Unknown Source)
	at java.awt.EventQueue.dispatchEventImpl(Unknown Source)
	at java.awt.EventQueue.access$500(Unknown Source)
	at java.awt.EventQueue$3.run(Unknown Source)
	at java.awt.EventQueue$3.run(Unknown Source)
	at java.security.AccessController.doPrivileged(Native Method)
	at java.security.ProtectionDomain$JavaSecurityAccessImpl.doIntersectionPrivilege(Unknown Source)
	at java.security.ProtectionDomain$JavaSecurityAccessImpl.doIntersectionPrivilege(Unknown Source)
	at java.awt.EventQueue$4.run(Unknown Source)
	at java.awt.EventQueue$4.run(Unknown Source)
	at java.security.AccessController.doPrivileged(Native Method)
	at java.security.ProtectionDomain$JavaSecurityAccessImpl.doIntersectionPrivilege(Unknown Source)
	at java.awt.EventQueue.dispatchEvent(Unknown Source)
	at java.awt.EventDispatchThread.pumpOneEventForFilters(Unknown Source)
	at java.awt.EventDispatchThread.pumpEventsForFilter(Unknown Source)
	at java.awt.EventDispatchThread.pumpEventsForHierarchy(Unknown Source)
	at java.awt.EventDispatchThread.pumpEvents(Unknown Source)
	at java.awt.EventDispatchThread.pumpEvents(Unknown Source)
	at java.awt.EventDispatchThread.run(Unknown Source)
Caused by: java.net.SocketException: Connection reset
	at java.net.SocketInputStream.read(Unknown Source)
	at java.net.SocketInputStream.read(Unknown Source)
	at oracle.net.ns.Packet.receive(Packet.java:283)
	at oracle.net.ns.NSProtocol.connect(NSProtocol.java:287)
	at oracle.jdbc.driver.T4CConnection.connect(T4CConnection.java:1054)
	at oracle.jdbc.driver.T4CConnection.logon(T4CConnection.java:308)
	... 56 more
20:45:36,499  WARN Oracle9Dialect:60 - The Oracle9Dialect dialect has been deprecated; use either Oracle9iDialect or Oracle10gDialect instead
20:45:36,500  WARN OracleDialect:48 - The OracleDialect dialect has been deprecated; use Oracle8iDialect instead
20:46:00,326  WARN Oracle9Dialect:60 - The Oracle9Dialect dialect has been deprecated; use either Oracle9iDialect or Oracle10gDialect instead
20:46:00,330  WARN OracleDialect:48 - The OracleDialect dialect has been deprecated; use Oracle8iDialect instead
21:03:26,938  WARN Oracle9Dialect:60 - The Oracle9Dialect dialect has been deprecated; use either Oracle9iDialect or Oracle10gDialect instead
21:03:26,942  WARN OracleDialect:48 - The OracleDialect dialect has been deprecated; use Oracle8iDialect instead
21:04:15,355  WARN Oracle9Dialect:60 - The Oracle9Dialect dialect has been deprecated; use either Oracle9iDialect or Oracle10gDialect instead
21:04:15,358  WARN OracleDialect:48 - The OracleDialect dialect has been deprecated; use Oracle8iDialect instead
21:05:54,479  WARN Oracle9Dialect:60 - The Oracle9Dialect dialect has been deprecated; use either Oracle9iDialect or Oracle10gDialect instead
21:05:54,482  WARN OracleDialect:48 - The OracleDialect dialect has been deprecated; use Oracle8iDialect instead
21:07:08,247  WARN Oracle9Dialect:60 - The Oracle9Dialect dialect has been deprecated; use either Oracle9iDialect or Oracle10gDialect instead
21:07:08,251  WARN OracleDialect:48 - The OracleDialect dialect has been deprecated; use Oracle8iDialect instead
21:07:11,728 ERROR LazyInitializationException:42 - failed to lazily initialize a collection of role: model.ProductoEnPedido.productosEnOrdenTrabajo, no session or session was closed
org.hibernate.LazyInitializationException: failed to lazily initialize a collection of role: model.ProductoEnPedido.productosEnOrdenTrabajo, no session or session was closed
	at org.hibernate.collection.AbstractPersistentCollection.throwLazyInitializationException(AbstractPersistentCollection.java:383)
	at org.hibernate.collection.AbstractPersistentCollection.throwLazyInitializationExceptionIfNotConnected(AbstractPersistentCollection.java:375)
	at org.hibernate.collection.AbstractPersistentCollection.initialize(AbstractPersistentCollection.java:368)
	at org.hibernate.collection.PersistentSet.add(PersistentSet.java:212)
	at model.Asociacion$AsignarProducto_OrdenTrabajo.link(Asociacion.java:41)
	at model.ProductoEnOrdenTrabajo.<init>(ProductoEnOrdenTrabajo.java:51)
	at business.impl.recogida.GenerarOrdenTrabajo.añadirProductoOT(GenerarOrdenTrabajo.java:182)
	at business.impl.recogida.GenerarOrdenTrabajo.execute(GenerarOrdenTrabajo.java:94)
	at business.impl.util.CommandExecutor.execute(CommandExecutor.java:26)
	at business.impl.AlmacenServiceImpl.generarOrdenTrabajo(AlmacenServiceImpl.java:37)
	at ui.almacen.recogida.PanelSeleccionPedido$1.mouseClicked(PanelSeleccionPedido.java:109)
	at java.awt.AWTEventMulticaster.mouseClicked(Unknown Source)
	at java.awt.Component.processMouseEvent(Unknown Source)
	at javax.swing.JComponent.processMouseEvent(Unknown Source)
	at java.awt.Component.processEvent(Unknown Source)
	at java.awt.Container.processEvent(Unknown Source)
	at java.awt.Component.dispatchEventImpl(Unknown Source)
	at java.awt.Container.dispatchEventImpl(Unknown Source)
	at java.awt.Component.dispatchEvent(Unknown Source)
	at java.awt.LightweightDispatcher.retargetMouseEvent(Unknown Source)
	at java.awt.LightweightDispatcher.processMouseEvent(Unknown Source)
	at java.awt.LightweightDispatcher.dispatchEvent(Unknown Source)
	at java.awt.Container.dispatchEventImpl(Unknown Source)
	at java.awt.Window.dispatchEventImpl(Unknown Source)
	at java.awt.Component.dispatchEvent(Unknown Source)
	at java.awt.EventQueue.dispatchEventImpl(Unknown Source)
	at java.awt.EventQueue.access$500(Unknown Source)
	at java.awt.EventQueue$3.run(Unknown Source)
	at java.awt.EventQueue$3.run(Unknown Source)
	at java.security.AccessController.doPrivileged(Native Method)
	at java.security.ProtectionDomain$JavaSecurityAccessImpl.doIntersectionPrivilege(Unknown Source)
	at java.security.ProtectionDomain$JavaSecurityAccessImpl.doIntersectionPrivilege(Unknown Source)
	at java.awt.EventQueue$4.run(Unknown Source)
	at java.awt.EventQueue$4.run(Unknown Source)
	at java.security.AccessController.doPrivileged(Native Method)
	at java.security.ProtectionDomain$JavaSecurityAccessImpl.doIntersectionPrivilege(Unknown Source)
	at java.awt.EventQueue.dispatchEvent(Unknown Source)
	at java.awt.EventDispatchThread.pumpOneEventForFilters(Unknown Source)
	at java.awt.EventDispatchThread.pumpEventsForFilter(Unknown Source)
	at java.awt.EventDispatchThread.pumpEventsForHierarchy(Unknown Source)
	at java.awt.EventDispatchThread.pumpEvents(Unknown Source)
	at java.awt.EventDispatchThread.pumpEvents(Unknown Source)
	at java.awt.EventDispatchThread.run(Unknown Source)
21:07:52,589  WARN Oracle9Dialect:60 - The Oracle9Dialect dialect has been deprecated; use either Oracle9iDialect or Oracle10gDialect instead
21:07:52,595  WARN OracleDialect:48 - The OracleDialect dialect has been deprecated; use Oracle8iDialect instead
21:20:28,299  WARN Oracle9Dialect:60 - The Oracle9Dialect dialect has been deprecated; use either Oracle9iDialect or Oracle10gDialect instead
21:20:28,305  WARN OracleDialect:48 - The OracleDialect dialect has been deprecated; use Oracle8iDialect instead
23:22:41,697  WARN Oracle9Dialect:60 - The Oracle9Dialect dialect has been deprecated; use either Oracle9iDialect or Oracle10gDialect instead
23:22:41,700  WARN OracleDialect:48 - The OracleDialect dialect has been deprecated; use Oracle8iDialect instead
00:05:35,799  WARN Oracle9Dialect:60 - The Oracle9Dialect dialect has been deprecated; use either Oracle9iDialect or Oracle10gDialect instead
00:05:35,802  WARN OracleDialect:48 - The OracleDialect dialect has been deprecated; use Oracle8iDialect instead
00:06:44,493  WARN Oracle9Dialect:60 - The Oracle9Dialect dialect has been deprecated; use either Oracle9iDialect or Oracle10gDialect instead
00:06:44,497  WARN OracleDialect:48 - The OracleDialect dialect has been deprecated; use Oracle8iDialect instead
00:10:30,977  WARN Oracle9Dialect:60 - The Oracle9Dialect dialect has been deprecated; use either Oracle9iDialect or Oracle10gDialect instead
00:10:30,980  WARN OracleDialect:48 - The OracleDialect dialect has been deprecated; use Oracle8iDialect instead
