13:55:25.089 [AWT-EventQueue-0]  == INFO  ==  org.hibernate.jpa.internal.util.LogHelper - HHH000204: Processing PersistenceUnitInfo [
	name: base_datos
	...]
13:55:25.169 [AWT-EventQueue-0]  == INFO  ==  org.hibernate.Version - HHH000412: Hibernate Core {5.2.4.Final}
13:55:25.170 [AWT-EventQueue-0]  == INFO  ==  org.hibernate.cfg.Environment - HHH000206: hibernate.properties not found
13:55:25.171 [AWT-EventQueue-0]  == INFO  ==  org.hibernate.cfg.Environment - HHH000021: Bytecode provider name : javassist
13:55:25.212 [AWT-EventQueue-0]  == INFO  ==  org.hibernate.annotations.common.Version - HCANN000001: Hibernate Commons Annotations {5.0.1.Final}
13:55:25.749 [AWT-EventQueue-0]  == WARN  ==  org.hibernate.orm.connections.pooling - HHH10001002: Using Hibernate built-in connection pool (not for production use!)
13:55:25.776 [AWT-EventQueue-0]  == INFO  ==  org.hibernate.orm.connections.pooling - HHH10001005: using driver [oracle.jdbc.OracleDriver] at URL [jdbc:oracle:thin:@156.35.94.99:1521:DESA]
13:55:25.776 [AWT-EventQueue-0]  == INFO  ==  org.hibernate.orm.connections.pooling - HHH10001001: Connection properties: {user=IPS_2017_2, password=****}
13:55:25.776 [AWT-EventQueue-0]  == INFO  ==  org.hibernate.orm.connections.pooling - HHH10001003: Autocommit mode: false
13:55:25.779 [AWT-EventQueue-0]  == INFO  ==  org.hibernate.engine.jdbc.connections.internal.DriverManagerConnectionProviderImpl - HHH000115: Hibernate connection pool size: 20 (min=1)
13:55:26.797 [AWT-EventQueue-0]  == INFO  ==  org.hibernate.dialect.Dialect - HHH000400: Using dialect: org.hibernate.dialect.Oracle10gDialect
13:55:28.076 [AWT-EventQueue-0]  == INFO  ==  org.hibernate.hql.internal.QueryTranslatorFactoryInitiator - HHH000397: Using ASTQueryTranslatorFactory
13:55:32.721 [AWT-EventQueue-0]  == WARN  ==  org.hibernate.engine.jdbc.spi.SqlExceptionHelper - SQL Error: 979, SQLState: 42000
13:55:32.721 [AWT-EventQueue-0]  == ERROR ==  org.hibernate.engine.jdbc.spi.SqlExceptionHelper - ORA-00979: no es una expresión GROUP BY

13:57:20.408 [AWT-EventQueue-0]  == WARN  ==  org.hibernate.engine.jdbc.spi.SqlExceptionHelper - SQL Error: 979, SQLState: 42000
13:57:20.408 [AWT-EventQueue-0]  == ERROR ==  org.hibernate.engine.jdbc.spi.SqlExceptionHelper - ORA-00979: no es una expresión GROUP BY

17:10:42.732 [AWT-EventQueue-0]  == INFO  ==  org.hibernate.jpa.internal.util.LogHelper - HHH000204: Processing PersistenceUnitInfo [
	name: base_datos
	...]
17:10:42.809 [AWT-EventQueue-0]  == INFO  ==  org.hibernate.Version - HHH000412: Hibernate Core {5.2.4.Final}
17:10:42.810 [AWT-EventQueue-0]  == INFO  ==  org.hibernate.cfg.Environment - HHH000206: hibernate.properties not found
17:10:42.811 [AWT-EventQueue-0]  == INFO  ==  org.hibernate.cfg.Environment - HHH000021: Bytecode provider name : javassist
17:10:42.838 [AWT-EventQueue-0]  == INFO  ==  org.hibernate.annotations.common.Version - HCANN000001: Hibernate Commons Annotations {5.0.1.Final}
17:10:43.142 [AWT-EventQueue-0]  == WARN  ==  org.hibernate.orm.connections.pooling - HHH10001002: Using Hibernate built-in connection pool (not for production use!)
17:10:43.165 [AWT-EventQueue-0]  == INFO  ==  org.hibernate.orm.connections.pooling - HHH10001005: using driver [oracle.jdbc.OracleDriver] at URL [jdbc:oracle:thin:@156.35.94.99:1521:DESA]
17:10:43.166 [AWT-EventQueue-0]  == INFO  ==  org.hibernate.orm.connections.pooling - HHH10001001: Connection properties: {user=IPS_2017_2, password=****}
17:10:43.166 [AWT-EventQueue-0]  == INFO  ==  org.hibernate.orm.connections.pooling - HHH10001003: Autocommit mode: false
17:10:43.169 [AWT-EventQueue-0]  == INFO  ==  org.hibernate.engine.jdbc.connections.internal.DriverManagerConnectionProviderImpl - HHH000115: Hibernate connection pool size: 20 (min=1)
17:10:44.034 [AWT-EventQueue-0]  == INFO  ==  org.hibernate.dialect.Dialect - HHH000400: Using dialect: org.hibernate.dialect.Oracle10gDialect
17:10:45.277 [AWT-EventQueue-0]  == INFO  ==  org.hibernate.hql.internal.QueryTranslatorFactoryInitiator - HHH000397: Using ASTQueryTranslatorFactory
17:10:45.416 [AWT-EventQueue-0]  == ERROR ==  org.hibernate.internal.SessionFactoryImpl - HHH000177: Error in named query: Pedido.findPosibleRecoger_NoPedido
org.hibernate.QueryException: could not resolve property: pedido of: model.Pedido [select p from model.Pedido p where (p.pedido != :pedido and p.pedido.pagado = model.types.PedidoPagado.SI and p.estado = model.types.EstadoPedido.POSIBLE_ASOCIAR_OT) order by p.fecha ASC]
	at org.hibernate.QueryException.generateQueryException(QueryException.java:120) ~[hibernate-core-5.2.4.Final.jar:5.2.4.Final]
	at org.hibernate.QueryException.wrapWithQueryString(QueryException.java:103) ~[hibernate-core-5.2.4.Final.jar:5.2.4.Final]
	at org.hibernate.hql.internal.ast.QueryTranslatorImpl.doCompile(QueryTranslatorImpl.java:218) ~[hibernate-core-5.2.4.Final.jar:5.2.4.Final]
	at org.hibernate.hql.internal.ast.QueryTranslatorImpl.compile(QueryTranslatorImpl.java:142) ~[hibernate-core-5.2.4.Final.jar:5.2.4.Final]
	at org.hibernate.engine.query.spi.HQLQueryPlan.<init>(HQLQueryPlan.java:115) ~[hibernate-core-5.2.4.Final.jar:5.2.4.Final]
	at org.hibernate.engine.query.spi.HQLQueryPlan.<init>(HQLQueryPlan.java:77) ~[hibernate-core-5.2.4.Final.jar:5.2.4.Final]
	at org.hibernate.engine.query.spi.QueryPlanCache.getHQLQueryPlan(QueryPlanCache.java:153) ~[hibernate-core-5.2.4.Final.jar:5.2.4.Final]
	at org.hibernate.query.spi.NamedQueryRepository.checkNamedQueries(NamedQueryRepository.java:157) ~[hibernate-core-5.2.4.Final.jar:5.2.4.Final]
	at org.hibernate.internal.SessionFactoryImpl.checkNamedQueries(SessionFactoryImpl.java:525) ~[hibernate-core-5.2.4.Final.jar:5.2.4.Final]
	at org.hibernate.internal.SessionFactoryImpl.<init>(SessionFactoryImpl.java:320) [hibernate-core-5.2.4.Final.jar:5.2.4.Final]
	at org.hibernate.boot.internal.SessionFactoryBuilderImpl.build(SessionFactoryBuilderImpl.java:445) [hibernate-core-5.2.4.Final.jar:5.2.4.Final]
	at org.hibernate.jpa.boot.internal.EntityManagerFactoryBuilderImpl.build(EntityManagerFactoryBuilderImpl.java:877) [hibernate-core-5.2.4.Final.jar:5.2.4.Final]
	at org.hibernate.jpa.HibernatePersistenceProvider.createEntityManagerFactory(HibernatePersistenceProvider.java:58) [hibernate-core-5.2.4.Final.jar:5.2.4.Final]
	at javax.persistence.Persistence.createEntityManagerFactory(Persistence.java:55) [hibernate-jpa-2.1-api-1.0.0.Final.jar:1.0.0.Final]
	at javax.persistence.Persistence.createEntityManagerFactory(Persistence.java:39) [hibernate-jpa-2.1-api-1.0.0.Final.jar:1.0.0.Final]
	at persistence.util.Jpa.getEmf(Jpa.java:35) [bin/:?]
	at persistence.util.Jpa.createEntityManager(Jpa.java:23) [bin/:?]
	at business.impl.util.CommandExecutor.execute(CommandExecutor.java:16) [bin/:?]
	at business.impl.AlmaceneroServiceImpl.login(AlmaceneroServiceImpl.java:20) [bin/:?]
	at ui.almacen.almacenero.PanelOpcionesAlmacenero$1.actionPerformed(PanelOpcionesAlmacenero.java:122) [bin/:?]
	at javax.swing.AbstractButton.fireActionPerformed(Unknown Source) [?:1.8.0_111]
	at javax.swing.AbstractButton$Handler.actionPerformed(Unknown Source) [?:1.8.0_111]
	at javax.swing.DefaultButtonModel.fireActionPerformed(Unknown Source) [?:1.8.0_111]
	at javax.swing.DefaultButtonModel.setPressed(Unknown Source) [?:1.8.0_111]
	at javax.swing.plaf.basic.BasicButtonListener.mouseReleased(Unknown Source) [?:1.8.0_111]
	at java.awt.Component.processMouseEvent(Unknown Source) [?:1.8.0_111]
	at javax.swing.JComponent.processMouseEvent(Unknown Source) [?:1.8.0_111]
	at java.awt.Component.processEvent(Unknown Source) [?:1.8.0_111]
	at java.awt.Container.processEvent(Unknown Source) [?:1.8.0_111]
	at java.awt.Component.dispatchEventImpl(Unknown Source) [?:1.8.0_111]
	at java.awt.Container.dispatchEventImpl(Unknown Source) [?:1.8.0_111]
	at java.awt.Component.dispatchEvent(Unknown Source) [?:1.8.0_111]
	at java.awt.LightweightDispatcher.retargetMouseEvent(Unknown Source) [?:1.8.0_111]
	at java.awt.LightweightDispatcher.processMouseEvent(Unknown Source) [?:1.8.0_111]
	at java.awt.LightweightDispatcher.dispatchEvent(Unknown Source) [?:1.8.0_111]
	at java.awt.Container.dispatchEventImpl(Unknown Source) [?:1.8.0_111]
	at java.awt.Window.dispatchEventImpl(Unknown Source) [?:1.8.0_111]
	at java.awt.Component.dispatchEvent(Unknown Source) [?:1.8.0_111]
	at java.awt.EventQueue.dispatchEventImpl(Unknown Source) [?:1.8.0_111]
	at java.awt.EventQueue.access$500(Unknown Source) [?:1.8.0_111]
	at java.awt.EventQueue$3.run(Unknown Source) [?:1.8.0_111]
	at java.awt.EventQueue$3.run(Unknown Source) [?:1.8.0_111]
	at java.security.AccessController.doPrivileged(Native Method) ~[?:1.8.0_111]
	at java.security.ProtectionDomain$JavaSecurityAccessImpl.doIntersectionPrivilege(Unknown Source) [?:1.8.0_111]
	at java.security.ProtectionDomain$JavaSecurityAccessImpl.doIntersectionPrivilege(Unknown Source) [?:1.8.0_111]
	at java.awt.EventQueue$4.run(Unknown Source) [?:1.8.0_111]
	at java.awt.EventQueue$4.run(Unknown Source) [?:1.8.0_111]
	at java.security.AccessController.doPrivileged(Native Method) ~[?:1.8.0_111]
	at java.security.ProtectionDomain$JavaSecurityAccessImpl.doIntersectionPrivilege(Unknown Source) [?:1.8.0_111]
	at java.awt.EventQueue.dispatchEvent(Unknown Source) [?:1.8.0_111]
	at java.awt.EventDispatchThread.pumpOneEventForFilters(Unknown Source) [?:1.8.0_111]
	at java.awt.EventDispatchThread.pumpEventsForFilter(Unknown Source) [?:1.8.0_111]
	at java.awt.EventDispatchThread.pumpEventsForHierarchy(Unknown Source) [?:1.8.0_111]
	at java.awt.EventDispatchThread.pumpEvents(Unknown Source) [?:1.8.0_111]
	at java.awt.EventDispatchThread.pumpEvents(Unknown Source) [?:1.8.0_111]
	at java.awt.EventDispatchThread.run(Unknown Source) [?:1.8.0_111]
Caused by: org.hibernate.QueryException: could not resolve property: pedido of: model.Pedido
	at org.hibernate.persister.entity.AbstractPropertyMapping.propertyException(AbstractPropertyMapping.java:62) ~[hibernate-core-5.2.4.Final.jar:5.2.4.Final]
	at org.hibernate.persister.entity.AbstractPropertyMapping.toType(AbstractPropertyMapping.java:56) ~[hibernate-core-5.2.4.Final.jar:5.2.4.Final]
	at org.hibernate.persister.entity.AbstractEntityPersister.toType(AbstractEntityPersister.java:1801) ~[hibernate-core-5.2.4.Final.jar:5.2.4.Final]
	at org.hibernate.hql.internal.ast.tree.FromElementType.getPropertyType(FromElementType.java:393) ~[hibernate-core-5.2.4.Final.jar:5.2.4.Final]
	at org.hibernate.hql.internal.ast.tree.FromElement.getPropertyType(FromElement.java:520) ~[hibernate-core-5.2.4.Final.jar:5.2.4.Final]
	at org.hibernate.hql.internal.ast.tree.DotNode.getDataType(DotNode.java:660) ~[hibernate-core-5.2.4.Final.jar:5.2.4.Final]
	at org.hibernate.hql.internal.ast.tree.DotNode.prepareLhs(DotNode.java:264) ~[hibernate-core-5.2.4.Final.jar:5.2.4.Final]
	at org.hibernate.hql.internal.ast.tree.DotNode.resolve(DotNode.java:204) ~[hibernate-core-5.2.4.Final.jar:5.2.4.Final]
	at org.hibernate.hql.internal.ast.tree.FromReferenceNode.resolve(FromReferenceNode.java:109) ~[hibernate-core-5.2.4.Final.jar:5.2.4.Final]
	at org.hibernate.hql.internal.ast.tree.FromReferenceNode.resolve(FromReferenceNode.java:104) ~[hibernate-core-5.2.4.Final.jar:5.2.4.Final]
	at org.hibernate.hql.internal.ast.HqlSqlWalker.resolve(HqlSqlWalker.java:1013) ~[hibernate-core-5.2.4.Final.jar:5.2.4.Final]
	at org.hibernate.hql.internal.antlr.HqlSqlBaseWalker.expr(HqlSqlBaseWalker.java:1286) ~[hibernate-core-5.2.4.Final.jar:5.2.4.Final]
	at org.hibernate.hql.internal.antlr.HqlSqlBaseWalker.exprOrSubquery(HqlSqlBaseWalker.java:4699) ~[hibernate-core-5.2.4.Final.jar:5.2.4.Final]
	at org.hibernate.hql.internal.antlr.HqlSqlBaseWalker.comparisonExpr(HqlSqlBaseWalker.java:4193) ~[hibernate-core-5.2.4.Final.jar:5.2.4.Final]
	at org.hibernate.hql.internal.antlr.HqlSqlBaseWalker.logicalExpr(HqlSqlBaseWalker.java:2134) ~[hibernate-core-5.2.4.Final.jar:5.2.4.Final]
	at org.hibernate.hql.internal.antlr.HqlSqlBaseWalker.logicalExpr(HqlSqlBaseWalker.java:2059) ~[hibernate-core-5.2.4.Final.jar:5.2.4.Final]
	at org.hibernate.hql.internal.antlr.HqlSqlBaseWalker.logicalExpr(HqlSqlBaseWalker.java:2059) ~[hibernate-core-5.2.4.Final.jar:5.2.4.Final]
	at org.hibernate.hql.internal.antlr.HqlSqlBaseWalker.whereClause(HqlSqlBaseWalker.java:813) ~[hibernate-core-5.2.4.Final.jar:5.2.4.Final]
	at org.hibernate.hql.internal.antlr.HqlSqlBaseWalker.query(HqlSqlBaseWalker.java:607) ~[hibernate-core-5.2.4.Final.jar:5.2.4.Final]
	at org.hibernate.hql.internal.antlr.HqlSqlBaseWalker.selectStatement(HqlSqlBaseWalker.java:311) ~[hibernate-core-5.2.4.Final.jar:5.2.4.Final]
	at org.hibernate.hql.internal.antlr.HqlSqlBaseWalker.statement(HqlSqlBaseWalker.java:259) ~[hibernate-core-5.2.4.Final.jar:5.2.4.Final]
	at org.hibernate.hql.internal.ast.QueryTranslatorImpl.analyze(QueryTranslatorImpl.java:262) ~[hibernate-core-5.2.4.Final.jar:5.2.4.Final]
	at org.hibernate.hql.internal.ast.QueryTranslatorImpl.doCompile(QueryTranslatorImpl.java:190) ~[hibernate-core-5.2.4.Final.jar:5.2.4.Final]
	... 53 more
17:10:45.424 [AWT-EventQueue-0]  == INFO  ==  org.hibernate.orm.connections.pooling - HHH10001008: Cleaning up connection pool [jdbc:oracle:thin:@156.35.94.99:1521:DESA]
17:16:01.334 [AWT-EventQueue-0]  == INFO  ==  org.hibernate.jpa.internal.util.LogHelper - HHH000204: Processing PersistenceUnitInfo [
	name: base_datos
	...]
17:16:01.411 [AWT-EventQueue-0]  == INFO  ==  org.hibernate.Version - HHH000412: Hibernate Core {5.2.4.Final}
17:16:01.412 [AWT-EventQueue-0]  == INFO  ==  org.hibernate.cfg.Environment - HHH000206: hibernate.properties not found
17:16:01.413 [AWT-EventQueue-0]  == INFO  ==  org.hibernate.cfg.Environment - HHH000021: Bytecode provider name : javassist
17:16:01.440 [AWT-EventQueue-0]  == INFO  ==  org.hibernate.annotations.common.Version - HCANN000001: Hibernate Commons Annotations {5.0.1.Final}
17:16:01.740 [AWT-EventQueue-0]  == WARN  ==  org.hibernate.orm.connections.pooling - HHH10001002: Using Hibernate built-in connection pool (not for production use!)
17:16:01.763 [AWT-EventQueue-0]  == INFO  ==  org.hibernate.orm.connections.pooling - HHH10001005: using driver [oracle.jdbc.OracleDriver] at URL [jdbc:oracle:thin:@156.35.94.99:1521:DESA]
17:16:01.763 [AWT-EventQueue-0]  == INFO  ==  org.hibernate.orm.connections.pooling - HHH10001001: Connection properties: {user=IPS_2017_2, password=****}
17:16:01.764 [AWT-EventQueue-0]  == INFO  ==  org.hibernate.orm.connections.pooling - HHH10001003: Autocommit mode: false
17:16:01.766 [AWT-EventQueue-0]  == INFO  ==  org.hibernate.engine.jdbc.connections.internal.DriverManagerConnectionProviderImpl - HHH000115: Hibernate connection pool size: 20 (min=1)
17:16:02.686 [AWT-EventQueue-0]  == INFO  ==  org.hibernate.dialect.Dialect - HHH000400: Using dialect: org.hibernate.dialect.Oracle10gDialect
17:16:03.921 [AWT-EventQueue-0]  == INFO  ==  org.hibernate.hql.internal.QueryTranslatorFactoryInitiator - HHH000397: Using ASTQueryTranslatorFactory
17:18:28.216 [AWT-EventQueue-0]  == INFO  ==  org.hibernate.jpa.internal.util.LogHelper - HHH000204: Processing PersistenceUnitInfo [
	name: base_datos
	...]
17:18:28.293 [AWT-EventQueue-0]  == INFO  ==  org.hibernate.Version - HHH000412: Hibernate Core {5.2.4.Final}
17:18:28.294 [AWT-EventQueue-0]  == INFO  ==  org.hibernate.cfg.Environment - HHH000206: hibernate.properties not found
17:18:28.295 [AWT-EventQueue-0]  == INFO  ==  org.hibernate.cfg.Environment - HHH000021: Bytecode provider name : javassist
17:18:28.322 [AWT-EventQueue-0]  == INFO  ==  org.hibernate.annotations.common.Version - HCANN000001: Hibernate Commons Annotations {5.0.1.Final}
17:18:28.617 [AWT-EventQueue-0]  == WARN  ==  org.hibernate.orm.connections.pooling - HHH10001002: Using Hibernate built-in connection pool (not for production use!)
17:18:28.640 [AWT-EventQueue-0]  == INFO  ==  org.hibernate.orm.connections.pooling - HHH10001005: using driver [oracle.jdbc.OracleDriver] at URL [jdbc:oracle:thin:@156.35.94.99:1521:DESA]
17:18:28.641 [AWT-EventQueue-0]  == INFO  ==  org.hibernate.orm.connections.pooling - HHH10001001: Connection properties: {user=IPS_2017_2, password=****}
17:18:28.641 [AWT-EventQueue-0]  == INFO  ==  org.hibernate.orm.connections.pooling - HHH10001003: Autocommit mode: false
17:18:28.643 [AWT-EventQueue-0]  == INFO  ==  org.hibernate.engine.jdbc.connections.internal.DriverManagerConnectionProviderImpl - HHH000115: Hibernate connection pool size: 20 (min=1)
17:18:29.573 [AWT-EventQueue-0]  == INFO  ==  org.hibernate.dialect.Dialect - HHH000400: Using dialect: org.hibernate.dialect.Oracle10gDialect
17:18:30.813 [AWT-EventQueue-0]  == INFO  ==  org.hibernate.hql.internal.QueryTranslatorFactoryInitiator - HHH000397: Using ASTQueryTranslatorFactory
17:19:13.660 [AWT-EventQueue-0]  == INFO  ==  org.hibernate.jpa.internal.util.LogHelper - HHH000204: Processing PersistenceUnitInfo [
	name: base_datos
	...]
17:19:13.737 [AWT-EventQueue-0]  == INFO  ==  org.hibernate.Version - HHH000412: Hibernate Core {5.2.4.Final}
17:19:13.738 [AWT-EventQueue-0]  == INFO  ==  org.hibernate.cfg.Environment - HHH000206: hibernate.properties not found
17:19:13.739 [AWT-EventQueue-0]  == INFO  ==  org.hibernate.cfg.Environment - HHH000021: Bytecode provider name : javassist
17:19:13.768 [AWT-EventQueue-0]  == INFO  ==  org.hibernate.annotations.common.Version - HCANN000001: Hibernate Commons Annotations {5.0.1.Final}
17:19:14.087 [AWT-EventQueue-0]  == WARN  ==  org.hibernate.orm.connections.pooling - HHH10001002: Using Hibernate built-in connection pool (not for production use!)
17:19:14.111 [AWT-EventQueue-0]  == INFO  ==  org.hibernate.orm.connections.pooling - HHH10001005: using driver [oracle.jdbc.OracleDriver] at URL [jdbc:oracle:thin:@156.35.94.99:1521:DESA]
17:19:14.111 [AWT-EventQueue-0]  == INFO  ==  org.hibernate.orm.connections.pooling - HHH10001001: Connection properties: {user=IPS_2017_2, password=****}
17:19:14.111 [AWT-EventQueue-0]  == INFO  ==  org.hibernate.orm.connections.pooling - HHH10001003: Autocommit mode: false
17:19:14.114 [AWT-EventQueue-0]  == INFO  ==  org.hibernate.engine.jdbc.connections.internal.DriverManagerConnectionProviderImpl - HHH000115: Hibernate connection pool size: 20 (min=1)
17:19:15.206 [AWT-EventQueue-0]  == INFO  ==  org.hibernate.dialect.Dialect - HHH000400: Using dialect: org.hibernate.dialect.Oracle10gDialect
17:19:16.395 [AWT-EventQueue-0]  == INFO  ==  org.hibernate.hql.internal.QueryTranslatorFactoryInitiator - HHH000397: Using ASTQueryTranslatorFactory
17:19:47.628 [AWT-EventQueue-0]  == INFO  ==  org.hibernate.jpa.internal.util.LogHelper - HHH000204: Processing PersistenceUnitInfo [
	name: base_datos
	...]
17:19:47.704 [AWT-EventQueue-0]  == INFO  ==  org.hibernate.Version - HHH000412: Hibernate Core {5.2.4.Final}
17:19:47.705 [AWT-EventQueue-0]  == INFO  ==  org.hibernate.cfg.Environment - HHH000206: hibernate.properties not found
17:19:47.706 [AWT-EventQueue-0]  == INFO  ==  org.hibernate.cfg.Environment - HHH000021: Bytecode provider name : javassist
17:19:47.732 [AWT-EventQueue-0]  == INFO  ==  org.hibernate.annotations.common.Version - HCANN000001: Hibernate Commons Annotations {5.0.1.Final}
17:19:48.033 [AWT-EventQueue-0]  == WARN  ==  org.hibernate.orm.connections.pooling - HHH10001002: Using Hibernate built-in connection pool (not for production use!)
17:19:48.057 [AWT-EventQueue-0]  == INFO  ==  org.hibernate.orm.connections.pooling - HHH10001005: using driver [oracle.jdbc.OracleDriver] at URL [jdbc:oracle:thin:@156.35.94.99:1521:DESA]
17:19:48.057 [AWT-EventQueue-0]  == INFO  ==  org.hibernate.orm.connections.pooling - HHH10001001: Connection properties: {user=IPS_2017_2, password=****}
17:19:48.057 [AWT-EventQueue-0]  == INFO  ==  org.hibernate.orm.connections.pooling - HHH10001003: Autocommit mode: false
17:19:48.060 [AWT-EventQueue-0]  == INFO  ==  org.hibernate.engine.jdbc.connections.internal.DriverManagerConnectionProviderImpl - HHH000115: Hibernate connection pool size: 20 (min=1)
17:19:48.892 [AWT-EventQueue-0]  == INFO  ==  org.hibernate.dialect.Dialect - HHH000400: Using dialect: org.hibernate.dialect.Oracle10gDialect
17:19:50.083 [AWT-EventQueue-0]  == INFO  ==  org.hibernate.hql.internal.QueryTranslatorFactoryInitiator - HHH000397: Using ASTQueryTranslatorFactory
17:35:33.732 [AWT-EventQueue-0]  == INFO  ==  org.hibernate.jpa.internal.util.LogHelper - HHH000204: Processing PersistenceUnitInfo [
	name: base_datos
	...]
17:35:33.784 [AWT-EventQueue-0]  == INFO  ==  org.hibernate.Version - HHH000412: Hibernate Core {5.2.4.Final}
17:35:33.785 [AWT-EventQueue-0]  == INFO  ==  org.hibernate.cfg.Environment - HHH000206: hibernate.properties not found
17:35:33.786 [AWT-EventQueue-0]  == INFO  ==  org.hibernate.cfg.Environment - HHH000021: Bytecode provider name : javassist
17:35:33.814 [AWT-EventQueue-0]  == INFO  ==  org.hibernate.annotations.common.Version - HCANN000001: Hibernate Commons Annotations {5.0.1.Final}
17:35:34.134 [AWT-EventQueue-0]  == WARN  ==  org.hibernate.orm.connections.pooling - HHH10001002: Using Hibernate built-in connection pool (not for production use!)
17:35:34.162 [AWT-EventQueue-0]  == INFO  ==  org.hibernate.orm.connections.pooling - HHH10001005: using driver [oracle.jdbc.OracleDriver] at URL [jdbc:oracle:thin:@156.35.94.99:1521:DESA]
17:35:34.162 [AWT-EventQueue-0]  == INFO  ==  org.hibernate.orm.connections.pooling - HHH10001001: Connection properties: {user=IPS_2017_2, password=****}
17:35:34.162 [AWT-EventQueue-0]  == INFO  ==  org.hibernate.orm.connections.pooling - HHH10001003: Autocommit mode: false
17:35:34.165 [AWT-EventQueue-0]  == INFO  ==  org.hibernate.engine.jdbc.connections.internal.DriverManagerConnectionProviderImpl - HHH000115: Hibernate connection pool size: 20 (min=1)
17:35:35.334 [AWT-EventQueue-0]  == INFO  ==  org.hibernate.dialect.Dialect - HHH000400: Using dialect: org.hibernate.dialect.Oracle10gDialect
17:35:36.537 [AWT-EventQueue-0]  == INFO  ==  org.hibernate.hql.internal.QueryTranslatorFactoryInitiator - HHH000397: Using ASTQueryTranslatorFactory
17:39:07.036 [AWT-EventQueue-0]  == INFO  ==  org.hibernate.jpa.internal.util.LogHelper - HHH000204: Processing PersistenceUnitInfo [
	name: base_datos
	...]
17:39:07.111 [AWT-EventQueue-0]  == INFO  ==  org.hibernate.Version - HHH000412: Hibernate Core {5.2.4.Final}
17:39:07.112 [AWT-EventQueue-0]  == INFO  ==  org.hibernate.cfg.Environment - HHH000206: hibernate.properties not found
17:39:07.113 [AWT-EventQueue-0]  == INFO  ==  org.hibernate.cfg.Environment - HHH000021: Bytecode provider name : javassist
17:39:07.140 [AWT-EventQueue-0]  == INFO  ==  org.hibernate.annotations.common.Version - HCANN000001: Hibernate Commons Annotations {5.0.1.Final}
17:39:07.437 [AWT-EventQueue-0]  == WARN  ==  org.hibernate.orm.connections.pooling - HHH10001002: Using Hibernate built-in connection pool (not for production use!)
17:39:07.460 [AWT-EventQueue-0]  == INFO  ==  org.hibernate.orm.connections.pooling - HHH10001005: using driver [oracle.jdbc.OracleDriver] at URL [jdbc:oracle:thin:@156.35.94.99:1521:DESA]
17:39:07.461 [AWT-EventQueue-0]  == INFO  ==  org.hibernate.orm.connections.pooling - HHH10001001: Connection properties: {user=IPS_2017_2, password=****}
17:39:07.461 [AWT-EventQueue-0]  == INFO  ==  org.hibernate.orm.connections.pooling - HHH10001003: Autocommit mode: false
17:39:07.463 [AWT-EventQueue-0]  == INFO  ==  org.hibernate.engine.jdbc.connections.internal.DriverManagerConnectionProviderImpl - HHH000115: Hibernate connection pool size: 20 (min=1)
17:39:08.396 [AWT-EventQueue-0]  == INFO  ==  org.hibernate.dialect.Dialect - HHH000400: Using dialect: org.hibernate.dialect.Oracle10gDialect
17:39:09.592 [AWT-EventQueue-0]  == INFO  ==  org.hibernate.hql.internal.QueryTranslatorFactoryInitiator - HHH000397: Using ASTQueryTranslatorFactory
19:28:54.233 [AWT-EventQueue-0]  == INFO  ==  org.hibernate.jpa.internal.util.LogHelper - HHH000204: Processing PersistenceUnitInfo [
	name: base_datos
	...]
19:28:54.278 [AWT-EventQueue-0]  == INFO  ==  org.hibernate.Version - HHH000412: Hibernate Core {5.2.4.Final}
19:28:54.279 [AWT-EventQueue-0]  == INFO  ==  org.hibernate.cfg.Environment - HHH000206: hibernate.properties not found
19:28:54.281 [AWT-EventQueue-0]  == INFO  ==  org.hibernate.cfg.Environment - HHH000021: Bytecode provider name : javassist
19:28:54.302 [AWT-EventQueue-0]  == INFO  ==  org.hibernate.annotations.common.Version - HCANN000001: Hibernate Commons Annotations {5.0.1.Final}
19:28:54.722 [AWT-EventQueue-0]  == WARN  ==  org.hibernate.orm.connections.pooling - HHH10001002: Using Hibernate built-in connection pool (not for production use!)
19:28:54.749 [AWT-EventQueue-0]  == INFO  ==  org.hibernate.orm.connections.pooling - HHH10001005: using driver [oracle.jdbc.OracleDriver] at URL [jdbc:oracle:thin:@156.35.94.99:1521:DESA]
19:28:54.749 [AWT-EventQueue-0]  == INFO  ==  org.hibernate.orm.connections.pooling - HHH10001001: Connection properties: {user=IPS_2017_2, password=****}
19:28:54.749 [AWT-EventQueue-0]  == INFO  ==  org.hibernate.orm.connections.pooling - HHH10001003: Autocommit mode: false
19:28:54.751 [AWT-EventQueue-0]  == INFO  ==  org.hibernate.engine.jdbc.connections.internal.DriverManagerConnectionProviderImpl - HHH000115: Hibernate connection pool size: 20 (min=1)
19:28:55.476 [AWT-EventQueue-0]  == INFO  ==  org.hibernate.dialect.Dialect - HHH000400: Using dialect: org.hibernate.dialect.Oracle10gDialect
19:29:58.644 [AWT-EventQueue-0]  == INFO  ==  org.hibernate.jpa.internal.util.LogHelper - HHH000204: Processing PersistenceUnitInfo [
	name: base_datos
	...]
19:29:58.690 [AWT-EventQueue-0]  == WARN  ==  org.hibernate.orm.connections.pooling - HHH10001002: Using Hibernate built-in connection pool (not for production use!)
19:29:58.690 [AWT-EventQueue-0]  == INFO  ==  org.hibernate.orm.connections.pooling - HHH10001005: using driver [oracle.jdbc.OracleDriver] at URL [jdbc:oracle:thin:@156.35.94.99:1521:DESA]
19:29:58.690 [AWT-EventQueue-0]  == INFO  ==  org.hibernate.orm.connections.pooling - HHH10001001: Connection properties: {user=IPS_2017_2, password=****}
19:29:58.690 [AWT-EventQueue-0]  == INFO  ==  org.hibernate.orm.connections.pooling - HHH10001003: Autocommit mode: false
19:29:58.690 [AWT-EventQueue-0]  == INFO  ==  org.hibernate.engine.jdbc.connections.internal.DriverManagerConnectionProviderImpl - HHH000115: Hibernate connection pool size: 20 (min=1)
19:29:58.952 [AWT-EventQueue-0]  == INFO  ==  org.hibernate.dialect.Dialect - HHH000400: Using dialect: org.hibernate.dialect.Oracle10gDialect
19:30:43.431 [AWT-EventQueue-0]  == INFO  ==  org.hibernate.jpa.internal.util.LogHelper - HHH000204: Processing PersistenceUnitInfo [
	name: base_datos
	...]
19:30:43.475 [AWT-EventQueue-0]  == INFO  ==  org.hibernate.Version - HHH000412: Hibernate Core {5.2.4.Final}
19:30:43.476 [AWT-EventQueue-0]  == INFO  ==  org.hibernate.cfg.Environment - HHH000206: hibernate.properties not found
19:30:43.477 [AWT-EventQueue-0]  == INFO  ==  org.hibernate.cfg.Environment - HHH000021: Bytecode provider name : javassist
19:30:43.498 [AWT-EventQueue-0]  == INFO  ==  org.hibernate.annotations.common.Version - HCANN000001: Hibernate Commons Annotations {5.0.1.Final}
19:30:43.721 [AWT-EventQueue-0]  == WARN  ==  org.hibernate.orm.connections.pooling - HHH10001002: Using Hibernate built-in connection pool (not for production use!)
19:30:43.740 [AWT-EventQueue-0]  == INFO  ==  org.hibernate.orm.connections.pooling - HHH10001005: using driver [oracle.jdbc.OracleDriver] at URL [jdbc:oracle:thin:@156.35.94.99:1521:DESA]
19:30:43.741 [AWT-EventQueue-0]  == INFO  ==  org.hibernate.orm.connections.pooling - HHH10001001: Connection properties: {user=IPS_2017_2, password=****}
19:30:43.741 [AWT-EventQueue-0]  == INFO  ==  org.hibernate.orm.connections.pooling - HHH10001003: Autocommit mode: false
19:30:43.743 [AWT-EventQueue-0]  == INFO  ==  org.hibernate.engine.jdbc.connections.internal.DriverManagerConnectionProviderImpl - HHH000115: Hibernate connection pool size: 20 (min=1)
19:30:44.417 [AWT-EventQueue-0]  == INFO  ==  org.hibernate.dialect.Dialect - HHH000400: Using dialect: org.hibernate.dialect.Oracle10gDialect
19:31:24.500 [AWT-EventQueue-0]  == INFO  ==  org.hibernate.jpa.internal.util.LogHelper - HHH000204: Processing PersistenceUnitInfo [
	name: base_datos
	...]
19:31:24.547 [AWT-EventQueue-0]  == WARN  ==  org.hibernate.orm.connections.pooling - HHH10001002: Using Hibernate built-in connection pool (not for production use!)
19:31:24.548 [AWT-EventQueue-0]  == INFO  ==  org.hibernate.orm.connections.pooling - HHH10001005: using driver [oracle.jdbc.OracleDriver] at URL [jdbc:oracle:thin:@156.35.94.99:1521:DESA]
19:31:24.548 [AWT-EventQueue-0]  == INFO  ==  org.hibernate.orm.connections.pooling - HHH10001001: Connection properties: {user=IPS_2017_2, password=****}
19:31:24.548 [AWT-EventQueue-0]  == INFO  ==  org.hibernate.orm.connections.pooling - HHH10001003: Autocommit mode: false
19:31:24.548 [AWT-EventQueue-0]  == INFO  ==  org.hibernate.engine.jdbc.connections.internal.DriverManagerConnectionProviderImpl - HHH000115: Hibernate connection pool size: 20 (min=1)
19:31:24.809 [AWT-EventQueue-0]  == INFO  ==  org.hibernate.dialect.Dialect - HHH000400: Using dialect: org.hibernate.dialect.Oracle10gDialect
19:31:25.653 [AWT-EventQueue-0]  == INFO  ==  org.hibernate.hql.internal.QueryTranslatorFactoryInitiator - HHH000397: Using ASTQueryTranslatorFactory
20:04:56.034 [AWT-EventQueue-0]  == INFO  ==  org.hibernate.jpa.internal.util.LogHelper - HHH000204: Processing PersistenceUnitInfo [
	name: base_datos
	...]
20:04:56.079 [AWT-EventQueue-0]  == INFO  ==  org.hibernate.Version - HHH000412: Hibernate Core {5.2.4.Final}
20:04:56.080 [AWT-EventQueue-0]  == INFO  ==  org.hibernate.cfg.Environment - HHH000206: hibernate.properties not found
20:04:56.081 [AWT-EventQueue-0]  == INFO  ==  org.hibernate.cfg.Environment - HHH000021: Bytecode provider name : javassist
20:04:56.102 [AWT-EventQueue-0]  == INFO  ==  org.hibernate.annotations.common.Version - HCANN000001: Hibernate Commons Annotations {5.0.1.Final}
20:04:56.325 [AWT-EventQueue-0]  == WARN  ==  org.hibernate.orm.connections.pooling - HHH10001002: Using Hibernate built-in connection pool (not for production use!)
20:04:56.346 [AWT-EventQueue-0]  == INFO  ==  org.hibernate.orm.connections.pooling - HHH10001005: using driver [oracle.jdbc.OracleDriver] at URL [jdbc:oracle:thin:@156.35.94.99:1521:DESA]
20:04:56.346 [AWT-EventQueue-0]  == INFO  ==  org.hibernate.orm.connections.pooling - HHH10001001: Connection properties: {user=IPS_2017_2, password=****}
20:04:56.346 [AWT-EventQueue-0]  == INFO  ==  org.hibernate.orm.connections.pooling - HHH10001003: Autocommit mode: false
20:04:56.348 [AWT-EventQueue-0]  == INFO  ==  org.hibernate.engine.jdbc.connections.internal.DriverManagerConnectionProviderImpl - HHH000115: Hibernate connection pool size: 20 (min=1)
20:04:57.055 [AWT-EventQueue-0]  == INFO  ==  org.hibernate.dialect.Dialect - HHH000400: Using dialect: org.hibernate.dialect.Oracle10gDialect
20:04:57.990 [AWT-EventQueue-0]  == INFO  ==  org.hibernate.hql.internal.QueryTranslatorFactoryInitiator - HHH000397: Using ASTQueryTranslatorFactory
